# JRE version: OpenJDK Runtime Environment Temurin-21.0.6+7 (21.0.6+7) (build 21.0.6+7-LTS)
# Java VM: OpenJDK 64-Bit Server VM Temurin-21.0.6+7 (21.0.6+7-LTS, mixed mode, sharing, tiered, compressed oops, compressed class ptrs, parallel gc, windows-amd64)
GC Precious Log:
 CardTable entry size: 512
 CPUs: 8 total, 8 available
 Memory: 7886M
 Large Page Support: Disabled
 NUMA Support: Disabled
 Compressed Oops: Enabled (32-bit)
 Alignments: Space 512K, Generation 512K, Heap 2M
 Heap Min Capacity: 100M
 Heap Initial Capacity: 100M
 Heap Max Capacity: 1G
 Pre-touch: Disabled
 Parallel Workers: 8
Heap:
 PSYoungGen      total 21504K, used 14921K [0x00000000eab00000, 0x00000000ec380000, 0x0000000100000000)
  eden space 20992K, 68% used [0x00000000eab00000,0x00000000eb9155f8,0x00000000ebf80000)
  from space 512K, 97% used [0x00000000ec100000,0x00000000ec17ce08,0x00000000ec180000)
  to   space 2048K, 0% used [0x00000000ec180000,0x00000000ec180000,0x00000000ec380000)
 ParOldGen       total 68608K, used 28826K [0x00000000c0000000, 0x00000000c4300000, 0x00000000eab00000)
  object space 68608K, 42% used [0x00000000c0000000,0x00000000c1c26870,0x00000000c4300000)
 Metaspace       used 35958K, committed 36800K, reserved 1114112K
  class space    used 3546K, committed 3904K, reserved 1048576K
GC Heap History (20 events):
Event: 5.782 GC heap before
{Heap before GC invocations=12 (full 1):
 PSYoungGen      total 25600K, used 25523K [0x00000000eab00000, 0x00000000eca00000, 0x0000000100000000)
  eden space 22528K, 100% used [0x00000000eab00000,0x00000000ec100000,0x00000000ec100000)
  from space 3072K, 97% used [0x00000000ec700000,0x00000000ec9ecf58,0x00000000eca00000)
  to   space 4096K, 0% used [0x00000000ec200000,0x00000000ec200000,0x00000000ec600000)
 ParOldGen       total 68608K, used 13386K [0x00000000c0000000, 0x00000000c4300000, 0x00000000eab00000)
  object space 68608K, 19% used [0x00000000c0000000,0x00000000c0d129f8,0x00000000c4300000)
 Metaspace       used 32068K, committed 32960K, reserved 1114112K
  class space    used 3125K, committed 3520K, reserved 1048576K
}
Event: 5.788 GC heap after
{Heap after GC invocations=12 (full 1):
 PSYoungGen      total 25088K, used 2769K [0x00000000eab00000, 0x00000000ec780000, 0x0000000100000000)
  eden space 22016K, 0% used [0x00000000eab00000,0x00000000eab00000,0x00000000ec080000)
  from space 3072K, 90% used [0x00000000ec200000,0x00000000ec4b4460,0x00000000ec500000)
  to   space 2560K, 0% used [0x00000000ec500000,0x00000000ec500000,0x00000000ec780000)
 ParOldGen       total 68608K, used 16194K [0x00000000c0000000, 0x00000000c4300000, 0x00000000eab00000)
  object space 68608K, 23% used [0x00000000c0000000,0x00000000c0fd0958,0x00000000c4300000)
 Metaspace       used 32068K, committed 32960K, reserved 1114112K
  class space    used 3125K, committed 3520K, reserved 1048576K
}
Event: 5.885 GC heap before
{Heap before GC invocations=13 (full 1):
 PSYoungGen      total 25088K, used 24785K [0x00000000eab00000, 0x00000000ec780000, 0x0000000100000000)
  eden space 22016K, 100% used [0x00000000eab00000,0x00000000ec080000,0x00000000ec080000)
  from space 3072K, 90% used [0x00000000ec200000,0x00000000ec4b4460,0x00000000ec500000)
  to   space 2560K, 0% used [0x00000000ec500000,0x00000000ec500000,0x00000000ec780000)
 ParOldGen       total 68608K, used 16194K [0x00000000c0000000, 0x00000000c4300000, 0x00000000eab00000)
  object space 68608K, 23% used [0x00000000c0000000,0x00000000c0fd0958,0x00000000c4300000)
 Metaspace       used 32105K, committed 32960K, reserved 1114112K
  class space    used 3126K, committed 3520K, reserved 1048576K
}
Event: 5.889 GC heap after
{Heap after GC invocations=13 (full 1):
 PSYoungGen      total 23552K, used 2530K [0x00000000eab00000, 0x00000000ecb80000, 0x0000000100000000)
  eden space 20992K, 0% used [0x00000000eab00000,0x00000000eab00000,0x00000000ebf80000)
  from space 2560K, 98% used [0x00000000ec500000,0x00000000ec778810,0x00000000ec780000)
  to   space 5632K, 0% used [0x00000000ebf80000,0x00000000ebf80000,0x00000000ec500000)
 ParOldGen       total 68608K, used 18784K [0x00000000c0000000, 0x00000000c4300000, 0x00000000eab00000)
  object space 68608K, 27% used [0x00000000c0000000,0x00000000c1258348,0x00000000c4300000)
 Metaspace       used 32105K, committed 32960K, reserved 1114112K
  class space    used 3126K, committed 3520K, reserved 1048576K
}
Event: 5.998 GC heap before
{Heap before GC invocations=14 (full 1):
 PSYoungGen      total 23552K, used 23521K [0x00000000eab00000, 0x00000000ecb80000, 0x0000000100000000)
  eden space 20992K, 99% used [0x00000000eab00000,0x00000000ebf7ffa8,0x00000000ebf80000)
  from space 2560K, 98% used [0x00000000ec500000,0x00000000ec778810,0x00000000ec780000)
  to   space 5632K, 0% used [0x00000000ebf80000,0x00000000ebf80000,0x00000000ec500000)
 ParOldGen       total 68608K, used 18784K [0x00000000c0000000, 0x00000000c4300000, 0x00000000eab00000)
  object space 68608K, 27% used [0x00000000c0000000,0x00000000c1258348,0x00000000c4300000)
 Metaspace       used 32132K, committed 33024K, reserved 1114112K
  class space    used 3127K, committed 3520K, reserved 1048576K
}
Event: 6.004 GC heap after
{Heap after GC invocations=14 (full 1):
 PSYoungGen      total 23552K, used 2276K [0x00000000eab00000, 0x00000000ec680000, 0x0000000100000000)
  eden space 20992K, 0% used [0x00000000eab00000,0x00000000eab00000,0x00000000ebf80000)
  from space 2560K, 88% used [0x00000000ebf80000,0x00000000ec1b9000,0x00000000ec200000)
  to   space 3584K, 0% used [0x00000000ec300000,0x00000000ec300000,0x00000000ec680000)
 ParOldGen       total 68608K, used 21208K [0x00000000c0000000, 0x00000000c4300000, 0x00000000eab00000)
  object space 68608K, 30% used [0x00000000c0000000,0x00000000c14b6358,0x00000000c4300000)
 Metaspace       used 32132K, committed 33024K, reserved 1114112K
  class space    used 3127K, committed 3520K, reserved 1048576K
}
Event: 6.084 GC heap before
{Heap before GC invocations=15 (full 1):
 PSYoungGen      total 23552K, used 23268K [0x00000000eab00000, 0x00000000ec680000, 0x0000000100000000)
  eden space 20992K, 100% used [0x00000000eab00000,0x00000000ebf80000,0x00000000ebf80000)
  from space 2560K, 88% used [0x00000000ebf80000,0x00000000ec1b9000,0x00000000ec200000)
  to   space 3584K, 0% used [0x00000000ec300000,0x00000000ec300000,0x00000000ec680000)
 ParOldGen       total 68608K, used 21208K [0x00000000c0000000, 0x00000000c4300000, 0x00000000eab00000)
  object space 68608K, 30% used [0x00000000c0000000,0x00000000c14b6358,0x00000000c4300000)
 Metaspace       used 32181K, committed 33088K, reserved 1114112K
  class space    used 3127K, committed 3520K, reserved 1048576K
}
Event: 6.089 GC heap after
{Heap after GC invocations=15 (full 1):
 PSYoungGen      total 23552K, used 2496K [0x00000000eab00000, 0x00000000ec580000, 0x0000000100000000)
  eden space 20992K, 0% used [0x00000000eab00000,0x00000000eab00000,0x00000000ebf80000)
  from space 2560K, 97% used [0x00000000ec300000,0x00000000ec570010,0x00000000ec580000)
  to   space 3072K, 0% used [0x00000000ebf80000,0x00000000ebf80000,0x00000000ec280000)
 ParOldGen       total 68608K, used 23353K [0x00000000c0000000, 0x00000000c4300000, 0x00000000eab00000)
  object space 68608K, 34% used [0x00000000c0000000,0x00000000c16ce458,0x00000000c4300000)
 Metaspace       used 32181K, committed 33088K, reserved 1114112K
  class space    used 3127K, committed 3520K, reserved 1048576K
}
Event: 6.176 GC heap before
{Heap before GC invocations=16 (full 1):
 PSYoungGen      total 23552K, used 23488K [0x00000000eab00000, 0x00000000ec580000, 0x0000000100000000)
  eden space 20992K, 100% used [0x00000000eab00000,0x00000000ebf80000,0x00000000ebf80000)
  from space 2560K, 97% used [0x00000000ec300000,0x00000000ec570010,0x00000000ec580000)
  to   space 3072K, 0% used [0x00000000ebf80000,0x00000000ebf80000,0x00000000ec280000)
 ParOldGen       total 68608K, used 23353K [0x00000000c0000000, 0x00000000c4300000, 0x00000000eab00000)
  object space 68608K, 34% used [0x00000000c0000000,0x00000000c16ce458,0x00000000c4300000)
 Metaspace       used 32268K, committed 33152K, reserved 1114112K
  class space    used 3127K, committed 3520K, reserved 1048576K
}
Event: 6.181 GC heap after
{Heap after GC invocations=16 (full 1):
 PSYoungGen      total 23552K, used 2136K [0x00000000eab00000, 0x00000000ec480000, 0x0000000100000000)
  eden space 20992K, 0% used [0x00000000eab00000,0x00000000eab00000,0x00000000ebf80000)
  from space 2560K, 83% used [0x00000000ebf80000,0x00000000ec196200,0x00000000ec200000)
  to   space 2560K, 0% used [0x00000000ec200000,0x00000000ec200000,0x00000000ec480000)
 ParOldGen       total 68608K, used 25737K [0x00000000c0000000, 0x00000000c4300000, 0x00000000eab00000)
  object space 68608K, 37% used [0x00000000c0000000,0x00000000c1922468,0x00000000c4300000)
 Metaspace       used 32268K, committed 33152K, reserved 1114112K
  class space    used 3127K, committed 3520K, reserved 1048576K
}
Event: 7.072 GC heap before
{Heap before GC invocations=17 (full 1):
 PSYoungGen      total 23552K, used 23080K [0x00000000eab00000, 0x00000000ec480000, 0x0000000100000000)
  eden space 20992K, 99% used [0x00000000eab00000,0x00000000ebf73f90,0x00000000ebf80000)
  from space 2560K, 83% used [0x00000000ebf80000,0x00000000ec196200,0x00000000ec200000)
  to   space 2560K, 0% used [0x00000000ec200000,0x00000000ec200000,0x00000000ec480000)
 ParOldGen       total 68608K, used 25737K [0x00000000c0000000, 0x00000000c4300000, 0x00000000eab00000)
  object space 68608K, 37% used [0x00000000c0000000,0x00000000c1922468,0x00000000c4300000)
 Metaspace       used 34084K, committed 34944K, reserved 1114112K
  class space    used 3356K, committed 3712K, reserved 1048576K
}
Event: 7.077 GC heap after
{Heap after GC invocations=17 (full 1):
 PSYoungGen      total 22528K, used 1396K [0x00000000eab00000, 0x00000000ec380000, 0x0000000100000000)
  eden space 20992K, 0% used [0x00000000eab00000,0x00000000eab00000,0x00000000ebf80000)
  from space 1536K, 90% used [0x00000000ec200000,0x00000000ec35d3c8,0x00000000ec380000)
  to   space 2048K, 0% used [0x00000000ebf80000,0x00000000ebf80000,0x00000000ec180000)
 ParOldGen       total 68608K, used 27793K [0x00000000c0000000, 0x00000000c4300000, 0x00000000eab00000)
  object space 68608K, 40% used [0x00000000c0000000,0x00000000c1b24668,0x00000000c4300000)
 Metaspace       used 34084K, committed 34944K, reserved 1114112K
  class space    used 3356K, committed 3712K, reserved 1048576K
}
Event: 7.706 GC heap before
{Heap before GC invocations=18 (full 1):
 PSYoungGen      total 22528K, used 22371K [0x00000000eab00000, 0x00000000ec380000, 0x0000000100000000)
  eden space 20992K, 99% used [0x00000000eab00000,0x00000000ebf7ba98,0x00000000ebf80000)
  from space 1536K, 90% used [0x00000000ec200000,0x00000000ec35d3c8,0x00000000ec380000)
  to   space 2048K, 0% used [0x00000000ebf80000,0x00000000ebf80000,0x00000000ec180000)
 ParOldGen       total 68608K, used 27793K [0x00000000c0000000, 0x00000000c4300000, 0x00000000eab00000)
  object space 68608K, 40% used [0x00000000c0000000,0x00000000c1b24668,0x00000000c4300000)
 Metaspace       used 34963K, committed 35840K, reserved 1114112K
  class space    used 3467K, committed 3840K, reserved 1048576K
}
Event: 7.708 GC heap after
{Heap after GC invocations=18 (full 1):
 PSYoungGen      total 23040K, used 468K [0x00000000eab00000, 0x00000000ec280000, 0x0000000100000000)
  eden space 20992K, 0% used [0x00000000eab00000,0x00000000eab00000,0x00000000ebf80000)
  from space 2048K, 22% used [0x00000000ebf80000,0x00000000ebff52d0,0x00000000ec180000)
  to   space 1024K, 0% used [0x00000000ec180000,0x00000000ec180000,0x00000000ec280000)
 ParOldGen       total 68608K, used 29073K [0x00000000c0000000, 0x00000000c4300000, 0x00000000eab00000)
  object space 68608K, 42% used [0x00000000c0000000,0x00000000c1c644f0,0x00000000c4300000)
 Metaspace       used 34963K, committed 35840K, reserved 1114112K
  class space    used 3467K, committed 3840K, reserved 1048576K
}
Event: 7.711 GC heap before
{Heap before GC invocations=19 (full 1):
 PSYoungGen      total 23040K, used 738K [0x00000000eab00000, 0x00000000ec280000, 0x0000000100000000)
  eden space 20992K, 1% used [0x00000000eab00000,0x00000000eab435f0,0x00000000ebf80000)
  from space 2048K, 22% used [0x00000000ebf80000,0x00000000ebff52d0,0x00000000ec180000)
  to   space 1024K, 0% used [0x00000000ec180000,0x00000000ec180000,0x00000000ec280000)
 ParOldGen       total 68608K, used 29073K [0x00000000c0000000, 0x00000000c4300000, 0x00000000eab00000)
  object space 68608K, 42% used [0x00000000c0000000,0x00000000c1c644f0,0x00000000c4300000)
 Metaspace       used 35001K, committed 35840K, reserved 1114112K
  class space    used 3467K, committed 3840K, reserved 1048576K
}
Event: 7.712 GC heap after
{Heap after GC invocations=19 (full 1):
 PSYoungGen      total 21504K, used 224K [0x00000000eab00000, 0x00000000ec200000, 0x0000000100000000)
  eden space 20992K, 0% used [0x00000000eab00000,0x00000000eab00000,0x00000000ebf80000)
  from space 512K, 43% used [0x00000000ec180000,0x00000000ec1b8010,0x00000000ec200000)
  to   space 512K, 0% used [0x00000000ec100000,0x00000000ec100000,0x00000000ec180000)
 ParOldGen       total 68608K, used 29345K [0x00000000c0000000, 0x00000000c4300000, 0x00000000eab00000)
  object space 68608K, 42% used [0x00000000c0000000,0x00000000c1ca84f0,0x00000000c4300000)
 Metaspace       used 35001K, committed 35840K, reserved 1114112K
  class space    used 3467K, committed 3840K, reserved 1048576K
}
Event: 7.712 GC heap before
{Heap before GC invocations=20 (full 2):
 PSYoungGen      total 21504K, used 224K [0x00000000eab00000, 0x00000000ec200000, 0x0000000100000000)
  eden space 20992K, 0% used [0x00000000eab00000,0x00000000eab00000,0x00000000ebf80000)
  from space 512K, 43% used [0x00000000ec180000,0x00000000ec1b8010,0x00000000ec200000)
  to   space 512K, 0% used [0x00000000ec100000,0x00000000ec100000,0x00000000ec180000)
 ParOldGen       total 68608K, used 29345K [0x00000000c0000000, 0x00000000c4300000, 0x00000000eab00000)
  object space 68608K, 42% used [0x00000000c0000000,0x00000000c1ca84f0,0x00000000c4300000)
 Metaspace       used 35001K, committed 35840K, reserved 1114112K
  class space    used 3467K, committed 3840K, reserved 1048576K
}
Event: 7.774 GC heap after
{Heap after GC invocations=20 (full 2):
 PSYoungGen      total 21504K, used 0K [0x00000000eab00000, 0x00000000ec200000, 0x0000000100000000)
  eden space 20992K, 0% used [0x00000000eab00000,0x00000000eab00000,0x00000000ebf80000)
  from space 512K, 0% used [0x00000000ec180000,0x00000000ec180000,0x00000000ec200000)
  to   space 512K, 0% used [0x00000000ec100000,0x00000000ec100000,0x00000000ec180000)
 ParOldGen       total 68608K, used 27856K [0x00000000c0000000, 0x00000000c4300000, 0x00000000eab00000)
  object space 68608K, 40% used [0x00000000c0000000,0x00000000c1b34020,0x00000000c4300000)
 Metaspace       used 34978K, committed 35840K, reserved 1114112K
  class space    used 3461K, committed 3840K, reserved 1048576K
}
Event: 8.119 GC heap before
{Heap before GC invocations=21 (full 2):
 PSYoungGen      total 21504K, used 20992K [0x00000000eab00000, 0x00000000ec200000, 0x0000000100000000)
  eden space 20992K, 100% used [0x00000000eab00000,0x00000000ebf80000,0x00000000ebf80000)
  from space 512K, 0% used [0x00000000ec180000,0x00000000ec180000,0x00000000ec200000)
  to   space 512K, 0% used [0x00000000ec100000,0x00000000ec100000,0x00000000ec180000)
 ParOldGen       total 68608K, used 27856K [0x00000000c0000000, 0x00000000c4300000, 0x00000000eab00000)
  object space 68608K, 40% used [0x00000000c0000000,0x00000000c1b34020,0x00000000c4300000)
 Metaspace       used 35944K, committed 36800K, reserved 1114112K
  class space    used 3546K, committed 3904K, reserved 1048576K
}
Event: 8.121 GC heap after
{Heap after GC invocations=21 (full 2):
 PSYoungGen      total 21504K, used 499K [0x00000000eab00000, 0x00000000ec380000, 0x0000000100000000)
  eden space 20992K, 0% used [0x00000000eab00000,0x00000000eab00000,0x00000000ebf80000)
  from space 512K, 97% used [0x00000000ec100000,0x00000000ec17ce08,0x00000000ec180000)
  to   space 2048K, 0% used [0x00000000ec180000,0x00000000ec180000,0x00000000ec380000)
 ParOldGen       total 68608K, used 28826K [0x00000000c0000000, 0x00000000c4300000, 0x00000000eab00000)
  object space 68608K, 42% used [0x00000000c0000000,0x00000000c1c26870,0x00000000c4300000)
 Metaspace       used 35944K, committed 36800K, reserved 1114112K
  class space    used 3546K, committed 3904K, reserved 1048576K
}

