# JRE version: OpenJDK Runtime Environment Temurin-21.0.6+7 (21.0.6+7) (build 21.0.6+7-LTS)
# Java VM: OpenJDK 64-Bit Server VM Temurin-21.0.6+7 (21.0.6+7-LTS, mixed mode, sharing, tiered, compressed oops, compressed class ptrs, parallel gc, windows-amd64)
GC Precious Log:
 CardTable entry size: 512
 CPUs: 8 total, 8 available
 Memory: 7886M
 Large Page Support: Disabled
 NUMA Support: Disabled
 Compressed Oops: Enabled (32-bit)
 Alignments: Space 512K, Generation 512K, Heap 2M
 Heap Min Capacity: 100M
 Heap Initial Capacity: 100M
 Heap Max Capacity: 1G
 Pre-touch: Disabled
 Parallel Workers: 8
Heap:
 PSYoungGen      total 24576K, used 17616K [0x00000000eab00000, 0x00000000ec700000, 0x0000000100000000)
  eden space 22528K, 69% used [0x00000000eab00000,0x00000000eba598f0,0x00000000ec100000)
  from space 2048K, 92% used [0x00000000ec400000,0x00000000ec5da750,0x00000000ec600000)
  to   space 1024K, 0% used [0x00000000ec600000,0x00000000ec600000,0x00000000ec700000)
 ParOldGen       total 68608K, used 15391K [0x00000000c0000000, 0x00000000c4300000, 0x00000000eab00000)
  object space 68608K, 22% used [0x00000000c0000000,0x00000000c0f07c30,0x00000000c4300000)
 Metaspace       used 32638K, committed 33728K, reserved 1114112K
  class space    used 3157K, committed 3584K, reserved 1048576K
GC Heap History (20 events):
Event: 1.931 GC heap before
{Heap before GC invocations=3 (full 0):
 PSYoungGen      total 29696K, used 29684K [0x00000000eab00000, 0x00000000ecc00000, 0x0000000100000000)
  eden space 25600K, 100% used [0x00000000eab00000,0x00000000ec400000,0x00000000ec400000)
  from space 4096K, 99% used [0x00000000ec800000,0x00000000ecbfd168,0x00000000ecc00000)
  to   space 4096K, 0% used [0x00000000ec400000,0x00000000ec400000,0x00000000ec800000)
 ParOldGen       total 68608K, used 1289K [0x00000000c0000000, 0x00000000c4300000, 0x00000000eab00000)
  object space 68608K, 1% used [0x00000000c0000000,0x00000000c01426a8,0x00000000c4300000)
 Metaspace       used 9151K, committed 9472K, reserved 1114112K
  class space    used 913K, committed 1088K, reserved 1048576K
}
Event: 1.937 GC heap after
{Heap after GC invocations=3 (full 0):
 PSYoungGen      total 29696K, used 4071K [0x00000000eab00000, 0x00000000ecc00000, 0x0000000100000000)
  eden space 25600K, 0% used [0x00000000eab00000,0x00000000eab00000,0x00000000ec400000)
  from space 4096K, 99% used [0x00000000ec400000,0x00000000ec7f9fa8,0x00000000ec800000)
  to   space 4096K, 0% used [0x00000000ec800000,0x00000000ec800000,0x00000000ecc00000)
 ParOldGen       total 68608K, used 5454K [0x00000000c0000000, 0x00000000c4300000, 0x00000000eab00000)
  object space 68608K, 7% used [0x00000000c0000000,0x00000000c0553a00,0x00000000c4300000)
 Metaspace       used 9151K, committed 9472K, reserved 1114112K
  class space    used 913K, committed 1088K, reserved 1048576K
}
Event: 2.358 GC heap before
{Heap before GC invocations=4 (full 0):
 PSYoungGen      total 29696K, used 29671K [0x00000000eab00000, 0x00000000ecc00000, 0x0000000100000000)
  eden space 25600K, 100% used [0x00000000eab00000,0x00000000ec400000,0x00000000ec400000)
  from space 4096K, 99% used [0x00000000ec400000,0x00000000ec7f9fa8,0x00000000ec800000)
  to   space 4096K, 0% used [0x00000000ec800000,0x00000000ec800000,0x00000000ecc00000)
 ParOldGen       total 68608K, used 5454K [0x00000000c0000000, 0x00000000c4300000, 0x00000000eab00000)
  object space 68608K, 7% used [0x00000000c0000000,0x00000000c0553a00,0x00000000c4300000)
 Metaspace       used 12848K, committed 13312K, reserved 1114112K
  class space    used 1287K, committed 1472K, reserved 1048576K
}
Event: 2.364 GC heap after
{Heap after GC invocations=4 (full 0):
 PSYoungGen      total 29696K, used 4086K [0x00000000eab00000, 0x00000000ecc00000, 0x0000000100000000)
  eden space 25600K, 0% used [0x00000000eab00000,0x00000000eab00000,0x00000000ec400000)
  from space 4096K, 99% used [0x00000000ec800000,0x00000000ecbfda70,0x00000000ecc00000)
  to   space 4096K, 0% used [0x00000000ec400000,0x00000000ec400000,0x00000000ec800000)
 ParOldGen       total 68608K, used 6745K [0x00000000c0000000, 0x00000000c4300000, 0x00000000eab00000)
  object space 68608K, 9% used [0x00000000c0000000,0x00000000c06966d0,0x00000000c4300000)
 Metaspace       used 12848K, committed 13312K, reserved 1114112K
  class space    used 1287K, committed 1472K, reserved 1048576K
}
Event: 2.941 GC heap before
{Heap before GC invocations=5 (full 0):
 PSYoungGen      total 29696K, used 29686K [0x00000000eab00000, 0x00000000ecc00000, 0x0000000100000000)
  eden space 25600K, 100% used [0x00000000eab00000,0x00000000ec400000,0x00000000ec400000)
  from space 4096K, 99% used [0x00000000ec800000,0x00000000ecbfda70,0x00000000ecc00000)
  to   space 4096K, 0% used [0x00000000ec400000,0x00000000ec400000,0x00000000ec800000)
 ParOldGen       total 68608K, used 6745K [0x00000000c0000000, 0x00000000c4300000, 0x00000000eab00000)
  object space 68608K, 9% used [0x00000000c0000000,0x00000000c06966d0,0x00000000c4300000)
 Metaspace       used 16398K, committed 17088K, reserved 1114112K
  class space    used 1623K, committed 1920K, reserved 1048576K
}
Event: 2.947 GC heap after
{Heap after GC invocations=5 (full 0):
 PSYoungGen      total 29184K, used 4093K [0x00000000eab00000, 0x00000000ecf80000, 0x0000000100000000)
  eden space 25088K, 0% used [0x00000000eab00000,0x00000000eab00000,0x00000000ec380000)
  from space 4096K, 99% used [0x00000000ec400000,0x00000000ec7ff4f0,0x00000000ec800000)
  to   space 6144K, 0% used [0x00000000ec980000,0x00000000ec980000,0x00000000ecf80000)
 ParOldGen       total 68608K, used 8579K [0x00000000c0000000, 0x00000000c4300000, 0x00000000eab00000)
  object space 68608K, 12% used [0x00000000c0000000,0x00000000c0860fa0,0x00000000c4300000)
 Metaspace       used 16398K, committed 17088K, reserved 1114112K
  class space    used 1623K, committed 1920K, reserved 1048576K
}
Event: 3.442 GC heap before
{Heap before GC invocations=6 (full 0):
 PSYoungGen      total 29184K, used 29181K [0x00000000eab00000, 0x00000000ecf80000, 0x0000000100000000)
  eden space 25088K, 100% used [0x00000000eab00000,0x00000000ec380000,0x00000000ec380000)
  from space 4096K, 99% used [0x00000000ec400000,0x00000000ec7ff4f0,0x00000000ec800000)
  to   space 6144K, 0% used [0x00000000ec980000,0x00000000ec980000,0x00000000ecf80000)
 ParOldGen       total 68608K, used 8579K [0x00000000c0000000, 0x00000000c4300000, 0x00000000eab00000)
  object space 68608K, 12% used [0x00000000c0000000,0x00000000c0860fa0,0x00000000c4300000)
 Metaspace       used 18895K, committed 19712K, reserved 1114112K
  class space    used 1897K, committed 2240K, reserved 1048576K
}
Event: 3.449 GC heap after
{Heap after GC invocations=6 (full 0):
 PSYoungGen      total 29696K, used 4745K [0x00000000eab00000, 0x00000000ece80000, 0x0000000100000000)
  eden space 24576K, 0% used [0x00000000eab00000,0x00000000eab00000,0x00000000ec300000)
  from space 5120K, 92% used [0x00000000ec980000,0x00000000ece22640,0x00000000ece80000)
  to   space 5632K, 0% used [0x00000000ec380000,0x00000000ec380000,0x00000000ec900000)
 ParOldGen       total 68608K, used 8587K [0x00000000c0000000, 0x00000000c4300000, 0x00000000eab00000)
  object space 68608K, 12% used [0x00000000c0000000,0x00000000c0862fa0,0x00000000c4300000)
 Metaspace       used 18895K, committed 19712K, reserved 1114112K
  class space    used 1897K, committed 2240K, reserved 1048576K
}
Event: 3.685 GC heap before
{Heap before GC invocations=7 (full 0):
 PSYoungGen      total 29696K, used 17941K [0x00000000eab00000, 0x00000000ece80000, 0x0000000100000000)
  eden space 24576K, 53% used [0x00000000eab00000,0x00000000eb7e2f68,0x00000000ec300000)
  from space 5120K, 92% used [0x00000000ec980000,0x00000000ece22640,0x00000000ece80000)
  to   space 5632K, 0% used [0x00000000ec380000,0x00000000ec380000,0x00000000ec900000)
 ParOldGen       total 68608K, used 8587K [0x00000000c0000000, 0x00000000c4300000, 0x00000000eab00000)
  object space 68608K, 12% used [0x00000000c0000000,0x00000000c0862fa0,0x00000000c4300000)
 Metaspace       used 20649K, committed 21504K, reserved 1114112K
  class space    used 2089K, committed 2496K, reserved 1048576K
}
Event: 3.689 GC heap after
{Heap after GC invocations=7 (full 0):
 PSYoungGen      total 29184K, used 4449K [0x00000000eab00000, 0x00000000ecd00000, 0x0000000100000000)
  eden space 24576K, 0% used [0x00000000eab00000,0x00000000eab00000,0x00000000ec300000)
  from space 4608K, 96% used [0x00000000ec380000,0x00000000ec7d8488,0x00000000ec800000)
  to   space 5120K, 0% used [0x00000000ec800000,0x00000000ec800000,0x00000000ecd00000)
 ParOldGen       total 68608K, used 9692K [0x00000000c0000000, 0x00000000c4300000, 0x00000000eab00000)
  object space 68608K, 14% used [0x00000000c0000000,0x00000000c09770e0,0x00000000c4300000)
 Metaspace       used 20649K, committed 21504K, reserved 1114112K
  class space    used 2089K, committed 2496K, reserved 1048576K
}
Event: 3.689 GC heap before
{Heap before GC invocations=8 (full 1):
 PSYoungGen      total 29184K, used 4449K [0x00000000eab00000, 0x00000000ecd00000, 0x0000000100000000)
  eden space 24576K, 0% used [0x00000000eab00000,0x00000000eab00000,0x00000000ec300000)
  from space 4608K, 96% used [0x00000000ec380000,0x00000000ec7d8488,0x00000000ec800000)
  to   space 5120K, 0% used [0x00000000ec800000,0x00000000ec800000,0x00000000ecd00000)
 ParOldGen       total 68608K, used 9692K [0x00000000c0000000, 0x00000000c4300000, 0x00000000eab00000)
  object space 68608K, 14% used [0x00000000c0000000,0x00000000c09770e0,0x00000000c4300000)
 Metaspace       used 20649K, committed 21504K, reserved 1114112K
  class space    used 2089K, committed 2496K, reserved 1048576K
}
Event: 3.733 GC heap after
{Heap after GC invocations=8 (full 1):
 PSYoungGen      total 29184K, used 0K [0x00000000eab00000, 0x00000000ecd00000, 0x0000000100000000)
  eden space 24576K, 0% used [0x00000000eab00000,0x00000000eab00000,0x00000000ec300000)
  from space 4608K, 0% used [0x00000000ec380000,0x00000000ec380000,0x00000000ec800000)
  to   space 5120K, 0% used [0x00000000ec800000,0x00000000ec800000,0x00000000ecd00000)
 ParOldGen       total 68608K, used 13101K [0x00000000c0000000, 0x00000000c4300000, 0x00000000eab00000)
  object space 68608K, 19% used [0x00000000c0000000,0x00000000c0ccb678,0x00000000c4300000)
 Metaspace       used 20636K, committed 21504K, reserved 1114112K
  class space    used 2085K, committed 2496K, reserved 1048576K
}
Event: 3.971 GC heap before
{Heap before GC invocations=9 (full 1):
 PSYoungGen      total 29184K, used 24431K [0x00000000eab00000, 0x00000000ecd00000, 0x0000000100000000)
  eden space 24576K, 99% used [0x00000000eab00000,0x00000000ec2dbc98,0x00000000ec300000)
  from space 4608K, 0% used [0x00000000ec380000,0x00000000ec380000,0x00000000ec800000)
  to   space 5120K, 0% used [0x00000000ec800000,0x00000000ec800000,0x00000000ecd00000)
 ParOldGen       total 68608K, used 13101K [0x00000000c0000000, 0x00000000c4300000, 0x00000000eab00000)
  object space 68608K, 19% used [0x00000000c0000000,0x00000000c0ccb678,0x00000000c4300000)
 Metaspace       used 22385K, committed 23168K, reserved 1114112K
  class space    used 2211K, committed 2560K, reserved 1048576K
}
Event: 3.973 GC heap after
{Heap after GC invocations=9 (full 1):
 PSYoungGen      total 25088K, used 780K [0x00000000eab00000, 0x00000000ec900000, 0x0000000100000000)
  eden space 24064K, 0% used [0x00000000eab00000,0x00000000eab00000,0x00000000ec280000)
  from space 1024K, 76% used [0x00000000ec800000,0x00000000ec8c3390,0x00000000ec900000)
  to   space 2560K, 0% used [0x00000000ec400000,0x00000000ec400000,0x00000000ec680000)
 ParOldGen       total 68608K, used 13109K [0x00000000c0000000, 0x00000000c4300000, 0x00000000eab00000)
  object space 68608K, 19% used [0x00000000c0000000,0x00000000c0ccd678,0x00000000c4300000)
 Metaspace       used 22385K, committed 23168K, reserved 1114112K
  class space    used 2211K, committed 2560K, reserved 1048576K
}
Event: 4.219 GC heap before
{Heap before GC invocations=10 (full 1):
 PSYoungGen      total 25088K, used 24844K [0x00000000eab00000, 0x00000000ec900000, 0x0000000100000000)
  eden space 24064K, 100% used [0x00000000eab00000,0x00000000ec280000,0x00000000ec280000)
  from space 1024K, 76% used [0x00000000ec800000,0x00000000ec8c3390,0x00000000ec900000)
  to   space 2560K, 0% used [0x00000000ec400000,0x00000000ec400000,0x00000000ec680000)
 ParOldGen       total 68608K, used 13109K [0x00000000c0000000, 0x00000000c4300000, 0x00000000eab00000)
  object space 68608K, 19% used [0x00000000c0000000,0x00000000c0ccd678,0x00000000c4300000)
 Metaspace       used 25470K, committed 26304K, reserved 1114112K
  class space    used 2428K, committed 2816K, reserved 1048576K
}
Event: 4.221 GC heap after
{Heap after GC invocations=10 (full 1):
 PSYoungGen      total 26112K, used 2233K [0x00000000eab00000, 0x00000000ec880000, 0x0000000100000000)
  eden space 23552K, 0% used [0x00000000eab00000,0x00000000eab00000,0x00000000ec200000)
  from space 2560K, 87% used [0x00000000ec400000,0x00000000ec62e518,0x00000000ec680000)
  to   space 2048K, 0% used [0x00000000ec680000,0x00000000ec680000,0x00000000ec880000)
 ParOldGen       total 68608K, used 13117K [0x00000000c0000000, 0x00000000c4300000, 0x00000000eab00000)
  object space 68608K, 19% used [0x00000000c0000000,0x00000000c0ccf678,0x00000000c4300000)
 Metaspace       used 25470K, committed 26304K, reserved 1114112K
  class space    used 2428K, committed 2816K, reserved 1048576K
}
Event: 4.443 GC heap before
{Heap before GC invocations=11 (full 1):
 PSYoungGen      total 26112K, used 25770K [0x00000000eab00000, 0x00000000ec880000, 0x0000000100000000)
  eden space 23552K, 99% used [0x00000000eab00000,0x00000000ec1fc308,0x00000000ec200000)
  from space 2560K, 87% used [0x00000000ec400000,0x00000000ec62e518,0x00000000ec680000)
  to   space 2048K, 0% used [0x00000000ec680000,0x00000000ec680000,0x00000000ec880000)
 ParOldGen       total 68608K, used 13117K [0x00000000c0000000, 0x00000000c4300000, 0x00000000eab00000)
  object space 68608K, 19% used [0x00000000c0000000,0x00000000c0ccf678,0x00000000c4300000)
 Metaspace       used 27007K, committed 27840K, reserved 1114112K
  class space    used 2524K, committed 2880K, reserved 1048576K
}
Event: 4.446 GC heap after
{Heap after GC invocations=11 (full 1):
 PSYoungGen      total 24576K, used 1433K [0x00000000eab00000, 0x00000000ec800000, 0x0000000100000000)
  eden space 23040K, 0% used [0x00000000eab00000,0x00000000eab00000,0x00000000ec180000)
  from space 1536K, 93% used [0x00000000ec680000,0x00000000ec7e64c8,0x00000000ec800000)
  to   space 2048K, 0% used [0x00000000ec400000,0x00000000ec400000,0x00000000ec600000)
 ParOldGen       total 68608K, used 14171K [0x00000000c0000000, 0x00000000c4300000, 0x00000000eab00000)
  object space 68608K, 20% used [0x00000000c0000000,0x00000000c0dd6e18,0x00000000c4300000)
 Metaspace       used 27007K, committed 27840K, reserved 1114112K
  class space    used 2524K, committed 2880K, reserved 1048576K
}
Event: 4.807 GC heap before
{Heap before GC invocations=12 (full 1):
 PSYoungGen      total 24576K, used 24473K [0x00000000eab00000, 0x00000000ec800000, 0x0000000100000000)
  eden space 23040K, 99% used [0x00000000eab00000,0x00000000ec17ffe0,0x00000000ec180000)
  from space 1536K, 93% used [0x00000000ec680000,0x00000000ec7e64c8,0x00000000ec800000)
  to   space 2048K, 0% used [0x00000000ec400000,0x00000000ec400000,0x00000000ec600000)
 ParOldGen       total 68608K, used 14171K [0x00000000c0000000, 0x00000000c4300000, 0x00000000eab00000)
  object space 68608K, 20% used [0x00000000c0000000,0x00000000c0dd6e18,0x00000000c4300000)
 Metaspace       used 30569K, committed 31616K, reserved 1114112K
  class space    used 2901K, committed 3328K, reserved 1048576K
}
Event: 4.814 GC heap after
{Heap after GC invocations=12 (full 1):
 PSYoungGen      total 24576K, used 1897K [0x00000000eab00000, 0x00000000ec700000, 0x0000000100000000)
  eden space 22528K, 0% used [0x00000000eab00000,0x00000000eab00000,0x00000000ec100000)
  from space 2048K, 92% used [0x00000000ec400000,0x00000000ec5da750,0x00000000ec600000)
  to   space 1024K, 0% used [0x00000000ec600000,0x00000000ec600000,0x00000000ec700000)
 ParOldGen       total 68608K, used 15391K [0x00000000c0000000, 0x00000000c4300000, 0x00000000eab00000)
  object space 68608K, 22% used [0x00000000c0000000,0x00000000c0f07c30,0x00000000c4300000)
 Metaspace       used 30569K, committed 31616K, reserved 1114112K
  class space    used 2901K, committed 3328K, reserved 1048576K
}

