# JRE version: OpenJDK Runtime Environment Temurin-21.0.6+7 (21.0.6+7) (build 21.0.6+7-LTS)
# Java VM: OpenJDK 64-Bit Server VM Temurin-21.0.6+7 (21.0.6+7-LTS, mixed mode, sharing, tiered, compressed oops, compressed class ptrs, parallel gc, windows-amd64)
GC Precious Log:
 CardTable entry size: 512
 CPUs: 8 total, 8 available
 Memory: 7886M
 Large Page Support: Disabled
 NUMA Support: Disabled
 Compressed Oops: Enabled (32-bit)
 Alignments: Space 512K, Generation 512K, Heap 2M
 Heap Min Capacity: 100M
 Heap Initial Capacity: 100M
 Heap Max Capacity: 1G
 Pre-touch: Disabled
 Parallel Workers: 8
Heap:
 PSYoungGen      total 6656K, used 1166K [0x00000000eab00000, 0x00000000eb300000, 0x0000000100000000)
  eden space 5120K, 0% used [0x00000000eab00000,0x00000000eab05340,0x00000000eb000000)
  from space 1536K, 74% used [0x00000000eb000000,0x00000000eb11e638,0x00000000eb180000)
  to   space 1536K, 0% used [0x00000000eb180000,0x00000000eb180000,0x00000000eb300000)
 ParOldGen       total 216064K, used 208469K [0x00000000c0000000, 0x00000000cd300000, 0x00000000eab00000)
  object space 216064K, 96% used [0x00000000c0000000,0x00000000ccb955a8,0x00000000cd300000)
 Metaspace       used 61879K, committed 63232K, reserved 1114112K
  class space    used 6230K, committed 6848K, reserved 1048576K
GC Heap History (20 events):
Event: 34.492 GC heap before
{Heap before GC invocations=175 (full 4):
 PSYoungGen      total 7168K, used 6632K [0x00000000eab00000, 0x00000000eb380000, 0x0000000100000000)
  eden space 5632K, 99% used [0x00000000eab00000,0x00000000eb07fd90,0x00000000eb080000)
  from space 1536K, 65% used [0x00000000eb200000,0x00000000eb2fa5f8,0x00000000eb380000)
  to   space 1536K, 0% used [0x00000000eb080000,0x00000000eb080000,0x00000000eb200000)
 ParOldGen       total 216064K, used 195596K [0x00000000c0000000, 0x00000000cd300000, 0x00000000eab00000)
  object space 216064K, 90% used [0x00000000c0000000,0x00000000cbf03388,0x00000000cd300000)
 Metaspace       used 61420K, committed 62784K, reserved 1114112K
  class space    used 6195K, committed 6784K, reserved 1048576K
}
Event: 34.494 GC heap after
{Heap after GC invocations=175 (full 4):
 PSYoungGen      total 7168K, used 1339K [0x00000000eab00000, 0x00000000eb480000, 0x0000000100000000)
  eden space 5632K, 0% used [0x00000000eab00000,0x00000000eab00000,0x00000000eb080000)
  from space 1536K, 87% used [0x00000000eb080000,0x00000000eb1ced00,0x00000000eb200000)
  to   space 1536K, 0% used [0x00000000eb300000,0x00000000eb300000,0x00000000eb480000)
 ParOldGen       total 216064K, used 196322K [0x00000000c0000000, 0x00000000cd300000, 0x00000000eab00000)
  object space 216064K, 90% used [0x00000000c0000000,0x00000000cbfb8b80,0x00000000cd300000)
 Metaspace       used 61420K, committed 62784K, reserved 1114112K
  class space    used 6195K, committed 6784K, reserved 1048576K
}
Event: 34.540 GC heap before
{Heap before GC invocations=176 (full 4):
 PSYoungGen      total 7168K, used 6971K [0x00000000eab00000, 0x00000000eb480000, 0x0000000100000000)
  eden space 5632K, 100% used [0x00000000eab00000,0x00000000eb080000,0x00000000eb080000)
  from space 1536K, 87% used [0x00000000eb080000,0x00000000eb1ced00,0x00000000eb200000)
  to   space 1536K, 0% used [0x00000000eb300000,0x00000000eb300000,0x00000000eb480000)
 ParOldGen       total 216064K, used 196322K [0x00000000c0000000, 0x00000000cd300000, 0x00000000eab00000)
  object space 216064K, 90% used [0x00000000c0000000,0x00000000cbfb8b80,0x00000000cd300000)
 Metaspace       used 61544K, committed 62912K, reserved 1114112K
  class space    used 6207K, committed 6848K, reserved 1048576K
}
Event: 34.542 GC heap after
{Heap after GC invocations=176 (full 4):
 PSYoungGen      total 7168K, used 1202K [0x00000000eab00000, 0x00000000eb480000, 0x0000000100000000)
  eden space 5632K, 0% used [0x00000000eab00000,0x00000000eab00000,0x00000000eb080000)
  from space 1536K, 78% used [0x00000000eb300000,0x00000000eb42c828,0x00000000eb480000)
  to   space 1536K, 0% used [0x00000000eb080000,0x00000000eb080000,0x00000000eb200000)
 ParOldGen       total 216064K, used 197552K [0x00000000c0000000, 0x00000000cd300000, 0x00000000eab00000)
  object space 216064K, 91% used [0x00000000c0000000,0x00000000cc0ec0b8,0x00000000cd300000)
 Metaspace       used 61544K, committed 62912K, reserved 1114112K
  class space    used 6207K, committed 6848K, reserved 1048576K
}
Event: 34.563 GC heap before
{Heap before GC invocations=177 (full 4):
 PSYoungGen      total 7168K, used 6834K [0x00000000eab00000, 0x00000000eb480000, 0x0000000100000000)
  eden space 5632K, 100% used [0x00000000eab00000,0x00000000eb080000,0x00000000eb080000)
  from space 1536K, 78% used [0x00000000eb300000,0x00000000eb42c828,0x00000000eb480000)
  to   space 1536K, 0% used [0x00000000eb080000,0x00000000eb080000,0x00000000eb200000)
 ParOldGen       total 216064K, used 197552K [0x00000000c0000000, 0x00000000cd300000, 0x00000000eab00000)
  object space 216064K, 91% used [0x00000000c0000000,0x00000000cc0ec0b8,0x00000000cd300000)
 Metaspace       used 61547K, committed 62912K, reserved 1114112K
  class space    used 6208K, committed 6848K, reserved 1048576K
}
Event: 34.565 GC heap after
{Heap after GC invocations=177 (full 4):
 PSYoungGen      total 7168K, used 1466K [0x00000000eab00000, 0x00000000eb380000, 0x0000000100000000)
  eden space 5632K, 0% used [0x00000000eab00000,0x00000000eab00000,0x00000000eb080000)
  from space 1536K, 95% used [0x00000000eb080000,0x00000000eb1ee8c0,0x00000000eb200000)
  to   space 1536K, 0% used [0x00000000eb200000,0x00000000eb200000,0x00000000eb380000)
 ParOldGen       total 216064K, used 198647K [0x00000000c0000000, 0x00000000cd300000, 0x00000000eab00000)
  object space 216064K, 91% used [0x00000000c0000000,0x00000000cc1fde00,0x00000000cd300000)
 Metaspace       used 61547K, committed 62912K, reserved 1114112K
  class space    used 6208K, committed 6848K, reserved 1048576K
}
Event: 34.578 GC heap before
{Heap before GC invocations=178 (full 4):
 PSYoungGen      total 7168K, used 7096K [0x00000000eab00000, 0x00000000eb380000, 0x0000000100000000)
  eden space 5632K, 99% used [0x00000000eab00000,0x00000000eb07f9f8,0x00000000eb080000)
  from space 1536K, 95% used [0x00000000eb080000,0x00000000eb1ee8c0,0x00000000eb200000)
  to   space 1536K, 0% used [0x00000000eb200000,0x00000000eb200000,0x00000000eb380000)
 ParOldGen       total 216064K, used 198647K [0x00000000c0000000, 0x00000000cd300000, 0x00000000eab00000)
  object space 216064K, 91% used [0x00000000c0000000,0x00000000cc1fde00,0x00000000cd300000)
 Metaspace       used 61626K, committed 62976K, reserved 1114112K
  class space    used 6215K, committed 6848K, reserved 1048576K
}
Event: 34.580 GC heap after
{Heap after GC invocations=178 (full 4):
 PSYoungGen      total 7168K, used 1324K [0x00000000eab00000, 0x00000000eb380000, 0x0000000100000000)
  eden space 5632K, 0% used [0x00000000eab00000,0x00000000eab00000,0x00000000eb080000)
  from space 1536K, 86% used [0x00000000eb200000,0x00000000eb34b280,0x00000000eb380000)
  to   space 1536K, 0% used [0x00000000eb080000,0x00000000eb080000,0x00000000eb200000)
 ParOldGen       total 216064K, used 199958K [0x00000000c0000000, 0x00000000cd300000, 0x00000000eab00000)
  object space 216064K, 92% used [0x00000000c0000000,0x00000000cc3458d0,0x00000000cd300000)
 Metaspace       used 61626K, committed 62976K, reserved 1114112K
  class space    used 6215K, committed 6848K, reserved 1048576K
}
Event: 34.595 GC heap before
{Heap before GC invocations=179 (full 4):
 PSYoungGen      total 7168K, used 6956K [0x00000000eab00000, 0x00000000eb380000, 0x0000000100000000)
  eden space 5632K, 100% used [0x00000000eab00000,0x00000000eb080000,0x00000000eb080000)
  from space 1536K, 86% used [0x00000000eb200000,0x00000000eb34b280,0x00000000eb380000)
  to   space 1536K, 0% used [0x00000000eb080000,0x00000000eb080000,0x00000000eb200000)
 ParOldGen       total 216064K, used 199958K [0x00000000c0000000, 0x00000000cd300000, 0x00000000eab00000)
  object space 216064K, 92% used [0x00000000c0000000,0x00000000cc3458d0,0x00000000cd300000)
 Metaspace       used 61768K, committed 63104K, reserved 1114112K
  class space    used 6225K, committed 6848K, reserved 1048576K
}
Event: 34.597 GC heap after
{Heap after GC invocations=179 (full 4):
 PSYoungGen      total 7168K, used 1210K [0x00000000eab00000, 0x00000000eb380000, 0x0000000100000000)
  eden space 5632K, 0% used [0x00000000eab00000,0x00000000eab00000,0x00000000eb080000)
  from space 1536K, 78% used [0x00000000eb080000,0x00000000eb1aeb80,0x00000000eb200000)
  to   space 1536K, 0% used [0x00000000eb200000,0x00000000eb200000,0x00000000eb380000)
 ParOldGen       total 216064K, used 201140K [0x00000000c0000000, 0x00000000cd300000, 0x00000000eab00000)
  object space 216064K, 93% used [0x00000000c0000000,0x00000000cc46d238,0x00000000cd300000)
 Metaspace       used 61768K, committed 63104K, reserved 1114112K
  class space    used 6225K, committed 6848K, reserved 1048576K
}
Event: 34.615 GC heap before
{Heap before GC invocations=180 (full 4):
 PSYoungGen      total 7168K, used 6842K [0x00000000eab00000, 0x00000000eb380000, 0x0000000100000000)
  eden space 5632K, 100% used [0x00000000eab00000,0x00000000eb080000,0x00000000eb080000)
  from space 1536K, 78% used [0x00000000eb080000,0x00000000eb1aeb80,0x00000000eb200000)
  to   space 1536K, 0% used [0x00000000eb200000,0x00000000eb200000,0x00000000eb380000)
 ParOldGen       total 216064K, used 201140K [0x00000000c0000000, 0x00000000cd300000, 0x00000000eab00000)
  object space 216064K, 93% used [0x00000000c0000000,0x00000000cc46d238,0x00000000cd300000)
 Metaspace       used 61855K, committed 63168K, reserved 1114112K
  class space    used 6230K, committed 6848K, reserved 1048576K
}
Event: 34.617 GC heap after
{Heap after GC invocations=180 (full 4):
 PSYoungGen      total 7168K, used 1262K [0x00000000eab00000, 0x00000000eb380000, 0x0000000100000000)
  eden space 5632K, 0% used [0x00000000eab00000,0x00000000eab00000,0x00000000eb080000)
  from space 1536K, 82% used [0x00000000eb200000,0x00000000eb33bb80,0x00000000eb380000)
  to   space 1536K, 0% used [0x00000000eb080000,0x00000000eb080000,0x00000000eb200000)
 ParOldGen       total 216064K, used 202183K [0x00000000c0000000, 0x00000000cd300000, 0x00000000eab00000)
  object space 216064K, 93% used [0x00000000c0000000,0x00000000cc571e88,0x00000000cd300000)
 Metaspace       used 61855K, committed 63168K, reserved 1114112K
  class space    used 6230K, committed 6848K, reserved 1048576K
}
Event: 34.639 GC heap before
{Heap before GC invocations=181 (full 4):
 PSYoungGen      total 7168K, used 6892K [0x00000000eab00000, 0x00000000eb380000, 0x0000000100000000)
  eden space 5632K, 99% used [0x00000000eab00000,0x00000000eb07f7b8,0x00000000eb080000)
  from space 1536K, 82% used [0x00000000eb200000,0x00000000eb33bb80,0x00000000eb380000)
  to   space 1536K, 0% used [0x00000000eb080000,0x00000000eb080000,0x00000000eb200000)
 ParOldGen       total 216064K, used 202183K [0x00000000c0000000, 0x00000000cd300000, 0x00000000eab00000)
  object space 216064K, 93% used [0x00000000c0000000,0x00000000cc571e88,0x00000000cd300000)
 Metaspace       used 61860K, committed 63168K, reserved 1114112K
  class space    used 6230K, committed 6848K, reserved 1048576K
}
Event: 34.640 GC heap after
{Heap after GC invocations=181 (full 4):
 PSYoungGen      total 7168K, used 1162K [0x00000000eab00000, 0x00000000eb380000, 0x0000000100000000)
  eden space 5632K, 0% used [0x00000000eab00000,0x00000000eab00000,0x00000000eb080000)
  from space 1536K, 75% used [0x00000000eb080000,0x00000000eb1a2870,0x00000000eb200000)
  to   space 1536K, 0% used [0x00000000eb200000,0x00000000eb200000,0x00000000eb380000)
 ParOldGen       total 216064K, used 203345K [0x00000000c0000000, 0x00000000cd300000, 0x00000000eab00000)
  object space 216064K, 94% used [0x00000000c0000000,0x00000000cc694670,0x00000000cd300000)
 Metaspace       used 61860K, committed 63168K, reserved 1114112K
  class space    used 6230K, committed 6848K, reserved 1048576K
}
Event: 34.655 GC heap before
{Heap before GC invocations=182 (full 4):
 PSYoungGen      total 7168K, used 6794K [0x00000000eab00000, 0x00000000eb380000, 0x0000000100000000)
  eden space 5632K, 100% used [0x00000000eab00000,0x00000000eb080000,0x00000000eb080000)
  from space 1536K, 75% used [0x00000000eb080000,0x00000000eb1a2870,0x00000000eb200000)
  to   space 1536K, 0% used [0x00000000eb200000,0x00000000eb200000,0x00000000eb380000)
 ParOldGen       total 216064K, used 203345K [0x00000000c0000000, 0x00000000cd300000, 0x00000000eab00000)
  object space 216064K, 94% used [0x00000000c0000000,0x00000000cc694670,0x00000000cd300000)
 Metaspace       used 61867K, committed 63232K, reserved 1114112K
  class space    used 6230K, committed 6848K, reserved 1048576K
}
Event: 34.657 GC heap after
{Heap after GC invocations=182 (full 4):
 PSYoungGen      total 7168K, used 1467K [0x00000000eab00000, 0x00000000eb380000, 0x0000000100000000)
  eden space 5632K, 0% used [0x00000000eab00000,0x00000000eab00000,0x00000000eb080000)
  from space 1536K, 95% used [0x00000000eb200000,0x00000000eb36edf0,0x00000000eb380000)
  to   space 1536K, 0% used [0x00000000eb080000,0x00000000eb080000,0x00000000eb200000)
 ParOldGen       total 216064K, used 204448K [0x00000000c0000000, 0x00000000cd300000, 0x00000000eab00000)
  object space 216064K, 94% used [0x00000000c0000000,0x00000000cc7a8240,0x00000000cd300000)
 Metaspace       used 61867K, committed 63232K, reserved 1114112K
  class space    used 6230K, committed 6848K, reserved 1048576K
}
Event: 34.670 GC heap before
{Heap before GC invocations=183 (full 4):
 PSYoungGen      total 7168K, used 7099K [0x00000000eab00000, 0x00000000eb380000, 0x0000000100000000)
  eden space 5632K, 100% used [0x00000000eab00000,0x00000000eb080000,0x00000000eb080000)
  from space 1536K, 95% used [0x00000000eb200000,0x00000000eb36edf0,0x00000000eb380000)
  to   space 1536K, 0% used [0x00000000eb080000,0x00000000eb080000,0x00000000eb200000)
 ParOldGen       total 216064K, used 204448K [0x00000000c0000000, 0x00000000cd300000, 0x00000000eab00000)
  object space 216064K, 94% used [0x00000000c0000000,0x00000000cc7a8240,0x00000000cd300000)
 Metaspace       used 61870K, committed 63232K, reserved 1114112K
  class space    used 6230K, committed 6848K, reserved 1048576K
}
Event: 34.672 GC heap after
{Heap after GC invocations=183 (full 4):
 PSYoungGen      total 7168K, used 1504K [0x00000000eab00000, 0x00000000eb380000, 0x0000000100000000)
  eden space 5632K, 0% used [0x00000000eab00000,0x00000000eab00000,0x00000000eb080000)
  from space 1536K, 97% used [0x00000000eb080000,0x00000000eb1f80b0,0x00000000eb200000)
  to   space 1536K, 0% used [0x00000000eb200000,0x00000000eb200000,0x00000000eb380000)
 ParOldGen       total 216064K, used 205843K [0x00000000c0000000, 0x00000000cd300000, 0x00000000eab00000)
  object space 216064K, 95% used [0x00000000c0000000,0x00000000cc904d18,0x00000000cd300000)
 Metaspace       used 61870K, committed 63232K, reserved 1114112K
  class space    used 6230K, committed 6848K, reserved 1048576K
}
Event: 34.686 GC heap before
{Heap before GC invocations=184 (full 4):
 PSYoungGen      total 7168K, used 7136K [0x00000000eab00000, 0x00000000eb380000, 0x0000000100000000)
  eden space 5632K, 100% used [0x00000000eab00000,0x00000000eb080000,0x00000000eb080000)
  from space 1536K, 97% used [0x00000000eb080000,0x00000000eb1f80b0,0x00000000eb200000)
  to   space 1536K, 0% used [0x00000000eb200000,0x00000000eb200000,0x00000000eb380000)
 ParOldGen       total 216064K, used 205843K [0x00000000c0000000, 0x00000000cd300000, 0x00000000eab00000)
  object space 216064K, 95% used [0x00000000c0000000,0x00000000cc904d18,0x00000000cd300000)
 Metaspace       used 61873K, committed 63232K, reserved 1114112K
  class space    used 6230K, committed 6848K, reserved 1048576K
}
Event: 34.689 GC heap after
{Heap after GC invocations=184 (full 4):
 PSYoungGen      total 6656K, used 1288K [0x00000000eab00000, 0x00000000eb480000, 0x0000000100000000)
  eden space 5120K, 0% used [0x00000000eab00000,0x00000000eab00000,0x00000000eb000000)
  from space 1536K, 83% used [0x00000000eb200000,0x00000000eb3420c8,0x00000000eb380000)
  to   space 2048K, 0% used [0x00000000eb000000,0x00000000eb000000,0x00000000eb200000)
 ParOldGen       total 216064K, used 207304K [0x00000000c0000000, 0x00000000cd300000, 0x00000000eab00000)
  object space 216064K, 95% used [0x00000000c0000000,0x00000000cca72130,0x00000000cd300000)
 Metaspace       used 61873K, committed 63232K, reserved 1114112K
  class space    used 6230K, committed 6848K, reserved 1048576K
}

