# JRE version: OpenJDK Runtime Environment Temurin-21.0.8+9 (21.0.8+9) (build 21.0.8+9-LTS)
# Java VM: OpenJDK 64-Bit Server VM Temurin-21.0.8+9 (21.0.8+9-LTS, mixed mode, sharing, tiered, compressed oops, compressed class ptrs, parallel gc, windows-amd64)
GC Precious Log:
 CardTable entry size: 512
 CPUs: 8 total, 8 available
 Memory: 7886M
 Large Page Support: Disabled
 NUMA Support: Disabled
 Compressed Oops: Enabled (32-bit)
 Alignments: Space 512K, Generation 512K, Heap 2M
 Heap Min Capacity: 100M
 Heap Initial Capacity: 100M
 Heap Max Capacity: 2G
 Pre-touch: Disabled
 Parallel Workers: 8
Heap:
 PSYoungGen      total 2048K, used 1919K [0x00000000d5580000, 0x00000000d5900000, 0x0000000100000000)
  eden space 1536K, 99% used [0x00000000d5580000,0x00000000d56ffff0,0x00000000d5700000)
  from space 512K, 75% used [0x00000000d5880000,0x00000000d58e0000,0x00000000d5900000)
  to   space 1024K, 63% used [0x00000000d5700000,0x00000000d57a1fa0,0x00000000d5800000)
 ParOldGen       total 340992K, used 340494K [0x0000000080000000, 0x0000000094d00000, 0x00000000d5580000)
  object space 340992K, 99% used [0x0000000080000000,0x0000000094c83878,0x0000000094d00000)
 Metaspace       used 68130K, committed 69568K, reserved 1114112K
  class space    used 7111K, committed 7744K, reserved 1048576K
GC Heap History (20 events):
Event: 41.234 GC heap before
{Heap before GC invocations=389 (full 4):
 PSYoungGen      total 3072K, used 2963K [0x00000000d5580000, 0x00000000d5980000, 0x0000000100000000)
  eden space 2048K, 100% used [0x00000000d5580000,0x00000000d5780000,0x00000000d5780000)
  from space 1024K, 89% used [0x00000000d5880000,0x00000000d5964fd0,0x00000000d5980000)
  to   space 1024K, 0% used [0x00000000d5780000,0x00000000d5780000,0x00000000d5880000)
 ParOldGen       total 331776K, used 331473K [0x0000000080000000, 0x0000000094400000, 0x00000000d5580000)
  object space 331776K, 99% used [0x0000000080000000,0x00000000943b45a8,0x0000000094400000)
 Metaspace       used 67546K, committed 68864K, reserved 1114112K
  class space    used 7047K, committed 7680K, reserved 1048576K
}
Event: 41.239 GC heap after
{Heap after GC invocations=389 (full 4):
 PSYoungGen      total 3072K, used 1007K [0x00000000d5580000, 0x00000000d5c80000, 0x0000000100000000)
  eden space 2048K, 0% used [0x00000000d5580000,0x00000000d5580000,0x00000000d5780000)
  from space 1024K, 98% used [0x00000000d5780000,0x00000000d587bf18,0x00000000d5880000)
  to   space 2560K, 0% used [0x00000000d5a00000,0x00000000d5a00000,0x00000000d5c80000)
 ParOldGen       total 332800K, used 332481K [0x0000000080000000, 0x0000000094500000, 0x00000000d5580000)
  object space 332800K, 99% used [0x0000000080000000,0x00000000944b0488,0x0000000094500000)
 Metaspace       used 67546K, committed 68864K, reserved 1114112K
  class space    used 7047K, committed 7680K, reserved 1048576K
}
Event: 41.257 GC heap before
{Heap before GC invocations=390 (full 4):
 PSYoungGen      total 3072K, used 3055K [0x00000000d5580000, 0x00000000d5c80000, 0x0000000100000000)
  eden space 2048K, 100% used [0x00000000d5580000,0x00000000d5780000,0x00000000d5780000)
  from space 1024K, 98% used [0x00000000d5780000,0x00000000d587bf18,0x00000000d5880000)
  to   space 2560K, 0% used [0x00000000d5a00000,0x00000000d5a00000,0x00000000d5c80000)
 ParOldGen       total 332800K, used 332481K [0x0000000080000000, 0x0000000094500000, 0x00000000d5580000)
  object space 332800K, 99% used [0x0000000080000000,0x00000000944b0488,0x0000000094500000)
 Metaspace       used 67601K, committed 68928K, reserved 1114112K
  class space    used 7057K, committed 7680K, reserved 1048576K
}
Event: 41.261 GC heap after
{Heap after GC invocations=390 (full 4):
 PSYoungGen      total 3584K, used 1119K [0x00000000d5580000, 0x00000000d5b80000, 0x0000000100000000)
  eden space 2048K, 0% used [0x00000000d5580000,0x00000000d5580000,0x00000000d5780000)
  from space 1536K, 72% used [0x00000000d5a00000,0x00000000d5b17f50,0x00000000d5b80000)
  to   space 1536K, 0% used [0x00000000d5880000,0x00000000d5880000,0x00000000d5a00000)
 ParOldGen       total 333824K, used 333502K [0x0000000080000000, 0x0000000094600000, 0x00000000d5580000)
  object space 333824K, 99% used [0x0000000080000000,0x00000000945af8e0,0x0000000094600000)
 Metaspace       used 67601K, committed 68928K, reserved 1114112K
  class space    used 7057K, committed 7680K, reserved 1048576K
}
Event: 41.280 GC heap before
{Heap before GC invocations=391 (full 4):
 PSYoungGen      total 3584K, used 2998K [0x00000000d5580000, 0x00000000d5b80000, 0x0000000100000000)
  eden space 2048K, 91% used [0x00000000d5580000,0x00000000d5755940,0x00000000d5780000)
  from space 1536K, 72% used [0x00000000d5a00000,0x00000000d5b17f50,0x00000000d5b80000)
  to   space 1536K, 0% used [0x00000000d5880000,0x00000000d5880000,0x00000000d5a00000)
 ParOldGen       total 333824K, used 333502K [0x0000000080000000, 0x0000000094600000, 0x00000000d5580000)
  object space 333824K, 99% used [0x0000000080000000,0x00000000945af8e0,0x0000000094600000)
 Metaspace       used 67665K, committed 68992K, reserved 1114112K
  class space    used 7061K, committed 7680K, reserved 1048576K
}
Event: 41.284 GC heap after
{Heap after GC invocations=391 (full 4):
 PSYoungGen      total 3072K, used 675K [0x00000000d5580000, 0x00000000d5a80000, 0x0000000100000000)
  eden space 2048K, 0% used [0x00000000d5580000,0x00000000d5580000,0x00000000d5780000)
  from space 1024K, 65% used [0x00000000d5880000,0x00000000d5928f08,0x00000000d5980000)
  to   space 1024K, 0% used [0x00000000d5980000,0x00000000d5980000,0x00000000d5a80000)
 ParOldGen       total 334848K, used 334489K [0x0000000080000000, 0x0000000094700000, 0x00000000d5580000)
  object space 334848K, 99% used [0x0000000080000000,0x00000000946a6548,0x0000000094700000)
 Metaspace       used 67665K, committed 68992K, reserved 1114112K
  class space    used 7061K, committed 7680K, reserved 1048576K
}
Event: 41.369 GC heap before
{Heap before GC invocations=392 (full 4):
 PSYoungGen      total 3072K, used 2723K [0x00000000d5580000, 0x00000000d5a80000, 0x0000000100000000)
  eden space 2048K, 100% used [0x00000000d5580000,0x00000000d5780000,0x00000000d5780000)
  from space 1024K, 65% used [0x00000000d5880000,0x00000000d5928f08,0x00000000d5980000)
  to   space 1024K, 0% used [0x00000000d5980000,0x00000000d5980000,0x00000000d5a80000)
 ParOldGen       total 334848K, used 334489K [0x0000000080000000, 0x0000000094700000, 0x00000000d5580000)
  object space 334848K, 99% used [0x0000000080000000,0x00000000946a6548,0x0000000094700000)
 Metaspace       used 67714K, committed 69056K, reserved 1114112K
  class space    used 7065K, committed 7680K, reserved 1048576K
}
Event: 41.374 GC heap after
{Heap after GC invocations=392 (full 4):
 PSYoungGen      total 3072K, used 1015K [0x00000000d5580000, 0x00000000d5b80000, 0x0000000100000000)
  eden space 2048K, 0% used [0x00000000d5580000,0x00000000d5580000,0x00000000d5780000)
  from space 1024K, 99% used [0x00000000d5980000,0x00000000d5a7dd90,0x00000000d5a80000)
  to   space 2048K, 0% used [0x00000000d5780000,0x00000000d5780000,0x00000000d5980000)
 ParOldGen       total 335360K, used 335257K [0x0000000080000000, 0x0000000094780000, 0x00000000d5580000)
  object space 335360K, 99% used [0x0000000080000000,0x0000000094766720,0x0000000094780000)
 Metaspace       used 67714K, committed 69056K, reserved 1114112K
  class space    used 7065K, committed 7680K, reserved 1048576K
}
Event: 41.409 GC heap before
{Heap before GC invocations=393 (full 4):
 PSYoungGen      total 3072K, used 3051K [0x00000000d5580000, 0x00000000d5b80000, 0x0000000100000000)
  eden space 2048K, 99% used [0x00000000d5580000,0x00000000d577cfc0,0x00000000d5780000)
  from space 1024K, 99% used [0x00000000d5980000,0x00000000d5a7dd90,0x00000000d5a80000)
  to   space 2048K, 0% used [0x00000000d5780000,0x00000000d5780000,0x00000000d5980000)
 ParOldGen       total 335360K, used 335257K [0x0000000080000000, 0x0000000094780000, 0x00000000d5580000)
  object space 335360K, 99% used [0x0000000080000000,0x0000000094766720,0x0000000094780000)
 Metaspace       used 67765K, committed 69056K, reserved 1114112K
  class space    used 7078K, committed 7680K, reserved 1048576K
}
Event: 41.415 GC heap after
{Heap after GC invocations=393 (full 4):
 PSYoungGen      total 3584K, used 1355K [0x00000000d5580000, 0x00000000d5a80000, 0x0000000100000000)
  eden space 2048K, 0% used [0x00000000d5580000,0x00000000d5580000,0x00000000d5780000)
  from space 1536K, 88% used [0x00000000d5780000,0x00000000d58d2f70,0x00000000d5900000)
  to   space 1536K, 0% used [0x00000000d5900000,0x00000000d5900000,0x00000000d5a80000)
 ParOldGen       total 336384K, used 336223K [0x0000000080000000, 0x0000000094880000, 0x00000000d5580000)
  object space 336384K, 99% used [0x0000000080000000,0x0000000094857e10,0x0000000094880000)
 Metaspace       used 67765K, committed 69056K, reserved 1114112K
  class space    used 7078K, committed 7680K, reserved 1048576K
}
Event: 41.433 GC heap before
{Heap before GC invocations=394 (full 4):
 PSYoungGen      total 3584K, used 3403K [0x00000000d5580000, 0x00000000d5a80000, 0x0000000100000000)
  eden space 2048K, 100% used [0x00000000d5580000,0x00000000d5780000,0x00000000d5780000)
  from space 1536K, 88% used [0x00000000d5780000,0x00000000d58d2f70,0x00000000d5900000)
  to   space 1536K, 0% used [0x00000000d5900000,0x00000000d5900000,0x00000000d5a80000)
 ParOldGen       total 336384K, used 336223K [0x0000000080000000, 0x0000000094880000, 0x00000000d5580000)
  object space 336384K, 99% used [0x0000000080000000,0x0000000094857e10,0x0000000094880000)
 Metaspace       used 67831K, committed 69248K, reserved 1114112K
  class space    used 7085K, committed 7744K, reserved 1048576K
}
Event: 41.437 GC heap after
{Heap after GC invocations=394 (full 4):
 PSYoungGen      total 3072K, used 720K [0x00000000d5580000, 0x00000000d5a00000, 0x0000000100000000)
  eden space 2048K, 0% used [0x00000000d5580000,0x00000000d5580000,0x00000000d5780000)
  from space 1024K, 70% used [0x00000000d5900000,0x00000000d59b4020,0x00000000d5a00000)
  to   space 1024K, 0% used [0x00000000d5800000,0x00000000d5800000,0x00000000d5900000)
 ParOldGen       total 337920K, used 337433K [0x0000000080000000, 0x0000000094a00000, 0x00000000d5580000)
  object space 337920K, 99% used [0x0000000080000000,0x0000000094986468,0x0000000094a00000)
 Metaspace       used 67831K, committed 69248K, reserved 1114112K
  class space    used 7085K, committed 7744K, reserved 1048576K
}
Event: 41.491 GC heap before
{Heap before GC invocations=395 (full 4):
 PSYoungGen      total 3072K, used 2768K [0x00000000d5580000, 0x00000000d5a00000, 0x0000000100000000)
  eden space 2048K, 100% used [0x00000000d5580000,0x00000000d5780000,0x00000000d5780000)
  from space 1024K, 70% used [0x00000000d5900000,0x00000000d59b4020,0x00000000d5a00000)
  to   space 1024K, 0% used [0x00000000d5800000,0x00000000d5800000,0x00000000d5900000)
 ParOldGen       total 337920K, used 337433K [0x0000000080000000, 0x0000000094a00000, 0x00000000d5580000)
  object space 337920K, 99% used [0x0000000080000000,0x0000000094986468,0x0000000094a00000)
 Metaspace       used 67919K, committed 69376K, reserved 1114112K
  class space    used 7093K, committed 7744K, reserved 1048576K
}
Event: 41.494 GC heap after
{Heap after GC invocations=395 (full 4):
 PSYoungGen      total 3072K, used 640K [0x00000000d5580000, 0x00000000d5980000, 0x0000000100000000)
  eden space 2048K, 0% used [0x00000000d5580000,0x00000000d5580000,0x00000000d5780000)
  from space 1024K, 62% used [0x00000000d5800000,0x00000000d58a0000,0x00000000d5900000)
  to   space 512K, 0% used [0x00000000d5900000,0x00000000d5900000,0x00000000d5980000)
 ParOldGen       total 338432K, used 338095K [0x0000000080000000, 0x0000000094a80000, 0x00000000d5580000)
  object space 338432K, 99% used [0x0000000080000000,0x0000000094a2bf30,0x0000000094a80000)
 Metaspace       used 67919K, committed 69376K, reserved 1114112K
  class space    used 7093K, committed 7744K, reserved 1048576K
}
Event: 41.553 GC heap before
{Heap before GC invocations=396 (full 4):
 PSYoungGen      total 3072K, used 2688K [0x00000000d5580000, 0x00000000d5980000, 0x0000000100000000)
  eden space 2048K, 100% used [0x00000000d5580000,0x00000000d5780000,0x00000000d5780000)
  from space 1024K, 62% used [0x00000000d5800000,0x00000000d58a0000,0x00000000d5900000)
  to   space 512K, 0% used [0x00000000d5900000,0x00000000d5900000,0x00000000d5980000)
 ParOldGen       total 338432K, used 338095K [0x0000000080000000, 0x0000000094a80000, 0x00000000d5580000)
  object space 338432K, 99% used [0x0000000080000000,0x0000000094a2bf30,0x0000000094a80000)
 Metaspace       used 67972K, committed 69376K, reserved 1114112K
  class space    used 7103K, committed 7744K, reserved 1048576K
}
Event: 41.558 GC heap after
{Heap after GC invocations=396 (full 4):
 PSYoungGen      total 2048K, used 512K [0x00000000d5580000, 0x00000000d5b80000, 0x0000000100000000)
  eden space 1536K, 0% used [0x00000000d5580000,0x00000000d5580000,0x00000000d5700000)
  from space 512K, 100% used [0x00000000d5900000,0x00000000d5980000,0x00000000d5980000)
  to   space 2048K, 0% used [0x00000000d5700000,0x00000000d5700000,0x00000000d5900000)
 ParOldGen       total 339456K, used 339038K [0x0000000080000000, 0x0000000094b80000, 0x00000000d5580000)
  object space 339456K, 99% used [0x0000000080000000,0x0000000094b17988,0x0000000094b80000)
 Metaspace       used 67972K, committed 69376K, reserved 1114112K
  class space    used 7103K, committed 7744K, reserved 1048576K
}
Event: 41.579 GC heap before
{Heap before GC invocations=397 (full 4):
 PSYoungGen      total 2048K, used 2048K [0x00000000d5580000, 0x00000000d5b80000, 0x0000000100000000)
  eden space 1536K, 100% used [0x00000000d5580000,0x00000000d5700000,0x00000000d5700000)
  from space 512K, 100% used [0x00000000d5900000,0x00000000d5980000,0x00000000d5980000)
  to   space 2048K, 0% used [0x00000000d5700000,0x00000000d5700000,0x00000000d5900000)
 ParOldGen       total 339456K, used 339038K [0x0000000080000000, 0x0000000094b80000, 0x00000000d5580000)
  object space 339456K, 99% used [0x0000000080000000,0x0000000094b17988,0x0000000094b80000)
 Metaspace       used 67999K, committed 69440K, reserved 1114112K
  class space    used 7103K, committed 7744K, reserved 1048576K
}
Event: 41.583 GC heap after
{Heap after GC invocations=397 (full 4):
 PSYoungGen      total 2560K, used 800K [0x00000000d5580000, 0x00000000d5a00000, 0x0000000100000000)
  eden space 1536K, 0% used [0x00000000d5580000,0x00000000d5580000,0x00000000d5700000)
  from space 1024K, 78% used [0x00000000d5700000,0x00000000d57c8000,0x00000000d5800000)
  to   space 1536K, 0% used [0x00000000d5880000,0x00000000d5880000,0x00000000d5a00000)
 ParOldGen       total 339968K, used 339581K [0x0000000080000000, 0x0000000094c00000, 0x00000000d5580000)
  object space 339968K, 99% used [0x0000000080000000,0x0000000094b9f430,0x0000000094c00000)
 Metaspace       used 67999K, committed 69440K, reserved 1114112K
  class space    used 7103K, committed 7744K, reserved 1048576K
}
Event: 41.613 GC heap before
{Heap before GC invocations=398 (full 4):
 PSYoungGen      total 2560K, used 2336K [0x00000000d5580000, 0x00000000d5a00000, 0x0000000100000000)
  eden space 1536K, 100% used [0x00000000d5580000,0x00000000d5700000,0x00000000d5700000)
  from space 1024K, 78% used [0x00000000d5700000,0x00000000d57c8000,0x00000000d5800000)
  to   space 1536K, 0% used [0x00000000d5880000,0x00000000d5880000,0x00000000d5a00000)
 ParOldGen       total 339968K, used 339581K [0x0000000080000000, 0x0000000094c00000, 0x00000000d5580000)
  object space 339968K, 99% used [0x0000000080000000,0x0000000094b9f430,0x0000000094c00000)
 Metaspace       used 68055K, committed 69440K, reserved 1114112K
  class space    used 7106K, committed 7744K, reserved 1048576K
}
Event: 41.615 GC heap after
{Heap after GC invocations=398 (full 4):
 PSYoungGen      total 2048K, used 384K [0x00000000d5580000, 0x00000000d5900000, 0x0000000100000000)
  eden space 1536K, 0% used [0x00000000d5580000,0x00000000d5580000,0x00000000d5700000)
  from space 512K, 75% used [0x00000000d5880000,0x00000000d58e0000,0x00000000d5900000)
  to   space 1024K, 0% used [0x00000000d5700000,0x00000000d5700000,0x00000000d5800000)
 ParOldGen       total 340480K, used 340214K [0x0000000080000000, 0x0000000094c80000, 0x00000000d5580000)
  object space 340480K, 99% used [0x0000000080000000,0x0000000094c3d868,0x0000000094c80000)
 Metaspace       used 68055K, committed 69440K, reserved 1114112K
  class space    used 7106K, committed 7744K, reserved 1048576K
}

