# JRE version: OpenJDK Runtime Environment Temurin-17.0.11+9 (17.0.11+9) (build 17.0.11+9)
# Java VM: OpenJDK 64-Bit Server VM Temurin-17.0.11+9 (17.0.11+9, mixed mode, tiered, compressed oops, compressed class ptrs, parallel gc, windows-amd64)
GC Precious Log:
 CPUs: 8 total, 8 available
 Memory: 7886M
 Large Page Support: Disabled
 NUMA Support: Disabled
 Compressed Oops: Enabled (32-bit)
 Alignments: Space 512K, Generation 512K, Heap 2M
 Heap Min Capacity: 100M
 Heap Initial Capacity: 100M
 Heap Max Capacity: 1G
 Pre-touch: Disabled
 Parallel Workers: 8
Heap:
 PSYoungGen      total 21504K, used 9807K [0x00000000eab00000, 0x00000000ec180000, 0x0000000100000000)
  eden space 19968K, 41% used [0x00000000eab00000,0x00000000eb31b908,0x00000000ebe80000)
  from space 1536K, 97% used [0x00000000ebe80000,0x00000000ebff84a0,0x00000000ec000000)
  to   space 1536K, 0% used [0x00000000ec000000,0x00000000ec000000,0x00000000ec180000)
 ParOldGen       total 79872K, used 70554K [0x00000000c0000000, 0x00000000c4e00000, 0x00000000eab00000)
  object space 79872K, 88% used [0x00000000c0000000,0x00000000c44e6888,0x00000000c4e00000)
 Metaspace       used 66482K, committed 67520K, reserved 1114112K
  class space    used 6987K, committed 7424K, reserved 1048576K
GC Heap History (20 events):
Event: 7.218 GC heap before
{Heap before GC invocations=29 (full 2):
 PSYoungGen      total 20992K, used 20904K [0x00000000eab00000, 0x00000000ec280000, 0x0000000100000000)
  eden space 19968K, 100% used [0x00000000eab00000,0x00000000ebe80000,0x00000000ebe80000)
  from space 1024K, 91% used [0x00000000ec180000,0x00000000ec26a340,0x00000000ec280000)
  to   space 1536K, 0% used [0x00000000ebf80000,0x00000000ebf80000,0x00000000ec100000)
 ParOldGen       total 68608K, used 37323K [0x00000000c0000000, 0x00000000c4300000, 0x00000000eab00000)
  object space 68608K, 54% used [0x00000000c0000000,0x00000000c2472dc8,0x00000000c4300000)
 Metaspace       used 58400K, committed 59328K, reserved 1114112K
  class space    used 6229K, committed 6656K, reserved 1048576K
}
Event: 7.219 GC heap after
{Heap after GC invocations=29 (full 2):
 PSYoungGen      total 21504K, used 384K [0x00000000eab00000, 0x00000000ec200000, 0x0000000100000000)
  eden space 19968K, 0% used [0x00000000eab00000,0x00000000eab00000,0x00000000ebe80000)
  from space 1536K, 25% used [0x00000000ebf80000,0x00000000ebfe0010,0x00000000ec100000)
  to   space 1024K, 0% used [0x00000000ec100000,0x00000000ec100000,0x00000000ec200000)
 ParOldGen       total 68608K, used 37363K [0x00000000c0000000, 0x00000000c4300000, 0x00000000eab00000)
  object space 68608K, 54% used [0x00000000c0000000,0x00000000c247cdc8,0x00000000c4300000)
 Metaspace       used 58400K, committed 59328K, reserved 1114112K
  class space    used 6229K, committed 6656K, reserved 1048576K
}
Event: 7.410 GC heap before
{Heap before GC invocations=30 (full 2):
 PSYoungGen      total 21504K, used 6005K [0x00000000eab00000, 0x00000000ec200000, 0x0000000100000000)
  eden space 19968K, 28% used [0x00000000eab00000,0x00000000eb07d780,0x00000000ebe80000)
  from space 1536K, 25% used [0x00000000ebf80000,0x00000000ebfe0010,0x00000000ec100000)
  to   space 1024K, 0% used [0x00000000ec100000,0x00000000ec100000,0x00000000ec200000)
 ParOldGen       total 68608K, used 37363K [0x00000000c0000000, 0x00000000c4300000, 0x00000000eab00000)
  object space 68608K, 54% used [0x00000000c0000000,0x00000000c247cdc8,0x00000000c4300000)
 Metaspace       used 58809K, committed 59776K, reserved 1114112K
  class space    used 6257K, committed 6720K, reserved 1048576K
}
Event: 7.412 GC heap after
{Heap after GC invocations=30 (full 2):
 PSYoungGen      total 20480K, used 320K [0x00000000eab00000, 0x00000000ec180000, 0x0000000100000000)
  eden space 19968K, 0% used [0x00000000eab00000,0x00000000eab00000,0x00000000ebe80000)
  from space 512K, 62% used [0x00000000ec100000,0x00000000ec150000,0x00000000ec180000)
  to   space 512K, 0% used [0x00000000ec080000,0x00000000ec080000,0x00000000ec100000)
 ParOldGen       total 68608K, used 37483K [0x00000000c0000000, 0x00000000c4300000, 0x00000000eab00000)
  object space 68608K, 54% used [0x00000000c0000000,0x00000000c249adc8,0x00000000c4300000)
 Metaspace       used 58809K, committed 59776K, reserved 1114112K
  class space    used 6257K, committed 6720K, reserved 1048576K
}
Event: 7.412 GC heap before
{Heap before GC invocations=31 (full 3):
 PSYoungGen      total 20480K, used 320K [0x00000000eab00000, 0x00000000ec180000, 0x0000000100000000)
  eden space 19968K, 0% used [0x00000000eab00000,0x00000000eab00000,0x00000000ebe80000)
  from space 512K, 62% used [0x00000000ec100000,0x00000000ec150000,0x00000000ec180000)
  to   space 512K, 0% used [0x00000000ec080000,0x00000000ec080000,0x00000000ec100000)
 ParOldGen       total 68608K, used 37483K [0x00000000c0000000, 0x00000000c4300000, 0x00000000eab00000)
  object space 68608K, 54% used [0x00000000c0000000,0x00000000c249adc8,0x00000000c4300000)
 Metaspace       used 58809K, committed 59776K, reserved 1114112K
  class space    used 6257K, committed 6720K, reserved 1048576K
}
Event: 7.488 GC heap after
{Heap after GC invocations=31 (full 3):
 PSYoungGen      total 20480K, used 0K [0x00000000eab00000, 0x00000000ec180000, 0x0000000100000000)
  eden space 19968K, 0% used [0x00000000eab00000,0x00000000eab00000,0x00000000ebe80000)
  from space 512K, 0% used [0x00000000ec100000,0x00000000ec100000,0x00000000ec180000)
  to   space 512K, 0% used [0x00000000ec080000,0x00000000ec080000,0x00000000ec100000)
 ParOldGen       total 68608K, used 35126K [0x00000000c0000000, 0x00000000c4300000, 0x00000000eab00000)
  object space 68608K, 51% used [0x00000000c0000000,0x00000000c224db40,0x00000000c4300000)
 Metaspace       used 58800K, committed 59776K, reserved 1114112K
  class space    used 6254K, committed 6720K, reserved 1048576K
}
Event: 7.796 GC heap before
{Heap before GC invocations=32 (full 3):
 PSYoungGen      total 20480K, used 19967K [0x00000000eab00000, 0x00000000ec180000, 0x0000000100000000)
  eden space 19968K, 99% used [0x00000000eab00000,0x00000000ebe7fff8,0x00000000ebe80000)
  from space 512K, 0% used [0x00000000ec100000,0x00000000ec100000,0x00000000ec180000)
  to   space 512K, 0% used [0x00000000ec080000,0x00000000ec080000,0x00000000ec100000)
 ParOldGen       total 68608K, used 35126K [0x00000000c0000000, 0x00000000c4300000, 0x00000000eab00000)
  object space 68608K, 51% used [0x00000000c0000000,0x00000000c224db40,0x00000000c4300000)
 Metaspace       used 60803K, committed 61824K, reserved 1114112K
  class space    used 6467K, committed 6912K, reserved 1048576K
}
Event: 7.798 GC heap after
{Heap after GC invocations=32 (full 3):
 PSYoungGen      total 20480K, used 480K [0x00000000eab00000, 0x00000000ec180000, 0x0000000100000000)
  eden space 19968K, 0% used [0x00000000eab00000,0x00000000eab00000,0x00000000ebe80000)
  from space 512K, 93% used [0x00000000ec080000,0x00000000ec0f8010,0x00000000ec100000)
  to   space 512K, 0% used [0x00000000ec100000,0x00000000ec100000,0x00000000ec180000)
 ParOldGen       total 68608K, used 35473K [0x00000000c0000000, 0x00000000c4300000, 0x00000000eab00000)
  object space 68608K, 51% used [0x00000000c0000000,0x00000000c22a4590,0x00000000c4300000)
 Metaspace       used 60803K, committed 61824K, reserved 1114112K
  class space    used 6467K, committed 6912K, reserved 1048576K
}
Event: 8.174 GC heap before
{Heap before GC invocations=33 (full 3):
 PSYoungGen      total 20480K, used 20448K [0x00000000eab00000, 0x00000000ec180000, 0x0000000100000000)
  eden space 19968K, 100% used [0x00000000eab00000,0x00000000ebe80000,0x00000000ebe80000)
  from space 512K, 93% used [0x00000000ec080000,0x00000000ec0f8010,0x00000000ec100000)
  to   space 512K, 0% used [0x00000000ec100000,0x00000000ec100000,0x00000000ec180000)
 ParOldGen       total 68608K, used 35473K [0x00000000c0000000, 0x00000000c4300000, 0x00000000eab00000)
  object space 68608K, 51% used [0x00000000c0000000,0x00000000c22a4590,0x00000000c4300000)
 Metaspace       used 63268K, committed 64384K, reserved 1114112K
  class space    used 6718K, committed 7232K, reserved 1048576K
}
Event: 8.176 GC heap after
{Heap after GC invocations=33 (full 3):
 PSYoungGen      total 20480K, used 493K [0x00000000eab00000, 0x00000000ec280000, 0x0000000100000000)
  eden space 19968K, 0% used [0x00000000eab00000,0x00000000eab00000,0x00000000ebe80000)
  from space 512K, 96% used [0x00000000ec100000,0x00000000ec17b4b8,0x00000000ec180000)
  to   space 2048K, 0% used [0x00000000ebe80000,0x00000000ebe80000,0x00000000ec080000)
 ParOldGen       total 68608K, used 36537K [0x00000000c0000000, 0x00000000c4300000, 0x00000000eab00000)
  object space 68608K, 53% used [0x00000000c0000000,0x00000000c23ae580,0x00000000c4300000)
 Metaspace       used 63268K, committed 64384K, reserved 1114112K
  class space    used 6718K, committed 7232K, reserved 1048576K
}
Event: 8.618 GC heap before
{Heap before GC invocations=34 (full 3):
 PSYoungGen      total 20480K, used 20461K [0x00000000eab00000, 0x00000000ec280000, 0x0000000100000000)
  eden space 19968K, 100% used [0x00000000eab00000,0x00000000ebe80000,0x00000000ebe80000)
  from space 512K, 96% used [0x00000000ec100000,0x00000000ec17b4b8,0x00000000ec180000)
  to   space 2048K, 0% used [0x00000000ebe80000,0x00000000ebe80000,0x00000000ec080000)
 ParOldGen       total 68608K, used 36537K [0x00000000c0000000, 0x00000000c4300000, 0x00000000eab00000)
  object space 68608K, 53% used [0x00000000c0000000,0x00000000c23ae580,0x00000000c4300000)
 Metaspace       used 64077K, committed 65152K, reserved 1114112K
  class space    used 6757K, committed 7232K, reserved 1048576K
}
Event: 8.620 GC heap after
{Heap after GC invocations=34 (full 3):
 PSYoungGen      total 21504K, used 1058K [0x00000000eab00000, 0x00000000ec180000, 0x0000000100000000)
  eden space 19968K, 0% used [0x00000000eab00000,0x00000000eab00000,0x00000000ebe80000)
  from space 1536K, 68% used [0x00000000ebe80000,0x00000000ebf88a38,0x00000000ec000000)
  to   space 1536K, 0% used [0x00000000ec000000,0x00000000ec000000,0x00000000ec180000)
 ParOldGen       total 68608K, used 37101K [0x00000000c0000000, 0x00000000c4300000, 0x00000000eab00000)
  object space 68608K, 54% used [0x00000000c0000000,0x00000000c243b658,0x00000000c4300000)
 Metaspace       used 64077K, committed 65152K, reserved 1114112K
  class space    used 6757K, committed 7232K, reserved 1048576K
}
Event: 8.959 GC heap before
{Heap before GC invocations=35 (full 3):
 PSYoungGen      total 21504K, used 21026K [0x00000000eab00000, 0x00000000ec180000, 0x0000000100000000)
  eden space 19968K, 100% used [0x00000000eab00000,0x00000000ebe80000,0x00000000ebe80000)
  from space 1536K, 68% used [0x00000000ebe80000,0x00000000ebf88a38,0x00000000ec000000)
  to   space 1536K, 0% used [0x00000000ec000000,0x00000000ec000000,0x00000000ec180000)
 ParOldGen       total 68608K, used 37101K [0x00000000c0000000, 0x00000000c4300000, 0x00000000eab00000)
  object space 68608K, 54% used [0x00000000c0000000,0x00000000c243b658,0x00000000c4300000)
 Metaspace       used 64539K, committed 65600K, reserved 1114112K
  class space    used 6779K, committed 7232K, reserved 1048576K
}
Event: 8.961 GC heap after
{Heap after GC invocations=35 (full 3):
 PSYoungGen      total 21504K, used 1024K [0x00000000eab00000, 0x00000000ec180000, 0x0000000100000000)
  eden space 19968K, 0% used [0x00000000eab00000,0x00000000eab00000,0x00000000ebe80000)
  from space 1536K, 66% used [0x00000000ec000000,0x00000000ec100000,0x00000000ec180000)
  to   space 1536K, 0% used [0x00000000ebe80000,0x00000000ebe80000,0x00000000ec000000)
 ParOldGen       total 68608K, used 38006K [0x00000000c0000000, 0x00000000c4300000, 0x00000000eab00000)
  object space 68608K, 55% used [0x00000000c0000000,0x00000000c251d860,0x00000000c4300000)
 Metaspace       used 64539K, committed 65600K, reserved 1114112K
  class space    used 6779K, committed 7232K, reserved 1048576K
}
Event: 9.354 GC heap before
{Heap before GC invocations=36 (full 3):
 PSYoungGen      total 21504K, used 20893K [0x00000000eab00000, 0x00000000ec180000, 0x0000000100000000)
  eden space 19968K, 99% used [0x00000000eab00000,0x00000000ebe67780,0x00000000ebe80000)
  from space 1536K, 66% used [0x00000000ec000000,0x00000000ec100000,0x00000000ec180000)
  to   space 1536K, 0% used [0x00000000ebe80000,0x00000000ebe80000,0x00000000ec000000)
 ParOldGen       total 68608K, used 38006K [0x00000000c0000000, 0x00000000c4300000, 0x00000000eab00000)
  object space 68608K, 55% used [0x00000000c0000000,0x00000000c251d860,0x00000000c4300000)
 Metaspace       used 66076K, committed 67136K, reserved 1114112K
  class space    used 6951K, committed 7424K, reserved 1048576K
}
Event: 9.358 GC heap after
{Heap after GC invocations=36 (full 3):
 PSYoungGen      total 21504K, used 1284K [0x00000000eab00000, 0x00000000ec180000, 0x0000000100000000)
  eden space 19968K, 0% used [0x00000000eab00000,0x00000000eab00000,0x00000000ebe80000)
  from space 1536K, 83% used [0x00000000ebe80000,0x00000000ebfc1260,0x00000000ec000000)
  to   space 1536K, 0% used [0x00000000ec000000,0x00000000ec000000,0x00000000ec180000)
 ParOldGen       total 68608K, used 41567K [0x00000000c0000000, 0x00000000c4300000, 0x00000000eab00000)
  object space 68608K, 60% used [0x00000000c0000000,0x00000000c2897d98,0x00000000c4300000)
 Metaspace       used 66076K, committed 67136K, reserved 1114112K
  class space    used 6951K, committed 7424K, reserved 1048576K
}
Event: 9.422 GC heap before
{Heap before GC invocations=37 (full 3):
 PSYoungGen      total 21504K, used 20490K [0x00000000eab00000, 0x00000000ec180000, 0x0000000100000000)
  eden space 19968K, 96% used [0x00000000eab00000,0x00000000ebdc1808,0x00000000ebe80000)
  from space 1536K, 83% used [0x00000000ebe80000,0x00000000ebfc1260,0x00000000ec000000)
  to   space 1536K, 0% used [0x00000000ec000000,0x00000000ec000000,0x00000000ec180000)
 ParOldGen       total 68608K, used 56887K [0x00000000c0000000, 0x00000000c4300000, 0x00000000eab00000)
  object space 68608K, 82% used [0x00000000c0000000,0x00000000c378dda8,0x00000000c4300000)
 Metaspace       used 66156K, committed 67200K, reserved 1114112K
  class space    used 6957K, committed 7424K, reserved 1048576K
}
Event: 9.424 GC heap after
{Heap after GC invocations=37 (full 3):
 PSYoungGen      total 21504K, used 1232K [0x00000000eab00000, 0x00000000ec180000, 0x0000000100000000)
  eden space 19968K, 0% used [0x00000000eab00000,0x00000000eab00000,0x00000000ebe80000)
  from space 1536K, 80% used [0x00000000ec000000,0x00000000ec134050,0x00000000ec180000)
  to   space 1536K, 0% used [0x00000000ebe80000,0x00000000ebe80000,0x00000000ec000000)
 ParOldGen       total 68608K, used 57933K [0x00000000c0000000, 0x00000000c4300000, 0x00000000eab00000)
  object space 68608K, 84% used [0x00000000c0000000,0x00000000c3893488,0x00000000c4300000)
 Metaspace       used 66156K, committed 67200K, reserved 1114112K
  class space    used 6957K, committed 7424K, reserved 1048576K
}
Event: 9.523 GC heap before
{Heap before GC invocations=38 (full 3):
 PSYoungGen      total 21504K, used 21200K [0x00000000eab00000, 0x00000000ec180000, 0x0000000100000000)
  eden space 19968K, 100% used [0x00000000eab00000,0x00000000ebe80000,0x00000000ebe80000)
  from space 1536K, 80% used [0x00000000ec000000,0x00000000ec134050,0x00000000ec180000)
  to   space 1536K, 0% used [0x00000000ebe80000,0x00000000ebe80000,0x00000000ec000000)
 ParOldGen       total 79872K, used 68942K [0x00000000c0000000, 0x00000000c4e00000, 0x00000000eab00000)
  object space 79872K, 86% used [0x00000000c0000000,0x00000000c4353a28,0x00000000c4e00000)
 Metaspace       used 66362K, committed 67392K, reserved 1114112K
  class space    used 6977K, committed 7424K, reserved 1048576K
}
Event: 9.526 GC heap after
{Heap after GC invocations=38 (full 3):
 PSYoungGen      total 21504K, used 1505K [0x00000000eab00000, 0x00000000ec180000, 0x0000000100000000)
  eden space 19968K, 0% used [0x00000000eab00000,0x00000000eab00000,0x00000000ebe80000)
  from space 1536K, 97% used [0x00000000ebe80000,0x00000000ebff84a0,0x00000000ec000000)
  to   space 1536K, 0% used [0x00000000ec000000,0x00000000ec000000,0x00000000ec180000)
 ParOldGen       total 79872K, used 70554K [0x00000000c0000000, 0x00000000c4e00000, 0x00000000eab00000)
  object space 79872K, 88% used [0x00000000c0000000,0x00000000c44e6888,0x00000000c4e00000)
 Metaspace       used 66362K, committed 67392K, reserved 1114112K
  class space    used 6977K, committed 7424K, reserved 1048576K
}

