# JRE version: OpenJDK Runtime Environment Temurin-21.0.6+7 (21.0.6+7) (build 21.0.6+7-LTS)
# Java VM: OpenJDK 64-Bit Server VM Temurin-21.0.6+7 (21.0.6+7-LTS, mixed mode, sharing, tiered, compressed oops, compressed class ptrs, parallel gc, windows-amd64)
GC Precious Log:
 CardTable entry size: 512
 CPUs: 8 total, 8 available
 Memory: 7886M
 Large Page Support: Disabled
 NUMA Support: Disabled
 Compressed Oops: Enabled (32-bit)
 Alignments: Space 512K, Generation 512K, Heap 2M
 Heap Min Capacity: 100M
 Heap Initial Capacity: 100M
 Heap Max Capacity: 1G
 Pre-touch: Disabled
 Parallel Workers: 8
Heap:
 PSYoungGen      total 18944K, used 16257K [0x00000000eab00000, 0x00000000ec100000, 0x0000000100000000)
  eden space 15360K, 85% used [0x00000000eab00000,0x00000000eb7db5e0,0x00000000eba00000)
  from space 3584K, 86% used [0x00000000ebd80000,0x00000000ec085090,0x00000000ec100000)
  to   space 3584K, 0% used [0x00000000eba00000,0x00000000eba00000,0x00000000ebd80000)
 ParOldGen       total 71680K, used 71239K [0x00000000c0000000, 0x00000000c4600000, 0x00000000eab00000)
  object space 71680K, 99% used [0x00000000c0000000,0x00000000c4591ea8,0x00000000c4600000)
 Metaspace       used 52786K, committed 54080K, reserved 1114112K
  class space    used 5563K, committed 6144K, reserved 1048576K
GC Heap History (20 events):
Event: 7.664 GC heap before
{Heap before GC invocations=29 (full 2):
 PSYoungGen      total 19968K, used 19411K [0x00000000eab00000, 0x00000000ec100000, 0x0000000100000000)
  eden space 17408K, 100% used [0x00000000eab00000,0x00000000ebc00000,0x00000000ebc00000)
  from space 2560K, 78% used [0x00000000ebe80000,0x00000000ec074ee8,0x00000000ec100000)
  to   space 2560K, 0% used [0x00000000ebc00000,0x00000000ebc00000,0x00000000ebe80000)
 ParOldGen       total 68608K, used 41874K [0x00000000c0000000, 0x00000000c4300000, 0x00000000eab00000)
  object space 68608K, 61% used [0x00000000c0000000,0x00000000c28e4940,0x00000000c4300000)
 Metaspace       used 51101K, committed 52288K, reserved 1114112K
  class space    used 5359K, committed 5888K, reserved 1048576K
}
Event: 7.667 GC heap after
{Heap after GC invocations=29 (full 2):
 PSYoungGen      total 19968K, used 2531K [0x00000000eab00000, 0x00000000ec600000, 0x0000000100000000)
  eden space 17408K, 0% used [0x00000000eab00000,0x00000000eab00000,0x00000000ebc00000)
  from space 2560K, 98% used [0x00000000ebc00000,0x00000000ebe78d38,0x00000000ebe80000)
  to   space 5120K, 0% used [0x00000000ec100000,0x00000000ec100000,0x00000000ec600000)
 ParOldGen       total 68608K, used 43677K [0x00000000c0000000, 0x00000000c4300000, 0x00000000eab00000)
  object space 68608K, 63% used [0x00000000c0000000,0x00000000c2aa7588,0x00000000c4300000)
 Metaspace       used 51101K, committed 52288K, reserved 1114112K
  class space    used 5359K, committed 5888K, reserved 1048576K
}
Event: 7.841 GC heap before
{Heap before GC invocations=30 (full 2):
 PSYoungGen      total 19968K, used 19939K [0x00000000eab00000, 0x00000000ec600000, 0x0000000100000000)
  eden space 17408K, 100% used [0x00000000eab00000,0x00000000ebc00000,0x00000000ebc00000)
  from space 2560K, 98% used [0x00000000ebc00000,0x00000000ebe78d38,0x00000000ebe80000)
  to   space 5120K, 0% used [0x00000000ec100000,0x00000000ec100000,0x00000000ec600000)
 ParOldGen       total 68608K, used 43677K [0x00000000c0000000, 0x00000000c4300000, 0x00000000eab00000)
  object space 68608K, 63% used [0x00000000c0000000,0x00000000c2aa7588,0x00000000c4300000)
 Metaspace       used 51798K, committed 52992K, reserved 1114112K
  class space    used 5441K, committed 5952K, reserved 1048576K
}
Event: 7.847 GC heap after
{Heap after GC invocations=30 (full 2):
 PSYoungGen      total 20480K, used 3037K [0x00000000eab00000, 0x00000000ec400000, 0x0000000100000000)
  eden space 17408K, 0% used [0x00000000eab00000,0x00000000eab00000,0x00000000ebc00000)
  from space 3072K, 98% used [0x00000000ec100000,0x00000000ec3f7658,0x00000000ec400000)
  to   space 3584K, 0% used [0x00000000ebd00000,0x00000000ebd00000,0x00000000ec080000)
 ParOldGen       total 68608K, used 45984K [0x00000000c0000000, 0x00000000c4300000, 0x00000000eab00000)
  object space 68608K, 67% used [0x00000000c0000000,0x00000000c2ce8128,0x00000000c4300000)
 Metaspace       used 51798K, committed 52992K, reserved 1114112K
  class space    used 5441K, committed 5952K, reserved 1048576K
}
Event: 7.935 GC heap before
{Heap before GC invocations=31 (full 2):
 PSYoungGen      total 20480K, used 20445K [0x00000000eab00000, 0x00000000ec400000, 0x0000000100000000)
  eden space 17408K, 100% used [0x00000000eab00000,0x00000000ebc00000,0x00000000ebc00000)
  from space 3072K, 98% used [0x00000000ec100000,0x00000000ec3f7658,0x00000000ec400000)
  to   space 3584K, 0% used [0x00000000ebd00000,0x00000000ebd00000,0x00000000ec080000)
 ParOldGen       total 68608K, used 45984K [0x00000000c0000000, 0x00000000c4300000, 0x00000000eab00000)
  object space 68608K, 67% used [0x00000000c0000000,0x00000000c2ce8128,0x00000000c4300000)
 Metaspace       used 51815K, committed 53056K, reserved 1114112K
  class space    used 5441K, committed 5952K, reserved 1048576K
}
Event: 7.940 GC heap after
{Heap after GC invocations=31 (full 2):
 PSYoungGen      total 20992K, used 3583K [0x00000000eab00000, 0x00000000ecb00000, 0x0000000100000000)
  eden space 17408K, 0% used [0x00000000eab00000,0x00000000eab00000,0x00000000ebc00000)
  from space 3584K, 99% used [0x00000000ebd00000,0x00000000ec07fe08,0x00000000ec080000)
  to   space 7680K, 0% used [0x00000000ec380000,0x00000000ec380000,0x00000000ecb00000)
 ParOldGen       total 68608K, used 49085K [0x00000000c0000000, 0x00000000c4300000, 0x00000000eab00000)
  object space 68608K, 71% used [0x00000000c0000000,0x00000000c2fef4b0,0x00000000c4300000)
 Metaspace       used 51815K, committed 53056K, reserved 1114112K
  class space    used 5441K, committed 5952K, reserved 1048576K
}
Event: 8.079 GC heap before
{Heap before GC invocations=32 (full 2):
 PSYoungGen      total 20992K, used 20991K [0x00000000eab00000, 0x00000000ecb00000, 0x0000000100000000)
  eden space 17408K, 100% used [0x00000000eab00000,0x00000000ebc00000,0x00000000ebc00000)
  from space 3584K, 99% used [0x00000000ebd00000,0x00000000ec07fe08,0x00000000ec080000)
  to   space 7680K, 0% used [0x00000000ec380000,0x00000000ec380000,0x00000000ecb00000)
 ParOldGen       total 68608K, used 49085K [0x00000000c0000000, 0x00000000c4300000, 0x00000000eab00000)
  object space 68608K, 71% used [0x00000000c0000000,0x00000000c2fef4b0,0x00000000c4300000)
 Metaspace       used 51818K, committed 53056K, reserved 1114112K
  class space    used 5441K, committed 5952K, reserved 1048576K
}
Event: 8.085 GC heap after
{Heap after GC invocations=32 (full 2):
 PSYoungGen      total 21504K, used 3938K [0x00000000eab00000, 0x00000000ec780000, 0x0000000100000000)
  eden space 17408K, 0% used [0x00000000eab00000,0x00000000eab00000,0x00000000ebc00000)
  from space 4096K, 96% used [0x00000000ec380000,0x00000000ec758b28,0x00000000ec780000)
  to   space 5120K, 0% used [0x00000000ebd80000,0x00000000ebd80000,0x00000000ec280000)
 ParOldGen       total 68608K, used 52377K [0x00000000c0000000, 0x00000000c4300000, 0x00000000eab00000)
  object space 68608K, 76% used [0x00000000c0000000,0x00000000c3326690,0x00000000c4300000)
 Metaspace       used 51818K, committed 53056K, reserved 1114112K
  class space    used 5441K, committed 5952K, reserved 1048576K
}
Event: 8.289 GC heap before
{Heap before GC invocations=33 (full 2):
 PSYoungGen      total 21504K, used 21346K [0x00000000eab00000, 0x00000000ec780000, 0x0000000100000000)
  eden space 17408K, 100% used [0x00000000eab00000,0x00000000ebc00000,0x00000000ebc00000)
  from space 4096K, 96% used [0x00000000ec380000,0x00000000ec758b28,0x00000000ec780000)
  to   space 5120K, 0% used [0x00000000ebd80000,0x00000000ebd80000,0x00000000ec280000)
 ParOldGen       total 68608K, used 52377K [0x00000000c0000000, 0x00000000c4300000, 0x00000000eab00000)
  object space 68608K, 76% used [0x00000000c0000000,0x00000000c3326690,0x00000000c4300000)
 Metaspace       used 51843K, committed 53056K, reserved 1114112K
  class space    used 5442K, committed 5952K, reserved 1048576K
}
Event: 8.298 GC heap after
{Heap after GC invocations=33 (full 2):
 PSYoungGen      total 22016K, used 4236K [0x00000000eab00000, 0x00000000ec500000, 0x0000000100000000)
  eden space 17408K, 0% used [0x00000000eab00000,0x00000000eab00000,0x00000000ebc00000)
  from space 4608K, 91% used [0x00000000ebd80000,0x00000000ec1a30d8,0x00000000ec200000)
  to   space 3072K, 0% used [0x00000000ec200000,0x00000000ec200000,0x00000000ec500000)
 ParOldGen       total 68608K, used 55982K [0x00000000c0000000, 0x00000000c4300000, 0x00000000eab00000)
  object space 68608K, 81% used [0x00000000c0000000,0x00000000c36ab9d8,0x00000000c4300000)
 Metaspace       used 51843K, committed 53056K, reserved 1114112K
  class space    used 5442K, committed 5952K, reserved 1048576K
}
Event: 8.444 GC heap before
{Heap before GC invocations=34 (full 2):
 PSYoungGen      total 22016K, used 21644K [0x00000000eab00000, 0x00000000ec500000, 0x0000000100000000)
  eden space 17408K, 100% used [0x00000000eab00000,0x00000000ebc00000,0x00000000ebc00000)
  from space 4608K, 91% used [0x00000000ebd80000,0x00000000ec1a30d8,0x00000000ec200000)
  to   space 3072K, 0% used [0x00000000ec200000,0x00000000ec200000,0x00000000ec500000)
 ParOldGen       total 68608K, used 55982K [0x00000000c0000000, 0x00000000c4300000, 0x00000000eab00000)
  object space 68608K, 81% used [0x00000000c0000000,0x00000000c36ab9d8,0x00000000c4300000)
 Metaspace       used 52088K, committed 53376K, reserved 1114112K
  class space    used 5480K, committed 6016K, reserved 1048576K
}
Event: 8.453 GC heap after
{Heap after GC invocations=34 (full 2):
 PSYoungGen      total 18432K, used 3047K [0x00000000eab00000, 0x00000000ecc00000, 0x0000000100000000)
  eden space 15360K, 0% used [0x00000000eab00000,0x00000000eab00000,0x00000000eba00000)
  from space 3072K, 99% used [0x00000000ec200000,0x00000000ec4f9f08,0x00000000ec500000)
  to   space 8192K, 0% used [0x00000000eba00000,0x00000000eba00000,0x00000000ec200000)
 ParOldGen       total 68608K, used 60434K [0x00000000c0000000, 0x00000000c4300000, 0x00000000eab00000)
  object space 68608K, 88% used [0x00000000c0000000,0x00000000c3b049f8,0x00000000c4300000)
 Metaspace       used 52088K, committed 53376K, reserved 1114112K
  class space    used 5480K, committed 6016K, reserved 1048576K
}
Event: 8.608 GC heap before
{Heap before GC invocations=35 (full 2):
 PSYoungGen      total 18432K, used 18396K [0x00000000eab00000, 0x00000000ecc00000, 0x0000000100000000)
  eden space 15360K, 99% used [0x00000000eab00000,0x00000000eb9fd198,0x00000000eba00000)
  from space 3072K, 99% used [0x00000000ec200000,0x00000000ec4f9f08,0x00000000ec500000)
  to   space 8192K, 0% used [0x00000000eba00000,0x00000000eba00000,0x00000000ec200000)
 ParOldGen       total 68608K, used 60434K [0x00000000c0000000, 0x00000000c4300000, 0x00000000eab00000)
  object space 68608K, 88% used [0x00000000c0000000,0x00000000c3b049f8,0x00000000c4300000)
 Metaspace       used 52230K, committed 53440K, reserved 1114112K
  class space    used 5501K, committed 6016K, reserved 1048576K
}
Event: 8.619 GC heap after
{Heap after GC invocations=35 (full 2):
 PSYoungGen      total 18432K, used 2724K [0x00000000eab00000, 0x00000000ec300000, 0x0000000100000000)
  eden space 15360K, 0% used [0x00000000eab00000,0x00000000eab00000,0x00000000eba00000)
  from space 3072K, 88% used [0x00000000eba00000,0x00000000ebca9028,0x00000000ebd00000)
  to   space 4608K, 0% used [0x00000000ebe80000,0x00000000ebe80000,0x00000000ec300000)
 ParOldGen       total 68608K, used 63478K [0x00000000c0000000, 0x00000000c4300000, 0x00000000eab00000)
  object space 68608K, 92% used [0x00000000c0000000,0x00000000c3dfd9c8,0x00000000c4300000)
 Metaspace       used 52230K, committed 53440K, reserved 1114112K
  class space    used 5501K, committed 6016K, reserved 1048576K
}
Event: 8.708 GC heap before
{Heap before GC invocations=36 (full 2):
 PSYoungGen      total 18432K, used 18084K [0x00000000eab00000, 0x00000000ec300000, 0x0000000100000000)
  eden space 15360K, 100% used [0x00000000eab00000,0x00000000eba00000,0x00000000eba00000)
  from space 3072K, 88% used [0x00000000eba00000,0x00000000ebca9028,0x00000000ebd00000)
  to   space 4608K, 0% used [0x00000000ebe80000,0x00000000ebe80000,0x00000000ec300000)
 ParOldGen       total 68608K, used 63478K [0x00000000c0000000, 0x00000000c4300000, 0x00000000eab00000)
  object space 68608K, 92% used [0x00000000c0000000,0x00000000c3dfd9c8,0x00000000c4300000)
 Metaspace       used 52286K, committed 53568K, reserved 1114112K
  class space    used 5525K, committed 6080K, reserved 1048576K
}
Event: 8.713 GC heap after
{Heap after GC invocations=36 (full 2):
 PSYoungGen      total 18432K, used 2631K [0x00000000eab00000, 0x00000000ec180000, 0x0000000100000000)
  eden space 15360K, 0% used [0x00000000eab00000,0x00000000eab00000,0x00000000eba00000)
  from space 3072K, 85% used [0x00000000ebe80000,0x00000000ec111f28,0x00000000ec180000)
  to   space 3072K, 0% used [0x00000000eba00000,0x00000000eba00000,0x00000000ebd00000)
 ParOldGen       total 68608K, used 66003K [0x00000000c0000000, 0x00000000c4300000, 0x00000000eab00000)
  object space 68608K, 96% used [0x00000000c0000000,0x00000000c4074c48,0x00000000c4300000)
 Metaspace       used 52286K, committed 53568K, reserved 1114112K
  class space    used 5525K, committed 6080K, reserved 1048576K
}
Event: 8.820 GC heap before
{Heap before GC invocations=37 (full 2):
 PSYoungGen      total 18432K, used 17981K [0x00000000eab00000, 0x00000000ec180000, 0x0000000100000000)
  eden space 15360K, 99% used [0x00000000eab00000,0x00000000eb9fd8c8,0x00000000eba00000)
  from space 3072K, 85% used [0x00000000ebe80000,0x00000000ec111f28,0x00000000ec180000)
  to   space 3072K, 0% used [0x00000000eba00000,0x00000000eba00000,0x00000000ebd00000)
 ParOldGen       total 68608K, used 66003K [0x00000000c0000000, 0x00000000c4300000, 0x00000000eab00000)
  object space 68608K, 96% used [0x00000000c0000000,0x00000000c4074c48,0x00000000c4300000)
 Metaspace       used 52404K, committed 53632K, reserved 1114112K
  class space    used 5540K, committed 6080K, reserved 1048576K
}
Event: 8.825 GC heap after
{Heap after GC invocations=37 (full 2):
 PSYoungGen      total 18432K, used 3023K [0x00000000eab00000, 0x00000000ec100000, 0x0000000100000000)
  eden space 15360K, 0% used [0x00000000eab00000,0x00000000eab00000,0x00000000eba00000)
  from space 3072K, 98% used [0x00000000eba00000,0x00000000ebcf3e90,0x00000000ebd00000)
  to   space 3584K, 0% used [0x00000000ebd80000,0x00000000ebd80000,0x00000000ec100000)
 ParOldGen       total 68608K, used 68445K [0x00000000c0000000, 0x00000000c4300000, 0x00000000eab00000)
  object space 68608K, 99% used [0x00000000c0000000,0x00000000c42d7630,0x00000000c4300000)
 Metaspace       used 52404K, committed 53632K, reserved 1114112K
  class space    used 5540K, committed 6080K, reserved 1048576K
}
Event: 8.916 GC heap before
{Heap before GC invocations=38 (full 2):
 PSYoungGen      total 18432K, used 18383K [0x00000000eab00000, 0x00000000ec100000, 0x0000000100000000)
  eden space 15360K, 100% used [0x00000000eab00000,0x00000000eba00000,0x00000000eba00000)
  from space 3072K, 98% used [0x00000000eba00000,0x00000000ebcf3e90,0x00000000ebd00000)
  to   space 3584K, 0% used [0x00000000ebd80000,0x00000000ebd80000,0x00000000ec100000)
 ParOldGen       total 68608K, used 68445K [0x00000000c0000000, 0x00000000c4300000, 0x00000000eab00000)
  object space 68608K, 99% used [0x00000000c0000000,0x00000000c42d7630,0x00000000c4300000)
 Metaspace       used 52504K, committed 53760K, reserved 1114112K
  class space    used 5547K, committed 6080K, reserved 1048576K
}
Event: 8.922 GC heap after
{Heap after GC invocations=38 (full 2):
 PSYoungGen      total 18944K, used 3092K [0x00000000eab00000, 0x00000000ec100000, 0x0000000100000000)
  eden space 15360K, 0% used [0x00000000eab00000,0x00000000eab00000,0x00000000eba00000)
  from space 3584K, 86% used [0x00000000ebd80000,0x00000000ec085090,0x00000000ec100000)
  to   space 3584K, 0% used [0x00000000eba00000,0x00000000eba00000,0x00000000ebd80000)
 ParOldGen       total 71680K, used 71239K [0x00000000c0000000, 0x00000000c4600000, 0x00000000eab00000)
  object space 71680K, 99% used [0x00000000c0000000,0x00000000c4591ea8,0x00000000c4600000)
 Metaspace       used 52504K, committed 53760K, reserved 1114112K
  class space    used 5547K, committed 6080K, reserved 1048576K
}

