# JRE version: OpenJDK Runtime Environment Temurin-21.0.6+7 (21.0.6+7) (build 21.0.6+7-LTS)
# Java VM: OpenJDK 64-Bit Server VM Temurin-21.0.6+7 (21.0.6+7-LTS, mixed mode, sharing, tiered, compressed oops, compressed class ptrs, parallel gc, windows-amd64)
GC Precious Log:
 CardTable entry size: 512
 CPUs: 8 total, 8 available
 Memory: 7886M
 Large Page Support: Disabled
 NUMA Support: Disabled
 Compressed Oops: Enabled (32-bit)
 Alignments: Space 512K, Generation 512K, Heap 2M
 Heap Min Capacity: 100M
 Heap Initial Capacity: 100M
 Heap Max Capacity: 1G
 Pre-touch: Disabled
 Parallel Workers: 8
Heap:
 PSYoungGen      total 2048K, used 528K [0x00000000eab00000, 0x00000000eae00000, 0x0000000100000000)
  eden space 1536K, 19% used [0x00000000eab00000,0x00000000eab4c2a8,0x00000000eac80000)
  from space 512K, 43% used [0x00000000ead00000,0x00000000ead38000,0x00000000ead80000)
  to   space 512K, 0% used [0x00000000ead80000,0x00000000ead80000,0x00000000eae00000)
 ParOldGen       total 604672K, used 604432K [0x00000000c0000000, 0x00000000e4e80000, 0x00000000eab00000)
  object space 604672K, 99% used [0x00000000c0000000,0x00000000e4e44198,0x00000000e4e80000)
 Metaspace       used 65062K, committed 66432K, reserved 1114112K
  class space    used 6588K, committed 7232K, reserved 1048576K
GC Heap History (20 events):
Event: 30.067 GC heap before
{Heap before GC invocations=674 (full 3):
 PSYoungGen      total 1536K, used 1531K [0x00000000eab00000, 0x00000000eb100000, 0x0000000100000000)
  eden space 512K, 100% used [0x00000000eab00000,0x00000000eab80000,0x00000000eab80000)
  from space 1024K, 99% used [0x00000000eae00000,0x00000000eaefef70,0x00000000eaf00000)
  to   space 2560K, 0% used [0x00000000eab80000,0x00000000eab80000,0x00000000eae00000)
 ParOldGen       total 597504K, used 596508K [0x00000000c0000000, 0x00000000e4780000, 0x00000000eab00000)
  object space 597504K, 99% used [0x00000000c0000000,0x00000000e4687270,0x00000000e4780000)
 Metaspace       used 65011K, committed 66368K, reserved 1114112K
  class space    used 6588K, committed 7232K, reserved 1048576K
}
Event: 30.072 GC heap after
{Heap after GC invocations=674 (full 3):
 PSYoungGen      total 1536K, used 608K [0x00000000eab00000, 0x00000000eae80000, 0x0000000100000000)
  eden space 512K, 0% used [0x00000000eab00000,0x00000000eab00000,0x00000000eab80000)
  from space 1024K, 59% used [0x00000000eab80000,0x00000000eac18000,0x00000000eac80000)
  to   space 1536K, 0% used [0x00000000ead00000,0x00000000ead00000,0x00000000eae80000)
 ParOldGen       total 597504K, used 597484K [0x00000000c0000000, 0x00000000e4780000, 0x00000000eab00000)
  object space 597504K, 99% used [0x00000000c0000000,0x00000000e477b1a0,0x00000000e4780000)
 Metaspace       used 65011K, committed 66368K, reserved 1114112K
  class space    used 6588K, committed 7232K, reserved 1048576K
}
Event: 30.100 GC heap before
{Heap before GC invocations=675 (full 3):
 PSYoungGen      total 1536K, used 1120K [0x00000000eab00000, 0x00000000eae80000, 0x0000000100000000)
  eden space 512K, 100% used [0x00000000eab00000,0x00000000eab80000,0x00000000eab80000)
  from space 1024K, 59% used [0x00000000eab80000,0x00000000eac18000,0x00000000eac80000)
  to   space 1536K, 0% used [0x00000000ead00000,0x00000000ead00000,0x00000000eae80000)
 ParOldGen       total 597504K, used 597484K [0x00000000c0000000, 0x00000000e4780000, 0x00000000eab00000)
  object space 597504K, 99% used [0x00000000c0000000,0x00000000e477b1a0,0x00000000e4780000)
 Metaspace       used 65011K, committed 66368K, reserved 1114112K
  class space    used 6588K, committed 7232K, reserved 1048576K
}
Event: 30.103 GC heap after
{Heap after GC invocations=675 (full 3):
 PSYoungGen      total 1536K, used 544K [0x00000000eab00000, 0x00000000eae00000, 0x0000000100000000)
  eden space 512K, 0% used [0x00000000eab00000,0x00000000eab00000,0x00000000eab80000)
  from space 1024K, 53% used [0x00000000ead00000,0x00000000ead88000,0x00000000eae00000)
  to   space 1024K, 0% used [0x00000000eab80000,0x00000000eab80000,0x00000000eac80000)
 ParOldGen       total 598016K, used 597976K [0x00000000c0000000, 0x00000000e4800000, 0x00000000eab00000)
  object space 598016K, 99% used [0x00000000c0000000,0x00000000e47f6198,0x00000000e4800000)
 Metaspace       used 65011K, committed 66368K, reserved 1114112K
  class space    used 6588K, committed 7232K, reserved 1048576K
}
Event: 30.122 GC heap before
{Heap before GC invocations=676 (full 3):
 PSYoungGen      total 1536K, used 1056K [0x00000000eab00000, 0x00000000eae00000, 0x0000000100000000)
  eden space 512K, 100% used [0x00000000eab00000,0x00000000eab80000,0x00000000eab80000)
  from space 1024K, 53% used [0x00000000ead00000,0x00000000ead88000,0x00000000eae00000)
  to   space 1024K, 0% used [0x00000000eab80000,0x00000000eab80000,0x00000000eac80000)
 ParOldGen       total 598016K, used 597976K [0x00000000c0000000, 0x00000000e4800000, 0x00000000eab00000)
  object space 598016K, 99% used [0x00000000c0000000,0x00000000e47f6198,0x00000000e4800000)
 Metaspace       used 65011K, committed 66368K, reserved 1114112K
  class space    used 6588K, committed 7232K, reserved 1048576K
}
Event: 30.126 GC heap after
{Heap after GC invocations=676 (full 3):
 PSYoungGen      total 1536K, used 384K [0x00000000eab00000, 0x00000000ead80000, 0x0000000100000000)
  eden space 512K, 0% used [0x00000000eab00000,0x00000000eab00000,0x00000000eab80000)
  from space 1024K, 37% used [0x00000000eab80000,0x00000000eabe0000,0x00000000eac80000)
  to   space 512K, 0% used [0x00000000ead00000,0x00000000ead00000,0x00000000ead80000)
 ParOldGen       total 598528K, used 598384K [0x00000000c0000000, 0x00000000e4880000, 0x00000000eab00000)
  object space 598528K, 99% used [0x00000000c0000000,0x00000000e485c198,0x00000000e4880000)
 Metaspace       used 65011K, committed 66368K, reserved 1114112K
  class space    used 6588K, committed 7232K, reserved 1048576K
}
Event: 30.131 GC heap before
{Heap before GC invocations=677 (full 3):
 PSYoungGen      total 1536K, used 896K [0x00000000eab00000, 0x00000000ead80000, 0x0000000100000000)
  eden space 512K, 100% used [0x00000000eab00000,0x00000000eab80000,0x00000000eab80000)
  from space 1024K, 37% used [0x00000000eab80000,0x00000000eabe0000,0x00000000eac80000)
  to   space 512K, 0% used [0x00000000ead00000,0x00000000ead00000,0x00000000ead80000)
 ParOldGen       total 598528K, used 598384K [0x00000000c0000000, 0x00000000e4880000, 0x00000000eab00000)
  object space 598528K, 99% used [0x00000000c0000000,0x00000000e485c198,0x00000000e4880000)
 Metaspace       used 65011K, committed 66368K, reserved 1114112K
  class space    used 6588K, committed 7232K, reserved 1048576K
}
Event: 30.134 GC heap after
{Heap after GC invocations=677 (full 3):
 PSYoungGen      total 2048K, used 448K [0x00000000eab00000, 0x00000000ead80000, 0x0000000100000000)
  eden space 1536K, 0% used [0x00000000eab00000,0x00000000eab00000,0x00000000eac80000)
  from space 512K, 87% used [0x00000000ead00000,0x00000000ead70000,0x00000000ead80000)
  to   space 512K, 0% used [0x00000000eac80000,0x00000000eac80000,0x00000000ead00000)
 ParOldGen       total 599040K, used 598704K [0x00000000c0000000, 0x00000000e4900000, 0x00000000eab00000)
  object space 599040K, 99% used [0x00000000c0000000,0x00000000e48ac198,0x00000000e4900000)
 Metaspace       used 65011K, committed 66368K, reserved 1114112K
  class space    used 6588K, committed 7232K, reserved 1048576K
}
Event: 30.156 GC heap before
{Heap before GC invocations=678 (full 3):
 PSYoungGen      total 2048K, used 1984K [0x00000000eab00000, 0x00000000ead80000, 0x0000000100000000)
  eden space 1536K, 100% used [0x00000000eab00000,0x00000000eac80000,0x00000000eac80000)
  from space 512K, 87% used [0x00000000ead00000,0x00000000ead70000,0x00000000ead80000)
  to   space 512K, 0% used [0x00000000eac80000,0x00000000eac80000,0x00000000ead00000)
 ParOldGen       total 599040K, used 598704K [0x00000000c0000000, 0x00000000e4900000, 0x00000000eab00000)
  object space 599040K, 99% used [0x00000000c0000000,0x00000000e48ac198,0x00000000e4900000)
 Metaspace       used 65011K, committed 66368K, reserved 1114112K
  class space    used 6588K, committed 7232K, reserved 1048576K
}
Event: 30.160 GC heap after
{Heap after GC invocations=678 (full 3):
 PSYoungGen      total 2048K, used 512K [0x00000000eab00000, 0x00000000eaf80000, 0x0000000100000000)
  eden space 1536K, 0% used [0x00000000eab00000,0x00000000eab00000,0x00000000eac80000)
  from space 512K, 100% used [0x00000000eac80000,0x00000000ead00000,0x00000000ead00000)
  to   space 1536K, 0% used [0x00000000eae00000,0x00000000eae00000,0x00000000eaf80000)
 ParOldGen       total 599552K, used 599488K [0x00000000c0000000, 0x00000000e4980000, 0x00000000eab00000)
  object space 599552K, 99% used [0x00000000c0000000,0x00000000e4970198,0x00000000e4980000)
 Metaspace       used 65011K, committed 66368K, reserved 1114112K
  class space    used 6588K, committed 7232K, reserved 1048576K
}
Event: 30.252 GC heap before
{Heap before GC invocations=679 (full 3):
 PSYoungGen      total 2048K, used 2048K [0x00000000eab00000, 0x00000000eaf80000, 0x0000000100000000)
  eden space 1536K, 100% used [0x00000000eab00000,0x00000000eac80000,0x00000000eac80000)
  from space 512K, 100% used [0x00000000eac80000,0x00000000ead00000,0x00000000ead00000)
  to   space 1536K, 0% used [0x00000000eae00000,0x00000000eae00000,0x00000000eaf80000)
 ParOldGen       total 599552K, used 599488K [0x00000000c0000000, 0x00000000e4980000, 0x00000000eab00000)
  object space 599552K, 99% used [0x00000000c0000000,0x00000000e4970198,0x00000000e4980000)
 Metaspace       used 65011K, committed 66368K, reserved 1114112K
  class space    used 6588K, committed 7232K, reserved 1048576K
}
Event: 30.255 GC heap after
{Heap after GC invocations=679 (full 3):
 PSYoungGen      total 3072K, used 1088K [0x00000000eab00000, 0x00000000eaf80000, 0x0000000100000000)
  eden space 1536K, 0% used [0x00000000eab00000,0x00000000eab00000,0x00000000eac80000)
  from space 1536K, 70% used [0x00000000eae00000,0x00000000eaf10000,0x00000000eaf80000)
  to   space 1536K, 0% used [0x00000000eac80000,0x00000000eac80000,0x00000000eae00000)
 ParOldGen       total 600064K, used 600016K [0x00000000c0000000, 0x00000000e4a00000, 0x00000000eab00000)
  object space 600064K, 99% used [0x00000000c0000000,0x00000000e49f4198,0x00000000e4a00000)
 Metaspace       used 65011K, committed 66368K, reserved 1114112K
  class space    used 6588K, committed 7232K, reserved 1048576K
}
Event: 30.491 GC heap before
{Heap before GC invocations=680 (full 3):
 PSYoungGen      total 3072K, used 2624K [0x00000000eab00000, 0x00000000eaf80000, 0x0000000100000000)
  eden space 1536K, 100% used [0x00000000eab00000,0x00000000eac80000,0x00000000eac80000)
  from space 1536K, 70% used [0x00000000eae00000,0x00000000eaf10000,0x00000000eaf80000)
  to   space 1536K, 0% used [0x00000000eac80000,0x00000000eac80000,0x00000000eae00000)
 ParOldGen       total 600064K, used 600016K [0x00000000c0000000, 0x00000000e4a00000, 0x00000000eab00000)
  object space 600064K, 99% used [0x00000000c0000000,0x00000000e49f4198,0x00000000e4a00000)
 Metaspace       used 65011K, committed 66368K, reserved 1114112K
  class space    used 6588K, committed 7232K, reserved 1048576K
}
Event: 30.493 GC heap after
{Heap after GC invocations=680 (full 3):
 PSYoungGen      total 3072K, used 1312K [0x00000000eab00000, 0x00000000eaf80000, 0x0000000100000000)
  eden space 1536K, 0% used [0x00000000eab00000,0x00000000eab00000,0x00000000eac80000)
  from space 1536K, 85% used [0x00000000eac80000,0x00000000eadc8000,0x00000000eae00000)
  to   space 1536K, 0% used [0x00000000eae00000,0x00000000eae00000,0x00000000eaf80000)
 ParOldGen       total 601088K, used 600992K [0x00000000c0000000, 0x00000000e4b00000, 0x00000000eab00000)
  object space 601088K, 99% used [0x00000000c0000000,0x00000000e4ae8198,0x00000000e4b00000)
 Metaspace       used 65011K, committed 66368K, reserved 1114112K
  class space    used 6588K, committed 7232K, reserved 1048576K
}
Event: 30.531 GC heap before
{Heap before GC invocations=681 (full 3):
 PSYoungGen      total 3072K, used 2848K [0x00000000eab00000, 0x00000000eaf80000, 0x0000000100000000)
  eden space 1536K, 100% used [0x00000000eab00000,0x00000000eac80000,0x00000000eac80000)
  from space 1536K, 85% used [0x00000000eac80000,0x00000000eadc8000,0x00000000eae00000)
  to   space 1536K, 0% used [0x00000000eae00000,0x00000000eae00000,0x00000000eaf80000)
 ParOldGen       total 601088K, used 600992K [0x00000000c0000000, 0x00000000e4b00000, 0x00000000eab00000)
  object space 601088K, 99% used [0x00000000c0000000,0x00000000e4ae8198,0x00000000e4b00000)
 Metaspace       used 65011K, committed 66368K, reserved 1114112K
  class space    used 6588K, committed 7232K, reserved 1048576K
}
Event: 30.533 GC heap after
{Heap after GC invocations=681 (full 3):
 PSYoungGen      total 3072K, used 1408K [0x00000000eab00000, 0x00000000eaf80000, 0x0000000100000000)
  eden space 1536K, 0% used [0x00000000eab00000,0x00000000eab00000,0x00000000eac80000)
  from space 1536K, 91% used [0x00000000eae00000,0x00000000eaf60000,0x00000000eaf80000)
  to   space 1536K, 0% used [0x00000000eac80000,0x00000000eac80000,0x00000000eae00000)
 ParOldGen       total 602624K, used 602248K [0x00000000c0000000, 0x00000000e4c80000, 0x00000000eab00000)
  object space 602624K, 99% used [0x00000000c0000000,0x00000000e4c22198,0x00000000e4c80000)
 Metaspace       used 65011K, committed 66368K, reserved 1114112K
  class space    used 6588K, committed 7232K, reserved 1048576K
}
Event: 30.961 GC heap before
{Heap before GC invocations=682 (full 3):
 PSYoungGen      total 3072K, used 2944K [0x00000000eab00000, 0x00000000eaf80000, 0x0000000100000000)
  eden space 1536K, 100% used [0x00000000eab00000,0x00000000eac80000,0x00000000eac80000)
  from space 1536K, 91% used [0x00000000eae00000,0x00000000eaf60000,0x00000000eaf80000)
  to   space 1536K, 0% used [0x00000000eac80000,0x00000000eac80000,0x00000000eae00000)
 ParOldGen       total 602624K, used 602248K [0x00000000c0000000, 0x00000000e4c80000, 0x00000000eab00000)
  object space 602624K, 99% used [0x00000000c0000000,0x00000000e4c22198,0x00000000e4c80000)
 Metaspace       used 65036K, committed 66432K, reserved 1114112K
  class space    used 6588K, committed 7232K, reserved 1048576K
}
Event: 30.965 GC heap after
{Heap after GC invocations=682 (full 3):
 PSYoungGen      total 2560K, used 768K [0x00000000eab00000, 0x00000000eae80000, 0x0000000100000000)
  eden space 1536K, 0% used [0x00000000eab00000,0x00000000eab00000,0x00000000eac80000)
  from space 1024K, 75% used [0x00000000eac80000,0x00000000ead40000,0x00000000ead80000)
  to   space 1024K, 0% used [0x00000000ead80000,0x00000000ead80000,0x00000000eae80000)
 ParOldGen       total 603648K, used 603584K [0x00000000c0000000, 0x00000000e4d80000, 0x00000000eab00000)
  object space 603648K, 99% used [0x00000000c0000000,0x00000000e4d70198,0x00000000e4d80000)
 Metaspace       used 65036K, committed 66432K, reserved 1114112K
  class space    used 6588K, committed 7232K, reserved 1048576K
}
Event: 31.031 GC heap before
{Heap before GC invocations=683 (full 3):
 PSYoungGen      total 2560K, used 2304K [0x00000000eab00000, 0x00000000eae80000, 0x0000000100000000)
  eden space 1536K, 100% used [0x00000000eab00000,0x00000000eac80000,0x00000000eac80000)
  from space 1024K, 75% used [0x00000000eac80000,0x00000000ead40000,0x00000000ead80000)
  to   space 1024K, 0% used [0x00000000ead80000,0x00000000ead80000,0x00000000eae80000)
 ParOldGen       total 603648K, used 603584K [0x00000000c0000000, 0x00000000e4d80000, 0x00000000eab00000)
  object space 603648K, 99% used [0x00000000c0000000,0x00000000e4d70198,0x00000000e4d80000)
 Metaspace       used 65049K, committed 66432K, reserved 1114112K
  class space    used 6588K, committed 7232K, reserved 1048576K
}
Event: 31.034 GC heap after
{Heap after GC invocations=683 (full 3):
 PSYoungGen      total 2048K, used 224K [0x00000000eab00000, 0x00000000eae00000, 0x0000000100000000)
  eden space 1536K, 0% used [0x00000000eab00000,0x00000000eab00000,0x00000000eac80000)
  from space 512K, 43% used [0x00000000ead80000,0x00000000eadb8000,0x00000000eae00000)
  to   space 512K, 0% used [0x00000000ead00000,0x00000000ead00000,0x00000000ead80000)
 ParOldGen       total 604672K, used 604272K [0x00000000c0000000, 0x00000000e4e80000, 0x00000000eab00000)
  object space 604672K, 99% used [0x00000000c0000000,0x00000000e4e1c198,0x00000000e4e80000)
 Metaspace       used 65049K, committed 66432K, reserved 1114112K
  class space    used 6588K, committed 7232K, reserved 1048576K
}

