# JRE version: OpenJDK Runtime Environment Temurin-21.0.6+7 (21.0.6+7) (build 21.0.6+7-LTS)
# Java VM: OpenJDK 64-Bit Server VM Temurin-21.0.6+7 (21.0.6+7-LTS, mixed mode, sharing, tiered, compressed oops, compressed class ptrs, parallel gc, windows-amd64)
GC Precious Log:
 CardTable entry size: 512
 CPUs: 8 total, 8 available
 Memory: 7886M
 Large Page Support: Disabled
 NUMA Support: Disabled
 Compressed Oops: Enabled (32-bit)
 Alignments: Space 512K, Generation 512K, Heap 2M
 Heap Min Capacity: 100M
 Heap Initial Capacity: 100M
 Heap Max Capacity: 1G
 Pre-touch: Disabled
 Parallel Workers: 8
Heap:
 PSYoungGen      total 20480K, used 2189K [0x00000000eab00000, 0x00000000ec580000, 0x0000000100000000)
  eden space 19456K, 6% used [0x00000000eab00000,0x00000000eac49730,0x00000000ebe00000)
  from space 1024K, 85% used [0x00000000ebf00000,0x00000000ebfd9f58,0x00000000ec000000)
  to   space 2560K, 0% used [0x00000000ec300000,0x00000000ec300000,0x00000000ec580000)
 ParOldGen       total 68608K, used 42409K [0x00000000c0000000, 0x00000000c4300000, 0x00000000eab00000)
  object space 68608K, 61% used [0x00000000c0000000,0x00000000c296a7c8,0x00000000c4300000)
 Metaspace       used 50695K, committed 51904K, reserved 1114112K
  class space    used 5350K, committed 5824K, reserved 1048576K
GC Heap History (20 events):
Event: 7.039 GC heap before
{Heap before GC invocations=19 (full 2):
 PSYoungGen      total 23040K, used 23040K [0x00000000eab00000, 0x00000000ec780000, 0x0000000100000000)
  eden space 22016K, 100% used [0x00000000eab00000,0x00000000ec080000,0x00000000ec080000)
  from space 1024K, 100% used [0x00000000ec600000,0x00000000ec700000,0x00000000ec700000)
  to   space 3584K, 0% used [0x00000000ec080000,0x00000000ec080000,0x00000000ec400000)
 ParOldGen       total 68608K, used 20759K [0x00000000c0000000, 0x00000000c4300000, 0x00000000eab00000)
  object space 68608K, 30% used [0x00000000c0000000,0x00000000c1445ed8,0x00000000c4300000)
 Metaspace       used 44145K, committed 45376K, reserved 1114112K
  class space    used 4588K, committed 5120K, reserved 1048576K
}
Event: 7.042 GC heap after
{Heap after GC invocations=19 (full 2):
 PSYoungGen      total 25088K, used 2912K [0x00000000eab00000, 0x00000000ec680000, 0x0000000100000000)
  eden space 22016K, 0% used [0x00000000eab00000,0x00000000eab00000,0x00000000ec080000)
  from space 3072K, 94% used [0x00000000ec080000,0x00000000ec358030,0x00000000ec380000)
  to   space 3072K, 0% used [0x00000000ec380000,0x00000000ec380000,0x00000000ec680000)
 ParOldGen       total 68608K, used 21773K [0x00000000c0000000, 0x00000000c4300000, 0x00000000eab00000)
  object space 68608K, 31% used [0x00000000c0000000,0x00000000c15437a8,0x00000000c4300000)
 Metaspace       used 44145K, committed 45376K, reserved 1114112K
  class space    used 4588K, committed 5120K, reserved 1048576K
}
Event: 7.138 GC heap before
{Heap before GC invocations=20 (full 2):
 PSYoungGen      total 25088K, used 24928K [0x00000000eab00000, 0x00000000ec680000, 0x0000000100000000)
  eden space 22016K, 100% used [0x00000000eab00000,0x00000000ec080000,0x00000000ec080000)
  from space 3072K, 94% used [0x00000000ec080000,0x00000000ec358030,0x00000000ec380000)
  to   space 3072K, 0% used [0x00000000ec380000,0x00000000ec380000,0x00000000ec680000)
 ParOldGen       total 68608K, used 21776K [0x00000000c0000000, 0x00000000c4300000, 0x00000000eab00000)
  object space 68608K, 31% used [0x00000000c0000000,0x00000000c15441c8,0x00000000c4300000)
 Metaspace       used 44665K, committed 45888K, reserved 1114112K
  class space    used 4649K, committed 5184K, reserved 1048576K
}
Event: 7.141 GC heap after
{Heap after GC invocations=20 (full 2):
 PSYoungGen      total 24576K, used 2304K [0x00000000eab00000, 0x00000000ec600000, 0x0000000100000000)
  eden space 22016K, 0% used [0x00000000eab00000,0x00000000eab00000,0x00000000ec080000)
  from space 2560K, 90% used [0x00000000ec380000,0x00000000ec5c0010,0x00000000ec600000)
  to   space 2560K, 0% used [0x00000000ec100000,0x00000000ec100000,0x00000000ec380000)
 ParOldGen       total 68608K, used 24598K [0x00000000c0000000, 0x00000000c4300000, 0x00000000eab00000)
  object space 68608K, 35% used [0x00000000c0000000,0x00000000c1805bf8,0x00000000c4300000)
 Metaspace       used 44665K, committed 45888K, reserved 1114112K
  class space    used 4649K, committed 5184K, reserved 1048576K
}
Event: 7.261 GC heap before
{Heap before GC invocations=21 (full 2):
 PSYoungGen      total 24576K, used 24320K [0x00000000eab00000, 0x00000000ec600000, 0x0000000100000000)
  eden space 22016K, 100% used [0x00000000eab00000,0x00000000ec080000,0x00000000ec080000)
  from space 2560K, 90% used [0x00000000ec380000,0x00000000ec5c0010,0x00000000ec600000)
  to   space 2560K, 0% used [0x00000000ec100000,0x00000000ec100000,0x00000000ec380000)
 ParOldGen       total 68608K, used 24598K [0x00000000c0000000, 0x00000000c4300000, 0x00000000eab00000)
  object space 68608K, 35% used [0x00000000c0000000,0x00000000c1805bf8,0x00000000c4300000)
 Metaspace       used 45969K, committed 47168K, reserved 1114112K
  class space    used 4818K, committed 5312K, reserved 1048576K
}
Event: 7.267 GC heap after
{Heap after GC invocations=21 (full 2):
 PSYoungGen      total 24576K, used 2097K [0x00000000eab00000, 0x00000000ec580000, 0x0000000100000000)
  eden space 22016K, 0% used [0x00000000eab00000,0x00000000eab00000,0x00000000ec080000)
  from space 2560K, 81% used [0x00000000ec100000,0x00000000ec30c410,0x00000000ec380000)
  to   space 2048K, 0% used [0x00000000ec380000,0x00000000ec380000,0x00000000ec580000)
 ParOldGen       total 68608K, used 26819K [0x00000000c0000000, 0x00000000c4300000, 0x00000000eab00000)
  object space 68608K, 39% used [0x00000000c0000000,0x00000000c1a30c18,0x00000000c4300000)
 Metaspace       used 45969K, committed 47168K, reserved 1114112K
  class space    used 4818K, committed 5312K, reserved 1048576K
}
Event: 7.359 GC heap before
{Heap before GC invocations=22 (full 2):
 PSYoungGen      total 24576K, used 24113K [0x00000000eab00000, 0x00000000ec580000, 0x0000000100000000)
  eden space 22016K, 100% used [0x00000000eab00000,0x00000000ec080000,0x00000000ec080000)
  from space 2560K, 81% used [0x00000000ec100000,0x00000000ec30c410,0x00000000ec380000)
  to   space 2048K, 0% used [0x00000000ec380000,0x00000000ec380000,0x00000000ec580000)
 ParOldGen       total 68608K, used 26819K [0x00000000c0000000, 0x00000000c4300000, 0x00000000eab00000)
  object space 68608K, 39% used [0x00000000c0000000,0x00000000c1a30c18,0x00000000c4300000)
 Metaspace       used 46289K, committed 47488K, reserved 1114112K
  class space    used 4864K, committed 5376K, reserved 1048576K
}
Event: 7.364 GC heap after
{Heap after GC invocations=22 (full 2):
 PSYoungGen      total 22016K, used 2018K [0x00000000eab00000, 0x00000000eca80000, 0x0000000100000000)
  eden space 19968K, 0% used [0x00000000eab00000,0x00000000eab00000,0x00000000ebe80000)
  from space 2048K, 98% used [0x00000000ec380000,0x00000000ec578810,0x00000000ec580000)
  to   space 5120K, 0% used [0x00000000ebe80000,0x00000000ebe80000,0x00000000ec380000)
 ParOldGen       total 68608K, used 29222K [0x00000000c0000000, 0x00000000c4300000, 0x00000000eab00000)
  object space 68608K, 42% used [0x00000000c0000000,0x00000000c1c898f8,0x00000000c4300000)
 Metaspace       used 46289K, committed 47488K, reserved 1114112K
  class space    used 4864K, committed 5376K, reserved 1048576K
}
Event: 7.439 GC heap before
{Heap before GC invocations=23 (full 2):
 PSYoungGen      total 22016K, used 21986K [0x00000000eab00000, 0x00000000eca80000, 0x0000000100000000)
  eden space 19968K, 100% used [0x00000000eab00000,0x00000000ebe80000,0x00000000ebe80000)
  from space 2048K, 98% used [0x00000000ec380000,0x00000000ec578810,0x00000000ec580000)
  to   space 5120K, 0% used [0x00000000ebe80000,0x00000000ebe80000,0x00000000ec380000)
 ParOldGen       total 68608K, used 29222K [0x00000000c0000000, 0x00000000c4300000, 0x00000000eab00000)
  object space 68608K, 42% used [0x00000000c0000000,0x00000000c1c898f8,0x00000000c4300000)
 Metaspace       used 46568K, committed 47744K, reserved 1114112K
  class space    used 4901K, committed 5440K, reserved 1048576K
}
Event: 7.444 GC heap after
{Heap after GC invocations=23 (full 2):
 PSYoungGen      total 22528K, used 2116K [0x00000000eab00000, 0x00000000ec480000, 0x0000000100000000)
  eden space 19968K, 0% used [0x00000000eab00000,0x00000000eab00000,0x00000000ebe80000)
  from space 2560K, 82% used [0x00000000ebe80000,0x00000000ec091000,0x00000000ec100000)
  to   space 3072K, 0% used [0x00000000ec180000,0x00000000ec180000,0x00000000ec480000)
 ParOldGen       total 68608K, used 31148K [0x00000000c0000000, 0x00000000c4300000, 0x00000000eab00000)
  object space 68608K, 45% used [0x00000000c0000000,0x00000000c1e6b2b8,0x00000000c4300000)
 Metaspace       used 46568K, committed 47744K, reserved 1114112K
  class space    used 4901K, committed 5440K, reserved 1048576K
}
Event: 7.531 GC heap before
{Heap before GC invocations=24 (full 2):
 PSYoungGen      total 22528K, used 22084K [0x00000000eab00000, 0x00000000ec480000, 0x0000000100000000)
  eden space 19968K, 100% used [0x00000000eab00000,0x00000000ebe80000,0x00000000ebe80000)
  from space 2560K, 82% used [0x00000000ebe80000,0x00000000ec091000,0x00000000ec100000)
  to   space 3072K, 0% used [0x00000000ec180000,0x00000000ec180000,0x00000000ec480000)
 ParOldGen       total 68608K, used 31148K [0x00000000c0000000, 0x00000000c4300000, 0x00000000eab00000)
  object space 68608K, 45% used [0x00000000c0000000,0x00000000c1e6b2b8,0x00000000c4300000)
 Metaspace       used 47011K, committed 48192K, reserved 1114112K
  class space    used 4969K, committed 5504K, reserved 1048576K
}
Event: 7.544 GC heap after
{Heap after GC invocations=24 (full 2):
 PSYoungGen      total 22016K, used 2016K [0x00000000eab00000, 0x00000000ec380000, 0x0000000100000000)
  eden space 19968K, 0% used [0x00000000eab00000,0x00000000eab00000,0x00000000ebe80000)
  from space 2048K, 98% used [0x00000000ec180000,0x00000000ec378000,0x00000000ec380000)
  to   space 2560K, 0% used [0x00000000ebe80000,0x00000000ebe80000,0x00000000ec100000)
 ParOldGen       total 68608K, used 33130K [0x00000000c0000000, 0x00000000c4300000, 0x00000000eab00000)
  object space 68608K, 48% used [0x00000000c0000000,0x00000000c205a8e0,0x00000000c4300000)
 Metaspace       used 47011K, committed 48192K, reserved 1114112K
  class space    used 4969K, committed 5504K, reserved 1048576K
}
Event: 7.631 GC heap before
{Heap before GC invocations=25 (full 2):
 PSYoungGen      total 22016K, used 21984K [0x00000000eab00000, 0x00000000ec380000, 0x0000000100000000)
  eden space 19968K, 100% used [0x00000000eab00000,0x00000000ebe80000,0x00000000ebe80000)
  from space 2048K, 98% used [0x00000000ec180000,0x00000000ec378000,0x00000000ec380000)
  to   space 2560K, 0% used [0x00000000ebe80000,0x00000000ebe80000,0x00000000ec100000)
 ParOldGen       total 68608K, used 33130K [0x00000000c0000000, 0x00000000c4300000, 0x00000000eab00000)
  object space 68608K, 48% used [0x00000000c0000000,0x00000000c205a8e0,0x00000000c4300000)
 Metaspace       used 47488K, committed 48768K, reserved 1114112K
  class space    used 5028K, committed 5568K, reserved 1048576K
}
Event: 7.636 GC heap after
{Heap after GC invocations=25 (full 2):
 PSYoungGen      total 22528K, used 2040K [0x00000000eab00000, 0x00000000ec380000, 0x0000000100000000)
  eden space 19968K, 0% used [0x00000000eab00000,0x00000000eab00000,0x00000000ebe80000)
  from space 2560K, 79% used [0x00000000ebe80000,0x00000000ec07e210,0x00000000ec100000)
  to   space 2560K, 0% used [0x00000000ec100000,0x00000000ec100000,0x00000000ec380000)
 ParOldGen       total 68608K, used 34978K [0x00000000c0000000, 0x00000000c4300000, 0x00000000eab00000)
  object space 68608K, 50% used [0x00000000c0000000,0x00000000c22288e0,0x00000000c4300000)
 Metaspace       used 47488K, committed 48768K, reserved 1114112K
  class space    used 5028K, committed 5568K, reserved 1048576K
}
Event: 7.769 GC heap before
{Heap before GC invocations=26 (full 2):
 PSYoungGen      total 22528K, used 22008K [0x00000000eab00000, 0x00000000ec380000, 0x0000000100000000)
  eden space 19968K, 100% used [0x00000000eab00000,0x00000000ebe80000,0x00000000ebe80000)
  from space 2560K, 79% used [0x00000000ebe80000,0x00000000ec07e210,0x00000000ec100000)
  to   space 2560K, 0% used [0x00000000ec100000,0x00000000ec100000,0x00000000ec380000)
 ParOldGen       total 68608K, used 34978K [0x00000000c0000000, 0x00000000c4300000, 0x00000000eab00000)
  object space 68608K, 50% used [0x00000000c0000000,0x00000000c22288e0,0x00000000c4300000)
 Metaspace       used 48284K, committed 49536K, reserved 1114112K
  class space    used 5107K, committed 5632K, reserved 1048576K
}
Event: 7.773 GC heap after
{Heap after GC invocations=26 (full 2):
 PSYoungGen      total 22016K, used 2526K [0x00000000eab00000, 0x00000000ec480000, 0x0000000100000000)
  eden space 19456K, 0% used [0x00000000eab00000,0x00000000eab00000,0x00000000ebe00000)
  from space 2560K, 98% used [0x00000000ec100000,0x00000000ec377a50,0x00000000ec380000)
  to   space 3072K, 0% used [0x00000000ebe00000,0x00000000ebe00000,0x00000000ec100000)
 ParOldGen       total 68608K, used 36874K [0x00000000c0000000, 0x00000000c4300000, 0x00000000eab00000)
  object space 68608K, 53% used [0x00000000c0000000,0x00000000c2402af0,0x00000000c4300000)
 Metaspace       used 48284K, committed 49536K, reserved 1114112K
  class space    used 5107K, committed 5632K, reserved 1048576K
}
Event: 8.200 GC heap before
{Heap before GC invocations=27 (full 2):
 PSYoungGen      total 22016K, used 21982K [0x00000000eab00000, 0x00000000ec480000, 0x0000000100000000)
  eden space 19456K, 100% used [0x00000000eab00000,0x00000000ebe00000,0x00000000ebe00000)
  from space 2560K, 98% used [0x00000000ec100000,0x00000000ec377a50,0x00000000ec380000)
  to   space 3072K, 0% used [0x00000000ebe00000,0x00000000ebe00000,0x00000000ec100000)
 ParOldGen       total 68608K, used 36874K [0x00000000c0000000, 0x00000000c4300000, 0x00000000eab00000)
  object space 68608K, 53% used [0x00000000c0000000,0x00000000c2402af0,0x00000000c4300000)
 Metaspace       used 50090K, committed 51328K, reserved 1114112K
  class space    used 5300K, committed 5824K, reserved 1048576K
}
Event: 8.213 GC heap after
{Heap after GC invocations=27 (full 2):
 PSYoungGen      total 22528K, used 3066K [0x00000000eab00000, 0x00000000ecc00000, 0x0000000100000000)
  eden space 19456K, 0% used [0x00000000eab00000,0x00000000eab00000,0x00000000ebe00000)
  from space 3072K, 99% used [0x00000000ebe00000,0x00000000ec0fe980,0x00000000ec100000)
  to   space 7168K, 0% used [0x00000000ec500000,0x00000000ec500000,0x00000000ecc00000)
 ParOldGen       total 68608K, used 40178K [0x00000000c0000000, 0x00000000c4300000, 0x00000000eab00000)
  object space 68608K, 58% used [0x00000000c0000000,0x00000000c273cb28,0x00000000c4300000)
 Metaspace       used 50090K, committed 51328K, reserved 1114112K
  class space    used 5300K, committed 5824K, reserved 1048576K
}
Event: 8.504 GC heap before
{Heap before GC invocations=28 (full 2):
 PSYoungGen      total 22528K, used 22522K [0x00000000eab00000, 0x00000000ecc00000, 0x0000000100000000)
  eden space 19456K, 100% used [0x00000000eab00000,0x00000000ebe00000,0x00000000ebe00000)
  from space 3072K, 99% used [0x00000000ebe00000,0x00000000ec0fe980,0x00000000ec100000)
  to   space 7168K, 0% used [0x00000000ec500000,0x00000000ec500000,0x00000000ecc00000)
 ParOldGen       total 68608K, used 40178K [0x00000000c0000000, 0x00000000c4300000, 0x00000000eab00000)
  object space 68608K, 58% used [0x00000000c0000000,0x00000000c273cb28,0x00000000c4300000)
 Metaspace       used 50253K, committed 51520K, reserved 1114112K
  class space    used 5311K, committed 5824K, reserved 1048576K
}
Event: 8.512 GC heap after
{Heap after GC invocations=28 (full 2):
 PSYoungGen      total 24576K, used 5095K [0x00000000eab00000, 0x00000000eca00000, 0x0000000100000000)
  eden space 19456K, 0% used [0x00000000eab00000,0x00000000eab00000,0x00000000ebe00000)
  from space 5120K, 99% used [0x00000000ec500000,0x00000000ec9f9f20,0x00000000eca00000)
  to   space 5632K, 0% used [0x00000000ebf00000,0x00000000ebf00000,0x00000000ec480000)
 ParOldGen       total 68608K, used 41444K [0x00000000c0000000, 0x00000000c4300000, 0x00000000eab00000)
  object space 68608K, 60% used [0x00000000c0000000,0x00000000c2879150,0x00000000c4300000)
 Metaspace       used 50253K, committed 51520K, reserved 1114112K
  class space    used 5311K, committed 5824K, reserved 1048576K
}

