# JRE version: OpenJDK Runtime Environment Temurin-21.0.8+9 (21.0.8+9) (build 21.0.8+9-LTS)
# Java VM: OpenJDK 64-Bit Server VM Temurin-21.0.8+9 (21.0.8+9-LTS, mixed mode, sharing, tiered, compressed oops, compressed class ptrs, parallel gc, windows-amd64)
GC Precious Log:
 CardTable entry size: 512
 CPUs: 8 total, 8 available
 Memory: 7886M
 Large Page Support: Disabled
 NUMA Support: Disabled
 Compressed Oops: Enabled (32-bit)
 Alignments: Space 512K, Generation 512K, Heap 2M
 Heap Min Capacity: 100M
 Heap Initial Capacity: 100M
 Heap Max Capacity: 2G
 Pre-touch: Disabled
 Parallel Workers: 8
Heap:
 PSYoungGen      total 6144K, used 5845K [0x00000000d5580000, 0x00000000d5d00000, 0x0000000100000000)
  eden space 4608K, 100% used [0x00000000d5580000,0x00000000d5a00000,0x00000000d5a00000)
  from space 1536K, 80% used [0x00000000d5b80000,0x00000000d5cb5618,0x00000000d5d00000)
  to   space 1536K, 14% used [0x00000000d5a00000,0x00000000d5a38000,0x00000000d5b80000)
 ParOldGen       total 209408K, used 209065K [0x0000000080000000, 0x000000008cc80000, 0x00000000d5580000)
  object space 209408K, 99% used [0x0000000080000000,0x000000008cc2c760,0x000000008cc80000)
 Metaspace       used 63396K, committed 64768K, reserved 1114112K
  class space    used 6659K, committed 7296K, reserved 1048576K
GC Heap History (20 events):
Event: 37.385 GC heap before
{Heap before GC invocations=140 (full 3):
 PSYoungGen      total 6656K, used 6309K [0x00000000d5580000, 0x00000000d5d80000, 0x0000000100000000)
  eden space 5120K, 100% used [0x00000000d5580000,0x00000000d5a80000,0x00000000d5a80000)
  from space 1536K, 77% used [0x00000000d5c00000,0x00000000d5d29490,0x00000000d5d80000)
  to   space 1536K, 0% used [0x00000000d5a80000,0x00000000d5a80000,0x00000000d5c00000)
 ParOldGen       total 195584K, used 195132K [0x0000000080000000, 0x000000008bf00000, 0x00000000d5580000)
  object space 195584K, 99% used [0x0000000080000000,0x000000008be8f3d8,0x000000008bf00000)
 Metaspace       used 63047K, committed 64384K, reserved 1114112K
  class space    used 6650K, committed 7232K, reserved 1048576K
}
Event: 37.386 GC heap after
{Heap after GC invocations=140 (full 3):
 PSYoungGen      total 6656K, used 1201K [0x00000000d5580000, 0x00000000d5d80000, 0x0000000100000000)
  eden space 5120K, 0% used [0x00000000d5580000,0x00000000d5580000,0x00000000d5a80000)
  from space 1536K, 78% used [0x00000000d5a80000,0x00000000d5bac580,0x00000000d5c00000)
  to   space 1536K, 0% used [0x00000000d5c00000,0x00000000d5c00000,0x00000000d5d80000)
 ParOldGen       total 196608K, used 196190K [0x0000000080000000, 0x000000008c000000, 0x00000000d5580000)
  object space 196608K, 99% used [0x0000000080000000,0x000000008bf97a50,0x000000008c000000)
 Metaspace       used 63047K, committed 64384K, reserved 1114112K
  class space    used 6650K, committed 7232K, reserved 1048576K
}
Event: 37.402 GC heap before
{Heap before GC invocations=141 (full 3):
 PSYoungGen      total 6656K, used 6321K [0x00000000d5580000, 0x00000000d5d80000, 0x0000000100000000)
  eden space 5120K, 100% used [0x00000000d5580000,0x00000000d5a80000,0x00000000d5a80000)
  from space 1536K, 78% used [0x00000000d5a80000,0x00000000d5bac580,0x00000000d5c00000)
  to   space 1536K, 0% used [0x00000000d5c00000,0x00000000d5c00000,0x00000000d5d80000)
 ParOldGen       total 196608K, used 196190K [0x0000000080000000, 0x000000008c000000, 0x00000000d5580000)
  object space 196608K, 99% used [0x0000000080000000,0x000000008bf97a50,0x000000008c000000)
 Metaspace       used 63105K, committed 64448K, reserved 1114112K
  class space    used 6651K, committed 7232K, reserved 1048576K
}
Event: 37.405 GC heap after
{Heap after GC invocations=141 (full 3):
 PSYoungGen      total 6656K, used 1404K [0x00000000d5580000, 0x00000000d5d80000, 0x0000000100000000)
  eden space 5120K, 0% used [0x00000000d5580000,0x00000000d5580000,0x00000000d5a80000)
  from space 1536K, 91% used [0x00000000d5c00000,0x00000000d5d5f2a8,0x00000000d5d80000)
  to   space 1536K, 0% used [0x00000000d5a80000,0x00000000d5a80000,0x00000000d5c00000)
 ParOldGen       total 197632K, used 197309K [0x0000000080000000, 0x000000008c100000, 0x00000000d5580000)
  object space 197632K, 99% used [0x0000000080000000,0x000000008c0af6a0,0x000000008c100000)
 Metaspace       used 63105K, committed 64448K, reserved 1114112K
  class space    used 6651K, committed 7232K, reserved 1048576K
}
Event: 37.419 GC heap before
{Heap before GC invocations=142 (full 3):
 PSYoungGen      total 6656K, used 6524K [0x00000000d5580000, 0x00000000d5d80000, 0x0000000100000000)
  eden space 5120K, 100% used [0x00000000d5580000,0x00000000d5a80000,0x00000000d5a80000)
  from space 1536K, 91% used [0x00000000d5c00000,0x00000000d5d5f2a8,0x00000000d5d80000)
  to   space 1536K, 0% used [0x00000000d5a80000,0x00000000d5a80000,0x00000000d5c00000)
 ParOldGen       total 197632K, used 197309K [0x0000000080000000, 0x000000008c100000, 0x00000000d5580000)
  object space 197632K, 99% used [0x0000000080000000,0x000000008c0af6a0,0x000000008c100000)
 Metaspace       used 63138K, committed 64448K, reserved 1114112K
  class space    used 6651K, committed 7232K, reserved 1048576K
}
Event: 37.422 GC heap after
{Heap after GC invocations=142 (full 3):
 PSYoungGen      total 6656K, used 1170K [0x00000000d5580000, 0x00000000d5d80000, 0x0000000100000000)
  eden space 5120K, 0% used [0x00000000d5580000,0x00000000d5580000,0x00000000d5a80000)
  from space 1536K, 76% used [0x00000000d5a80000,0x00000000d5ba48f8,0x00000000d5c00000)
  to   space 1536K, 0% used [0x00000000d5c00000,0x00000000d5c00000,0x00000000d5d80000)
 ParOldGen       total 198656K, used 198488K [0x0000000080000000, 0x000000008c200000, 0x00000000d5580000)
  object space 198656K, 99% used [0x0000000080000000,0x000000008c1d63b8,0x000000008c200000)
 Metaspace       used 63138K, committed 64448K, reserved 1114112K
  class space    used 6651K, committed 7232K, reserved 1048576K
}
Event: 37.438 GC heap before
{Heap before GC invocations=143 (full 3):
 PSYoungGen      total 6656K, used 6290K [0x00000000d5580000, 0x00000000d5d80000, 0x0000000100000000)
  eden space 5120K, 100% used [0x00000000d5580000,0x00000000d5a80000,0x00000000d5a80000)
  from space 1536K, 76% used [0x00000000d5a80000,0x00000000d5ba48f8,0x00000000d5c00000)
  to   space 1536K, 0% used [0x00000000d5c00000,0x00000000d5c00000,0x00000000d5d80000)
 ParOldGen       total 198656K, used 198488K [0x0000000080000000, 0x000000008c200000, 0x00000000d5580000)
  object space 198656K, 99% used [0x0000000080000000,0x000000008c1d63b8,0x000000008c200000)
 Metaspace       used 63179K, committed 64512K, reserved 1114112K
  class space    used 6651K, committed 7232K, reserved 1048576K
}
Event: 37.440 GC heap after
{Heap after GC invocations=143 (full 3):
 PSYoungGen      total 6656K, used 1315K [0x00000000d5580000, 0x00000000d5d80000, 0x0000000100000000)
  eden space 5120K, 0% used [0x00000000d5580000,0x00000000d5580000,0x00000000d5a80000)
  from space 1536K, 85% used [0x00000000d5c00000,0x00000000d5d48d28,0x00000000d5d80000)
  to   space 1536K, 0% used [0x00000000d5a80000,0x00000000d5a80000,0x00000000d5c00000)
 ParOldGen       total 199680K, used 199550K [0x0000000080000000, 0x000000008c300000, 0x00000000d5580000)
  object space 199680K, 99% used [0x0000000080000000,0x000000008c2dfaa0,0x000000008c300000)
 Metaspace       used 63179K, committed 64512K, reserved 1114112K
  class space    used 6651K, committed 7232K, reserved 1048576K
}
Event: 37.459 GC heap before
{Heap before GC invocations=144 (full 3):
 PSYoungGen      total 6656K, used 6435K [0x00000000d5580000, 0x00000000d5d80000, 0x0000000100000000)
  eden space 5120K, 100% used [0x00000000d5580000,0x00000000d5a80000,0x00000000d5a80000)
  from space 1536K, 85% used [0x00000000d5c00000,0x00000000d5d48d28,0x00000000d5d80000)
  to   space 1536K, 0% used [0x00000000d5a80000,0x00000000d5a80000,0x00000000d5c00000)
 ParOldGen       total 199680K, used 199550K [0x0000000080000000, 0x000000008c300000, 0x00000000d5580000)
  object space 199680K, 99% used [0x0000000080000000,0x000000008c2dfaa0,0x000000008c300000)
 Metaspace       used 63195K, committed 64512K, reserved 1114112K
  class space    used 6652K, committed 7232K, reserved 1048576K
}
Event: 37.460 GC heap after
{Heap after GC invocations=144 (full 3):
 PSYoungGen      total 6656K, used 1224K [0x00000000d5580000, 0x00000000d5d80000, 0x0000000100000000)
  eden space 5120K, 0% used [0x00000000d5580000,0x00000000d5580000,0x00000000d5a80000)
  from space 1536K, 79% used [0x00000000d5a80000,0x00000000d5bb2110,0x00000000d5c00000)
  to   space 1536K, 0% used [0x00000000d5c00000,0x00000000d5c00000,0x00000000d5d80000)
 ParOldGen       total 200704K, used 200689K [0x0000000080000000, 0x000000008c400000, 0x00000000d5580000)
  object space 200704K, 99% used [0x0000000080000000,0x000000008c3fc5c0,0x000000008c400000)
 Metaspace       used 63195K, committed 64512K, reserved 1114112K
  class space    used 6652K, committed 7232K, reserved 1048576K
}
Event: 37.477 GC heap before
{Heap before GC invocations=145 (full 3):
 PSYoungGen      total 6656K, used 6344K [0x00000000d5580000, 0x00000000d5d80000, 0x0000000100000000)
  eden space 5120K, 100% used [0x00000000d5580000,0x00000000d5a80000,0x00000000d5a80000)
  from space 1536K, 79% used [0x00000000d5a80000,0x00000000d5bb2110,0x00000000d5c00000)
  to   space 1536K, 0% used [0x00000000d5c00000,0x00000000d5c00000,0x00000000d5d80000)
 ParOldGen       total 200704K, used 200689K [0x0000000080000000, 0x000000008c400000, 0x00000000d5580000)
  object space 200704K, 99% used [0x0000000080000000,0x000000008c3fc5c0,0x000000008c400000)
 Metaspace       used 63225K, committed 64512K, reserved 1114112K
  class space    used 6652K, committed 7232K, reserved 1048576K
}
Event: 37.479 GC heap after
{Heap after GC invocations=145 (full 3):
 PSYoungGen      total 6656K, used 1296K [0x00000000d5580000, 0x00000000d5d80000, 0x0000000100000000)
  eden space 5120K, 0% used [0x00000000d5580000,0x00000000d5580000,0x00000000d5a80000)
  from space 1536K, 84% used [0x00000000d5c00000,0x00000000d5d442f0,0x00000000d5d80000)
  to   space 1536K, 0% used [0x00000000d5a80000,0x00000000d5a80000,0x00000000d5c00000)
 ParOldGen       total 202240K, used 201776K [0x0000000080000000, 0x000000008c580000, 0x00000000d5580000)
  object space 202240K, 99% used [0x0000000080000000,0x000000008c50c080,0x000000008c580000)
 Metaspace       used 63225K, committed 64512K, reserved 1114112K
  class space    used 6652K, committed 7232K, reserved 1048576K
}
Event: 37.496 GC heap before
{Heap before GC invocations=146 (full 3):
 PSYoungGen      total 6656K, used 6416K [0x00000000d5580000, 0x00000000d5d80000, 0x0000000100000000)
  eden space 5120K, 100% used [0x00000000d5580000,0x00000000d5a80000,0x00000000d5a80000)
  from space 1536K, 84% used [0x00000000d5c00000,0x00000000d5d442f0,0x00000000d5d80000)
  to   space 1536K, 0% used [0x00000000d5a80000,0x00000000d5a80000,0x00000000d5c00000)
 ParOldGen       total 202240K, used 201776K [0x0000000080000000, 0x000000008c580000, 0x00000000d5580000)
  object space 202240K, 99% used [0x0000000080000000,0x000000008c50c080,0x000000008c580000)
 Metaspace       used 63250K, committed 64576K, reserved 1114112K
  class space    used 6652K, committed 7232K, reserved 1048576K
}
Event: 37.498 GC heap after
{Heap after GC invocations=146 (full 3):
 PSYoungGen      total 6656K, used 1227K [0x00000000d5580000, 0x00000000d5d80000, 0x0000000100000000)
  eden space 5120K, 0% used [0x00000000d5580000,0x00000000d5580000,0x00000000d5a80000)
  from space 1536K, 79% used [0x00000000d5a80000,0x00000000d5bb2ff8,0x00000000d5c00000)
  to   space 1536K, 0% used [0x00000000d5c00000,0x00000000d5c00000,0x00000000d5d80000)
 ParOldGen       total 203264K, used 202935K [0x0000000080000000, 0x000000008c680000, 0x00000000d5580000)
  object space 203264K, 99% used [0x0000000080000000,0x000000008c62dc20,0x000000008c680000)
 Metaspace       used 63250K, committed 64576K, reserved 1114112K
  class space    used 6652K, committed 7232K, reserved 1048576K
}
Event: 37.515 GC heap before
{Heap before GC invocations=147 (full 3):
 PSYoungGen      total 6656K, used 6347K [0x00000000d5580000, 0x00000000d5d80000, 0x0000000100000000)
  eden space 5120K, 100% used [0x00000000d5580000,0x00000000d5a80000,0x00000000d5a80000)
  from space 1536K, 79% used [0x00000000d5a80000,0x00000000d5bb2ff8,0x00000000d5c00000)
  to   space 1536K, 0% used [0x00000000d5c00000,0x00000000d5c00000,0x00000000d5d80000)
 ParOldGen       total 203264K, used 202935K [0x0000000080000000, 0x000000008c680000, 0x00000000d5580000)
  object space 203264K, 99% used [0x0000000080000000,0x000000008c62dc20,0x000000008c680000)
 Metaspace       used 63260K, committed 64576K, reserved 1114112K
  class space    used 6652K, committed 7232K, reserved 1048576K
}
Event: 37.517 GC heap after
{Heap after GC invocations=147 (full 3):
 PSYoungGen      total 6656K, used 1296K [0x00000000d5580000, 0x00000000d5d80000, 0x0000000100000000)
  eden space 5120K, 0% used [0x00000000d5580000,0x00000000d5580000,0x00000000d5a80000)
  from space 1536K, 84% used [0x00000000d5c00000,0x00000000d5d44018,0x00000000d5d80000)
  to   space 1536K, 0% used [0x00000000d5a80000,0x00000000d5a80000,0x00000000d5c00000)
 ParOldGen       total 204288K, used 203990K [0x0000000080000000, 0x000000008c780000, 0x00000000d5580000)
  object space 204288K, 99% used [0x0000000080000000,0x000000008c735a90,0x000000008c780000)
 Metaspace       used 63260K, committed 64576K, reserved 1114112K
  class space    used 6652K, committed 7232K, reserved 1048576K
}
Event: 38.537 GC heap before
{Heap before GC invocations=148 (full 3):
 PSYoungGen      total 6656K, used 6416K [0x00000000d5580000, 0x00000000d5d80000, 0x0000000100000000)
  eden space 5120K, 100% used [0x00000000d5580000,0x00000000d5a80000,0x00000000d5a80000)
  from space 1536K, 84% used [0x00000000d5c00000,0x00000000d5d44018,0x00000000d5d80000)
  to   space 1536K, 0% used [0x00000000d5a80000,0x00000000d5a80000,0x00000000d5c00000)
 ParOldGen       total 204288K, used 203990K [0x0000000080000000, 0x000000008c780000, 0x00000000d5580000)
  object space 204288K, 99% used [0x0000000080000000,0x000000008c735a90,0x000000008c780000)
 Metaspace       used 63291K, committed 64576K, reserved 1114112K
  class space    used 6652K, committed 7232K, reserved 1048576K
}
Event: 38.540 GC heap after
{Heap after GC invocations=148 (full 3):
 PSYoungGen      total 6656K, used 1424K [0x00000000d5580000, 0x00000000d5d80000, 0x0000000100000000)
  eden space 5120K, 0% used [0x00000000d5580000,0x00000000d5580000,0x00000000d5a80000)
  from space 1536K, 92% used [0x00000000d5a80000,0x00000000d5be43c0,0x00000000d5c00000)
  to   space 1536K, 0% used [0x00000000d5c00000,0x00000000d5c00000,0x00000000d5d80000)
 ParOldGen       total 205312K, used 205139K [0x0000000080000000, 0x000000008c880000, 0x00000000d5580000)
  object space 205312K, 99% used [0x0000000080000000,0x000000008c854fa0,0x000000008c880000)
 Metaspace       used 63291K, committed 64576K, reserved 1114112K
  class space    used 6652K, committed 7232K, reserved 1048576K
}
Event: 40.579 GC heap before
{Heap before GC invocations=149 (full 3):
 PSYoungGen      total 6656K, used 6544K [0x00000000d5580000, 0x00000000d5d80000, 0x0000000100000000)
  eden space 5120K, 100% used [0x00000000d5580000,0x00000000d5a80000,0x00000000d5a80000)
  from space 1536K, 92% used [0x00000000d5a80000,0x00000000d5be43c0,0x00000000d5c00000)
  to   space 1536K, 0% used [0x00000000d5c00000,0x00000000d5c00000,0x00000000d5d80000)
 ParOldGen       total 205312K, used 205139K [0x0000000080000000, 0x000000008c880000, 0x00000000d5580000)
  object space 205312K, 99% used [0x0000000080000000,0x000000008c854fa0,0x000000008c880000)
 Metaspace       used 63338K, committed 64640K, reserved 1114112K
  class space    used 6652K, committed 7232K, reserved 1048576K
}
Event: 43.610 GC heap after
{Heap after GC invocations=149 (full 3):
 PSYoungGen      total 6144K, used 1533K [0x00000000d5580000, 0x00000000d5f80000, 0x0000000100000000)
  eden space 4608K, 0% used [0x00000000d5580000,0x00000000d5580000,0x00000000d5a00000)
  from space 1536K, 99% used [0x00000000d5c00000,0x00000000d5d7f5c8,0x00000000d5d80000)
  to   space 2048K, 0% used [0x00000000d5a00000,0x00000000d5a00000,0x00000000d5c00000)
 ParOldGen       total 206848K, used 206435K [0x0000000080000000, 0x000000008ca00000, 0x00000000d5580000)
  object space 206848K, 99% used [0x0000000080000000,0x000000008c998cd0,0x000000008ca00000)
 Metaspace       used 63338K, committed 64640K, reserved 1114112K
  class space    used 6652K, committed 7232K, reserved 1048576K
}

