# JRE version: OpenJDK Runtime Environment Temurin-21.0.6+7 (21.0.6+7) (build 21.0.6+7-LTS)
# Java VM: OpenJDK 64-Bit Server VM Temurin-21.0.6+7 (21.0.6+7-LTS, mixed mode, sharing, tiered, compressed oops, compressed class ptrs, parallel gc, windows-amd64)
GC Precious Log:
 CardTable entry size: 512
 CPUs: 8 total, 8 available
 Memory: 7886M
 Large Page Support: Disabled
 NUMA Support: Disabled
 Compressed Oops: Enabled (32-bit)
 Alignments: Space 512K, Generation 512K, Heap 2M
 Heap Min Capacity: 100M
 Heap Initial Capacity: 100M
 Heap Max Capacity: 1G
 Pre-touch: Disabled
 Parallel Workers: 8
Heap:
 PSYoungGen      total 3584K, used 887K [0x00000000eab00000, 0x00000000eb180000, 0x0000000100000000)
  eden space 3072K, 19% used [0x00000000eab00000,0x00000000eab95d00,0x00000000eae00000)
  from space 512K, 56% used [0x00000000eb080000,0x00000000eb0c8000,0x00000000eb100000)
  to   space 512K, 0% used [0x00000000eb100000,0x00000000eb100000,0x00000000eb180000)
 ParOldGen       total 443392K, used 443083K [0x00000000c0000000, 0x00000000db100000, 0x00000000eab00000)
  object space 443392K, 99% used [0x00000000c0000000,0x00000000db0b2e60,0x00000000db100000)
 Metaspace       used 73507K, committed 75136K, reserved 1179648K
  class space    used 7338K, committed 8064K, reserved 1048576K
GC Heap History (20 events):
Event: 116.388 GC heap before
{Heap before GC invocations=453 (full 3):
 PSYoungGen      total 3584K, used 3552K [0x00000000eab00000, 0x00000000eb500000, 0x0000000100000000)
  eden space 3072K, 100% used [0x00000000eab00000,0x00000000eae00000,0x00000000eae00000)
  from space 512K, 93% used [0x00000000eb080000,0x00000000eb0f8128,0x00000000eb100000)
  to   space 3584K, 0% used [0x00000000eb180000,0x00000000eb180000,0x00000000eb500000)
 ParOldGen       total 440832K, used 440742K [0x00000000c0000000, 0x00000000dae80000, 0x00000000eab00000)
  object space 440832K, 99% used [0x00000000c0000000,0x00000000dae698a8,0x00000000dae80000)
 Metaspace       used 72765K, committed 74368K, reserved 1179648K
  class space    used 7253K, committed 8000K, reserved 1048576K
}
Event: 116.393 GC heap after
{Heap after GC invocations=453 (full 3):
 PSYoungGen      total 4608K, used 1488K [0x00000000eab00000, 0x00000000eb300000, 0x0000000100000000)
  eden space 3072K, 0% used [0x00000000eab00000,0x00000000eab00000,0x00000000eae00000)
  from space 1536K, 96% used [0x00000000eb180000,0x00000000eb2f4010,0x00000000eb300000)
  to   space 2048K, 0% used [0x00000000eaf00000,0x00000000eaf00000,0x00000000eb100000)
 ParOldGen       total 441344K, used 441206K [0x00000000c0000000, 0x00000000daf00000, 0x00000000eab00000)
  object space 441344K, 99% used [0x00000000c0000000,0x00000000daedd9d0,0x00000000daf00000)
 Metaspace       used 72765K, committed 74368K, reserved 1179648K
  class space    used 7253K, committed 8000K, reserved 1048576K
}
Event: 116.605 GC heap before
{Heap before GC invocations=454 (full 3):
 PSYoungGen      total 4608K, used 4560K [0x00000000eab00000, 0x00000000eb300000, 0x0000000100000000)
  eden space 3072K, 100% used [0x00000000eab00000,0x00000000eae00000,0x00000000eae00000)
  from space 1536K, 96% used [0x00000000eb180000,0x00000000eb2f4010,0x00000000eb300000)
  to   space 2048K, 0% used [0x00000000eaf00000,0x00000000eaf00000,0x00000000eb100000)
 ParOldGen       total 441344K, used 441206K [0x00000000c0000000, 0x00000000daf00000, 0x00000000eab00000)
  object space 441344K, 99% used [0x00000000c0000000,0x00000000daedd9d0,0x00000000daf00000)
 Metaspace       used 72795K, committed 74432K, reserved 1179648K
  class space    used 7254K, committed 8000K, reserved 1048576K
}
Event: 116.608 GC heap after
{Heap after GC invocations=454 (full 3):
 PSYoungGen      total 5120K, used 288K [0x00000000eab00000, 0x00000000eb200000, 0x0000000100000000)
  eden space 3072K, 0% used [0x00000000eab00000,0x00000000eab00000,0x00000000eae00000)
  from space 2048K, 14% used [0x00000000eaf00000,0x00000000eaf48000,0x00000000eb100000)
  to   space 1024K, 0% used [0x00000000eb100000,0x00000000eb100000,0x00000000eb200000)
 ParOldGen       total 442880K, used 442563K [0x00000000c0000000, 0x00000000db080000, 0x00000000eab00000)
  object space 442880K, 99% used [0x00000000c0000000,0x00000000db030e60,0x00000000db080000)
 Metaspace       used 72795K, committed 74432K, reserved 1179648K
  class space    used 7254K, committed 8000K, reserved 1048576K
}
Event: 116.791 GC heap before
{Heap before GC invocations=455 (full 3):
 PSYoungGen      total 5120K, used 3360K [0x00000000eab00000, 0x00000000eb200000, 0x0000000100000000)
  eden space 3072K, 100% used [0x00000000eab00000,0x00000000eae00000,0x00000000eae00000)
  from space 2048K, 14% used [0x00000000eaf00000,0x00000000eaf48000,0x00000000eb100000)
  to   space 1024K, 0% used [0x00000000eb100000,0x00000000eb100000,0x00000000eb200000)
 ParOldGen       total 442880K, used 442563K [0x00000000c0000000, 0x00000000db080000, 0x00000000eab00000)
  object space 442880K, 99% used [0x00000000c0000000,0x00000000db030e60,0x00000000db080000)
 Metaspace       used 72801K, committed 74432K, reserved 1179648K
  class space    used 7254K, committed 8000K, reserved 1048576K
}
Event: 116.794 GC heap after
{Heap after GC invocations=455 (full 3):
 PSYoungGen      total 3584K, used 304K [0x00000000eab00000, 0x00000000eb180000, 0x0000000100000000)
  eden space 3072K, 0% used [0x00000000eab00000,0x00000000eab00000,0x00000000eae00000)
  from space 512K, 59% used [0x00000000eb100000,0x00000000eb14c010,0x00000000eb180000)
  to   space 512K, 0% used [0x00000000eb080000,0x00000000eb080000,0x00000000eb100000)
 ParOldGen       total 442880K, used 442691K [0x00000000c0000000, 0x00000000db080000, 0x00000000eab00000)
  object space 442880K, 99% used [0x00000000c0000000,0x00000000db050e60,0x00000000db080000)
 Metaspace       used 72801K, committed 74432K, reserved 1179648K
  class space    used 7254K, committed 8000K, reserved 1048576K
}
Event: 117.081 GC heap before
{Heap before GC invocations=456 (full 3):
 PSYoungGen      total 3584K, used 3376K [0x00000000eab00000, 0x00000000eb180000, 0x0000000100000000)
  eden space 3072K, 100% used [0x00000000eab00000,0x00000000eae00000,0x00000000eae00000)
  from space 512K, 59% used [0x00000000eb100000,0x00000000eb14c010,0x00000000eb180000)
  to   space 512K, 0% used [0x00000000eb080000,0x00000000eb080000,0x00000000eb100000)
 ParOldGen       total 442880K, used 442691K [0x00000000c0000000, 0x00000000db080000, 0x00000000eab00000)
  object space 442880K, 99% used [0x00000000c0000000,0x00000000db050e60,0x00000000db080000)
 Metaspace       used 72811K, committed 74432K, reserved 1179648K
  class space    used 7254K, committed 8000K, reserved 1048576K
}
Event: 117.083 GC heap after
{Heap after GC invocations=456 (full 3):
 PSYoungGen      total 3584K, used 320K [0x00000000eab00000, 0x00000000eb180000, 0x0000000100000000)
  eden space 3072K, 0% used [0x00000000eab00000,0x00000000eab00000,0x00000000eae00000)
  from space 512K, 62% used [0x00000000eb080000,0x00000000eb0d0000,0x00000000eb100000)
  to   space 512K, 0% used [0x00000000eb100000,0x00000000eb100000,0x00000000eb180000)
 ParOldGen       total 442880K, used 442731K [0x00000000c0000000, 0x00000000db080000, 0x00000000eab00000)
  object space 442880K, 99% used [0x00000000c0000000,0x00000000db05ae60,0x00000000db080000)
 Metaspace       used 72811K, committed 74432K, reserved 1179648K
  class space    used 7254K, committed 8000K, reserved 1048576K
}
Event: 118.079 GC heap before
{Heap before GC invocations=457 (full 3):
 PSYoungGen      total 3584K, used 3392K [0x00000000eab00000, 0x00000000eb180000, 0x0000000100000000)
  eden space 3072K, 100% used [0x00000000eab00000,0x00000000eae00000,0x00000000eae00000)
  from space 512K, 62% used [0x00000000eb080000,0x00000000eb0d0000,0x00000000eb100000)
  to   space 512K, 0% used [0x00000000eb100000,0x00000000eb100000,0x00000000eb180000)
 ParOldGen       total 442880K, used 442731K [0x00000000c0000000, 0x00000000db080000, 0x00000000eab00000)
  object space 442880K, 99% used [0x00000000c0000000,0x00000000db05ae60,0x00000000db080000)
 Metaspace       used 72827K, committed 74432K, reserved 1179648K
  class space    used 7254K, committed 8000K, reserved 1048576K
}
Event: 118.080 GC heap after
{Heap after GC invocations=457 (full 3):
 PSYoungGen      total 3584K, used 192K [0x00000000eab00000, 0x00000000eb180000, 0x0000000100000000)
  eden space 3072K, 0% used [0x00000000eab00000,0x00000000eab00000,0x00000000eae00000)
  from space 512K, 37% used [0x00000000eb100000,0x00000000eb130000,0x00000000eb180000)
  to   space 512K, 0% used [0x00000000eb080000,0x00000000eb080000,0x00000000eb100000)
 ParOldGen       total 442880K, used 442835K [0x00000000c0000000, 0x00000000db080000, 0x00000000eab00000)
  object space 442880K, 99% used [0x00000000c0000000,0x00000000db074e60,0x00000000db080000)
 Metaspace       used 72827K, committed 74432K, reserved 1179648K
  class space    used 7254K, committed 8000K, reserved 1048576K
}
Event: 121.165 GC heap before
{Heap before GC invocations=458 (full 3):
 PSYoungGen      total 3584K, used 3264K [0x00000000eab00000, 0x00000000eb180000, 0x0000000100000000)
  eden space 3072K, 100% used [0x00000000eab00000,0x00000000eae00000,0x00000000eae00000)
  from space 512K, 37% used [0x00000000eb100000,0x00000000eb130000,0x00000000eb180000)
  to   space 512K, 0% used [0x00000000eb080000,0x00000000eb080000,0x00000000eb100000)
 ParOldGen       total 442880K, used 442835K [0x00000000c0000000, 0x00000000db080000, 0x00000000eab00000)
  object space 442880K, 99% used [0x00000000c0000000,0x00000000db074e60,0x00000000db080000)
 Metaspace       used 72955K, committed 74560K, reserved 1179648K
  class space    used 7262K, committed 8000K, reserved 1048576K
}
Event: 121.167 GC heap after
{Heap after GC invocations=458 (full 3):
 PSYoungGen      total 3584K, used 256K [0x00000000eab00000, 0x00000000eb180000, 0x0000000100000000)
  eden space 3072K, 0% used [0x00000000eab00000,0x00000000eab00000,0x00000000eae00000)
  from space 512K, 50% used [0x00000000eb080000,0x00000000eb0c0000,0x00000000eb100000)
  to   space 512K, 0% used [0x00000000eb100000,0x00000000eb100000,0x00000000eb180000)
 ParOldGen       total 442880K, used 442851K [0x00000000c0000000, 0x00000000db080000, 0x00000000eab00000)
  object space 442880K, 99% used [0x00000000c0000000,0x00000000db078e60,0x00000000db080000)
 Metaspace       used 72955K, committed 74560K, reserved 1179648K
  class space    used 7262K, committed 8000K, reserved 1048576K
}
Event: 121.203 GC heap before
{Heap before GC invocations=459 (full 3):
 PSYoungGen      total 3584K, used 3328K [0x00000000eab00000, 0x00000000eb180000, 0x0000000100000000)
  eden space 3072K, 100% used [0x00000000eab00000,0x00000000eae00000,0x00000000eae00000)
  from space 512K, 50% used [0x00000000eb080000,0x00000000eb0c0000,0x00000000eb100000)
  to   space 512K, 0% used [0x00000000eb100000,0x00000000eb100000,0x00000000eb180000)
 ParOldGen       total 442880K, used 442851K [0x00000000c0000000, 0x00000000db080000, 0x00000000eab00000)
  object space 442880K, 99% used [0x00000000c0000000,0x00000000db078e60,0x00000000db080000)
 Metaspace       used 73157K, committed 74816K, reserved 1179648K
  class space    used 7284K, committed 8064K, reserved 1048576K
}
Event: 121.205 GC heap after
{Heap after GC invocations=459 (full 3):
 PSYoungGen      total 3584K, used 256K [0x00000000eab00000, 0x00000000eb180000, 0x0000000100000000)
  eden space 3072K, 0% used [0x00000000eab00000,0x00000000eab00000,0x00000000eae00000)
  from space 512K, 50% used [0x00000000eb100000,0x00000000eb140010,0x00000000eb180000)
  to   space 512K, 0% used [0x00000000eb080000,0x00000000eb080000,0x00000000eb100000)
 ParOldGen       total 443392K, used 442899K [0x00000000c0000000, 0x00000000db100000, 0x00000000eab00000)
  object space 443392K, 99% used [0x00000000c0000000,0x00000000db084e60,0x00000000db100000)
 Metaspace       used 73157K, committed 74816K, reserved 1179648K
  class space    used 7284K, committed 8064K, reserved 1048576K
}
Event: 121.662 GC heap before
{Heap before GC invocations=460 (full 3):
 PSYoungGen      total 3584K, used 3320K [0x00000000eab00000, 0x00000000eb180000, 0x0000000100000000)
  eden space 3072K, 99% used [0x00000000eab00000,0x00000000eadfe000,0x00000000eae00000)
  from space 512K, 50% used [0x00000000eb100000,0x00000000eb140010,0x00000000eb180000)
  to   space 512K, 0% used [0x00000000eb080000,0x00000000eb080000,0x00000000eb100000)
 ParOldGen       total 443392K, used 442899K [0x00000000c0000000, 0x00000000db100000, 0x00000000eab00000)
  object space 443392K, 99% used [0x00000000c0000000,0x00000000db084e60,0x00000000db100000)
 Metaspace       used 73265K, committed 74944K, reserved 1179648K
  class space    used 7300K, committed 8064K, reserved 1048576K
}
Event: 121.664 GC heap after
{Heap after GC invocations=460 (full 3):
 PSYoungGen      total 3584K, used 192K [0x00000000eab00000, 0x00000000eb180000, 0x0000000100000000)
  eden space 3072K, 0% used [0x00000000eab00000,0x00000000eab00000,0x00000000eae00000)
  from space 512K, 37% used [0x00000000eb080000,0x00000000eb0b0000,0x00000000eb100000)
  to   space 512K, 0% used [0x00000000eb100000,0x00000000eb100000,0x00000000eb180000)
 ParOldGen       total 443392K, used 442939K [0x00000000c0000000, 0x00000000db100000, 0x00000000eab00000)
  object space 443392K, 99% used [0x00000000c0000000,0x00000000db08ee60,0x00000000db100000)
 Metaspace       used 73265K, committed 74944K, reserved 1179648K
  class space    used 7300K, committed 8064K, reserved 1048576K
}
Event: 121.873 GC heap before
{Heap before GC invocations=461 (full 3):
 PSYoungGen      total 3584K, used 3264K [0x00000000eab00000, 0x00000000eb180000, 0x0000000100000000)
  eden space 3072K, 100% used [0x00000000eab00000,0x00000000eae00000,0x00000000eae00000)
  from space 512K, 37% used [0x00000000eb080000,0x00000000eb0b0000,0x00000000eb100000)
  to   space 512K, 0% used [0x00000000eb100000,0x00000000eb100000,0x00000000eb180000)
 ParOldGen       total 443392K, used 442939K [0x00000000c0000000, 0x00000000db100000, 0x00000000eab00000)
  object space 443392K, 99% used [0x00000000c0000000,0x00000000db08ee60,0x00000000db100000)
 Metaspace       used 73499K, committed 75136K, reserved 1179648K
  class space    used 7338K, committed 8064K, reserved 1048576K
}
Event: 121.874 GC heap after
{Heap after GC invocations=461 (full 3):
 PSYoungGen      total 3584K, used 352K [0x00000000eab00000, 0x00000000eb180000, 0x0000000100000000)
  eden space 3072K, 0% used [0x00000000eab00000,0x00000000eab00000,0x00000000eae00000)
  from space 512K, 68% used [0x00000000eb100000,0x00000000eb158000,0x00000000eb180000)
  to   space 512K, 0% used [0x00000000eb080000,0x00000000eb080000,0x00000000eb100000)
 ParOldGen       total 443392K, used 443019K [0x00000000c0000000, 0x00000000db100000, 0x00000000eab00000)
  object space 443392K, 99% used [0x00000000c0000000,0x00000000db0a2e60,0x00000000db100000)
 Metaspace       used 73499K, committed 75136K, reserved 1179648K
  class space    used 7338K, committed 8064K, reserved 1048576K
}
Event: 121.890 GC heap before
{Heap before GC invocations=462 (full 3):
 PSYoungGen      total 3584K, used 3424K [0x00000000eab00000, 0x00000000eb180000, 0x0000000100000000)
  eden space 3072K, 100% used [0x00000000eab00000,0x00000000eae00000,0x00000000eae00000)
  from space 512K, 68% used [0x00000000eb100000,0x00000000eb158000,0x00000000eb180000)
  to   space 512K, 0% used [0x00000000eb080000,0x00000000eb080000,0x00000000eb100000)
 ParOldGen       total 443392K, used 443019K [0x00000000c0000000, 0x00000000db100000, 0x00000000eab00000)
  object space 443392K, 99% used [0x00000000c0000000,0x00000000db0a2e60,0x00000000db100000)
 Metaspace       used 73501K, committed 75136K, reserved 1179648K
  class space    used 7338K, committed 8064K, reserved 1048576K
}
Event: 121.892 GC heap after
{Heap after GC invocations=462 (full 3):
 PSYoungGen      total 3584K, used 288K [0x00000000eab00000, 0x00000000eb180000, 0x0000000100000000)
  eden space 3072K, 0% used [0x00000000eab00000,0x00000000eab00000,0x00000000eae00000)
  from space 512K, 56% used [0x00000000eb080000,0x00000000eb0c8000,0x00000000eb100000)
  to   space 512K, 0% used [0x00000000eb100000,0x00000000eb100000,0x00000000eb180000)
 ParOldGen       total 443392K, used 443083K [0x00000000c0000000, 0x00000000db100000, 0x00000000eab00000)
  object space 443392K, 99% used [0x00000000c0000000,0x00000000db0b2e60,0x00000000db100000)
 Metaspace       used 73501K, committed 75136K, reserved 1179648K
  class space    used 7338K, committed 8064K, reserved 1048576K
}

