# JRE version: OpenJDK Runtime Environment Temurin-21.0.6+7 (21.0.6+7) (build 21.0.6+7-LTS)
# Java VM: OpenJDK 64-Bit Server VM Temurin-21.0.6+7 (21.0.6+7-LTS, mixed mode, sharing, tiered, compressed oops, compressed class ptrs, parallel gc, windows-amd64)
GC Precious Log:
 CardTable entry size: 512
 CPUs: 8 total, 8 available
 Memory: 7886M
 Large Page Support: Disabled
 NUMA Support: Disabled
 Compressed Oops: Enabled (32-bit)
 Alignments: Space 512K, Generation 512K, Heap 2M
 Heap Min Capacity: 100M
 Heap Initial Capacity: 100M
 Heap Max Capacity: 1G
 Pre-touch: Disabled
 Parallel Workers: 8
Heap:
 PSYoungGen      total 6656K, used 5317K [0x00000000eab00000, 0x00000000eb800000, 0x0000000100000000)
  eden space 5120K, 74% used [0x00000000eab00000,0x00000000eaeb36b0,0x00000000eb000000)
  from space 1536K, 99% used [0x00000000eb000000,0x00000000eb17e010,0x00000000eb180000)
  to   space 3584K, 0% used [0x00000000eb480000,0x00000000eb480000,0x00000000eb800000)
 ParOldGen       total 317440K, used 317195K [0x00000000c0000000, 0x00000000d3600000, 0x00000000eab00000)
  object space 317440K, 99% used [0x00000000c0000000,0x00000000d35c2f80,0x00000000d3600000)
 Metaspace       used 67014K, committed 68416K, reserved 1114112K
  class space    used 6822K, committed 7424K, reserved 1048576K
GC Heap History (20 events):
Event: 39.824 GC heap before
{Heap before GC invocations=371 (full 3):
 PSYoungGen      total 5632K, used 5132K [0x00000000eab00000, 0x00000000eb200000, 0x0000000100000000)
  eden space 4096K, 98% used [0x00000000eab00000,0x00000000eaef0c58,0x00000000eaf00000)
  from space 1536K, 71% used [0x00000000eaf80000,0x00000000eb092518,0x00000000eb100000)
  to   space 1024K, 0% used [0x00000000eb100000,0x00000000eb100000,0x00000000eb200000)
 ParOldGen       total 304640K, used 304586K [0x00000000c0000000, 0x00000000d2980000, 0x00000000eab00000)
  object space 304640K, 99% used [0x00000000c0000000,0x00000000d2972948,0x00000000d2980000)
 Metaspace       used 66896K, committed 68288K, reserved 1114112K
  class space    used 6811K, committed 7424K, reserved 1048576K
}
Event: 39.827 GC heap after
{Heap after GC invocations=371 (full 3):
 PSYoungGen      total 4096K, used 1012K [0x00000000eab00000, 0x00000000eb500000, 0x0000000100000000)
  eden space 3072K, 0% used [0x00000000eab00000,0x00000000eab00000,0x00000000eae00000)
  from space 1024K, 98% used [0x00000000eb100000,0x00000000eb1fd058,0x00000000eb200000)
  to   space 3072K, 0% used [0x00000000eae00000,0x00000000eae00000,0x00000000eb100000)
 ParOldGen       total 306176K, used 306043K [0x00000000c0000000, 0x00000000d2b00000, 0x00000000eab00000)
  object space 306176K, 99% used [0x00000000c0000000,0x00000000d2adec18,0x00000000d2b00000)
 Metaspace       used 66896K, committed 68288K, reserved 1114112K
  class space    used 6811K, committed 7424K, reserved 1048576K
}
Event: 39.832 GC heap before
{Heap before GC invocations=372 (full 3):
 PSYoungGen      total 4096K, used 4049K [0x00000000eab00000, 0x00000000eb500000, 0x0000000100000000)
  eden space 3072K, 98% used [0x00000000eab00000,0x00000000eadf7420,0x00000000eae00000)
  from space 1024K, 98% used [0x00000000eb100000,0x00000000eb1fd058,0x00000000eb200000)
  to   space 3072K, 0% used [0x00000000eae00000,0x00000000eae00000,0x00000000eb100000)
 ParOldGen       total 306176K, used 306043K [0x00000000c0000000, 0x00000000d2b00000, 0x00000000eab00000)
  object space 306176K, 99% used [0x00000000c0000000,0x00000000d2adec18,0x00000000d2b00000)
 Metaspace       used 66897K, committed 68288K, reserved 1114112K
  class space    used 6811K, committed 7424K, reserved 1048576K
}
Event: 39.834 GC heap after
{Heap after GC invocations=372 (full 3):
 PSYoungGen      total 4608K, used 1229K [0x00000000eab00000, 0x00000000eb200000, 0x0000000100000000)
  eden space 3072K, 0% used [0x00000000eab00000,0x00000000eab00000,0x00000000eae00000)
  from space 1536K, 80% used [0x00000000eae00000,0x00000000eaf33710,0x00000000eaf80000)
  to   space 2048K, 0% used [0x00000000eb000000,0x00000000eb000000,0x00000000eb200000)
 ParOldGen       total 307200K, used 306943K [0x00000000c0000000, 0x00000000d2c00000, 0x00000000eab00000)
  object space 307200K, 99% used [0x00000000c0000000,0x00000000d2bbff38,0x00000000d2c00000)
 Metaspace       used 66897K, committed 68288K, reserved 1114112K
  class space    used 6811K, committed 7424K, reserved 1048576K
}
Event: 39.838 GC heap before
{Heap before GC invocations=373 (full 3):
 PSYoungGen      total 4608K, used 4280K [0x00000000eab00000, 0x00000000eb200000, 0x0000000100000000)
  eden space 3072K, 99% used [0x00000000eab00000,0x00000000eadfa9d0,0x00000000eae00000)
  from space 1536K, 80% used [0x00000000eae00000,0x00000000eaf33710,0x00000000eaf80000)
  to   space 2048K, 0% used [0x00000000eb000000,0x00000000eb000000,0x00000000eb200000)
 ParOldGen       total 307200K, used 306943K [0x00000000c0000000, 0x00000000d2c00000, 0x00000000eab00000)
  object space 307200K, 99% used [0x00000000c0000000,0x00000000d2bbff38,0x00000000d2c00000)
 Metaspace       used 66898K, committed 68288K, reserved 1114112K
  class space    used 6811K, committed 7424K, reserved 1048576K
}
Event: 39.840 GC heap after
{Heap after GC invocations=373 (full 3):
 PSYoungGen      total 4608K, used 1440K [0x00000000eab00000, 0x00000000eb180000, 0x0000000100000000)
  eden space 3072K, 0% used [0x00000000eab00000,0x00000000eab00000,0x00000000eae00000)
  from space 1536K, 93% used [0x00000000eb000000,0x00000000eb168130,0x00000000eb180000)
  to   space 1536K, 0% used [0x00000000eae00000,0x00000000eae00000,0x00000000eaf80000)
 ParOldGen       total 308224K, used 308077K [0x00000000c0000000, 0x00000000d2d00000, 0x00000000eab00000)
  object space 308224K, 99% used [0x00000000c0000000,0x00000000d2cdb448,0x00000000d2d00000)
 Metaspace       used 66898K, committed 68288K, reserved 1114112K
  class space    used 6811K, committed 7424K, reserved 1048576K
}
Event: 39.846 GC heap before
{Heap before GC invocations=374 (full 3):
 PSYoungGen      total 4608K, used 4512K [0x00000000eab00000, 0x00000000eb180000, 0x0000000100000000)
  eden space 3072K, 100% used [0x00000000eab00000,0x00000000eae00000,0x00000000eae00000)
  from space 1536K, 93% used [0x00000000eb000000,0x00000000eb168130,0x00000000eb180000)
  to   space 1536K, 0% used [0x00000000eae00000,0x00000000eae00000,0x00000000eaf80000)
 ParOldGen       total 308224K, used 308077K [0x00000000c0000000, 0x00000000d2d00000, 0x00000000eab00000)
  object space 308224K, 99% used [0x00000000c0000000,0x00000000d2cdb448,0x00000000d2d00000)
 Metaspace       used 66905K, committed 68288K, reserved 1114112K
  class space    used 6811K, committed 7424K, reserved 1048576K
}
Event: 39.848 GC heap after
{Heap after GC invocations=374 (full 3):
 PSYoungGen      total 4608K, used 1208K [0x00000000eab00000, 0x00000000eb100000, 0x0000000100000000)
  eden space 3072K, 0% used [0x00000000eab00000,0x00000000eab00000,0x00000000eae00000)
  from space 1536K, 78% used [0x00000000eae00000,0x00000000eaf2e348,0x00000000eaf80000)
  to   space 1536K, 0% used [0x00000000eaf80000,0x00000000eaf80000,0x00000000eb100000)
 ParOldGen       total 309760K, used 309298K [0x00000000c0000000, 0x00000000d2e80000, 0x00000000eab00000)
  object space 309760K, 99% used [0x00000000c0000000,0x00000000d2e0cb60,0x00000000d2e80000)
 Metaspace       used 66905K, committed 68288K, reserved 1114112K
  class space    used 6811K, committed 7424K, reserved 1048576K
}
Event: 39.854 GC heap before
{Heap before GC invocations=375 (full 3):
 PSYoungGen      total 4608K, used 4243K [0x00000000eab00000, 0x00000000eb100000, 0x0000000100000000)
  eden space 3072K, 98% used [0x00000000eab00000,0x00000000eadf69b8,0x00000000eae00000)
  from space 1536K, 78% used [0x00000000eae00000,0x00000000eaf2e348,0x00000000eaf80000)
  to   space 1536K, 0% used [0x00000000eaf80000,0x00000000eaf80000,0x00000000eb100000)
 ParOldGen       total 309760K, used 309298K [0x00000000c0000000, 0x00000000d2e80000, 0x00000000eab00000)
  object space 309760K, 99% used [0x00000000c0000000,0x00000000d2e0cb60,0x00000000d2e80000)
 Metaspace       used 66909K, committed 68288K, reserved 1114112K
  class space    used 6811K, committed 7424K, reserved 1048576K
}
Event: 39.856 GC heap after
{Heap after GC invocations=375 (full 3):
 PSYoungGen      total 4608K, used 1193K [0x00000000eab00000, 0x00000000eb200000, 0x0000000100000000)
  eden space 3072K, 0% used [0x00000000eab00000,0x00000000eab00000,0x00000000eae00000)
  from space 1536K, 77% used [0x00000000eaf80000,0x00000000eb0aa638,0x00000000eb100000)
  to   space 1536K, 0% used [0x00000000eae00000,0x00000000eae00000,0x00000000eaf80000)
 ParOldGen       total 310784K, used 310409K [0x00000000c0000000, 0x00000000d2f80000, 0x00000000eab00000)
  object space 310784K, 99% used [0x00000000c0000000,0x00000000d2f225a0,0x00000000d2f80000)
 Metaspace       used 66909K, committed 68288K, reserved 1114112K
  class space    used 6811K, committed 7424K, reserved 1048576K
}
Event: 39.862 GC heap before
{Heap before GC invocations=376 (full 3):
 PSYoungGen      total 4608K, used 4265K [0x00000000eab00000, 0x00000000eb200000, 0x0000000100000000)
  eden space 3072K, 99% used [0x00000000eab00000,0x00000000eadffff8,0x00000000eae00000)
  from space 1536K, 77% used [0x00000000eaf80000,0x00000000eb0aa638,0x00000000eb100000)
  to   space 1536K, 0% used [0x00000000eae00000,0x00000000eae00000,0x00000000eaf80000)
 ParOldGen       total 310784K, used 310409K [0x00000000c0000000, 0x00000000d2f80000, 0x00000000eab00000)
  object space 310784K, 99% used [0x00000000c0000000,0x00000000d2f225a0,0x00000000d2f80000)
 Metaspace       used 66909K, committed 68288K, reserved 1114112K
  class space    used 6811K, committed 7424K, reserved 1048576K
}
Event: 39.865 GC heap after
{Heap after GC invocations=376 (full 3):
 PSYoungGen      total 4608K, used 1390K [0x00000000eab00000, 0x00000000eb200000, 0x0000000100000000)
  eden space 3072K, 0% used [0x00000000eab00000,0x00000000eab00000,0x00000000eae00000)
  from space 1536K, 90% used [0x00000000eae00000,0x00000000eaf5b948,0x00000000eaf80000)
  to   space 1536K, 0% used [0x00000000eb080000,0x00000000eb080000,0x00000000eb200000)
 ParOldGen       total 311808K, used 311499K [0x00000000c0000000, 0x00000000d3080000, 0x00000000eab00000)
  object space 311808K, 99% used [0x00000000c0000000,0x00000000d3032f08,0x00000000d3080000)
 Metaspace       used 66909K, committed 68288K, reserved 1114112K
  class space    used 6811K, committed 7424K, reserved 1048576K
}
Event: 39.870 GC heap before
{Heap before GC invocations=377 (full 3):
 PSYoungGen      total 4608K, used 4462K [0x00000000eab00000, 0x00000000eb200000, 0x0000000100000000)
  eden space 3072K, 100% used [0x00000000eab00000,0x00000000eae00000,0x00000000eae00000)
  from space 1536K, 90% used [0x00000000eae00000,0x00000000eaf5b948,0x00000000eaf80000)
  to   space 1536K, 0% used [0x00000000eb080000,0x00000000eb080000,0x00000000eb200000)
 ParOldGen       total 311808K, used 311499K [0x00000000c0000000, 0x00000000d3080000, 0x00000000eab00000)
  object space 311808K, 99% used [0x00000000c0000000,0x00000000d3032f08,0x00000000d3080000)
 Metaspace       used 66933K, committed 68352K, reserved 1114112K
  class space    used 6812K, committed 7424K, reserved 1048576K
}
Event: 39.872 GC heap after
{Heap after GC invocations=377 (full 3):
 PSYoungGen      total 5632K, used 1293K [0x00000000eab00000, 0x00000000eb200000, 0x0000000100000000)
  eden space 4096K, 0% used [0x00000000eab00000,0x00000000eab00000,0x00000000eaf00000)
  from space 1536K, 84% used [0x00000000eb080000,0x00000000eb1c37e0,0x00000000eb200000)
  to   space 1536K, 0% used [0x00000000eaf00000,0x00000000eaf00000,0x00000000eb080000)
 ParOldGen       total 312832K, used 312659K [0x00000000c0000000, 0x00000000d3180000, 0x00000000eab00000)
  object space 312832K, 99% used [0x00000000c0000000,0x00000000d3154d88,0x00000000d3180000)
 Metaspace       used 66933K, committed 68352K, reserved 1114112K
  class space    used 6812K, committed 7424K, reserved 1048576K
}
Event: 39.879 GC heap before
{Heap before GC invocations=378 (full 3):
 PSYoungGen      total 5632K, used 5335K [0x00000000eab00000, 0x00000000eb200000, 0x0000000100000000)
  eden space 4096K, 98% used [0x00000000eab00000,0x00000000eaef2540,0x00000000eaf00000)
  from space 1536K, 84% used [0x00000000eb080000,0x00000000eb1c37e0,0x00000000eb200000)
  to   space 1536K, 0% used [0x00000000eaf00000,0x00000000eaf00000,0x00000000eb080000)
 ParOldGen       total 312832K, used 312659K [0x00000000c0000000, 0x00000000d3180000, 0x00000000eab00000)
  object space 312832K, 99% used [0x00000000c0000000,0x00000000d3154d88,0x00000000d3180000)
 Metaspace       used 66968K, committed 68352K, reserved 1114112K
  class space    used 6818K, committed 7424K, reserved 1048576K
}
Event: 39.882 GC heap after
{Heap after GC invocations=378 (full 3):
 PSYoungGen      total 5632K, used 1455K [0x00000000eab00000, 0x00000000eb300000, 0x0000000100000000)
  eden space 4096K, 0% used [0x00000000eab00000,0x00000000eab00000,0x00000000eaf00000)
  from space 1536K, 94% used [0x00000000eaf00000,0x00000000eb06bcd8,0x00000000eb080000)
  to   space 1536K, 0% used [0x00000000eb180000,0x00000000eb180000,0x00000000eb300000)
 ParOldGen       total 314368K, used 314024K [0x00000000c0000000, 0x00000000d3300000, 0x00000000eab00000)
  object space 314368K, 99% used [0x00000000c0000000,0x00000000d32aa1e0,0x00000000d3300000)
 Metaspace       used 66968K, committed 68352K, reserved 1114112K
  class space    used 6818K, committed 7424K, reserved 1048576K
}
Event: 39.890 GC heap before
{Heap before GC invocations=379 (full 3):
 PSYoungGen      total 5632K, used 5551K [0x00000000eab00000, 0x00000000eb300000, 0x0000000100000000)
  eden space 4096K, 100% used [0x00000000eab00000,0x00000000eaf00000,0x00000000eaf00000)
  from space 1536K, 94% used [0x00000000eaf00000,0x00000000eb06bcd8,0x00000000eb080000)
  to   space 1536K, 0% used [0x00000000eb180000,0x00000000eb180000,0x00000000eb300000)
 ParOldGen       total 314368K, used 314024K [0x00000000c0000000, 0x00000000d3300000, 0x00000000eab00000)
  object space 314368K, 99% used [0x00000000c0000000,0x00000000d32aa1e0,0x00000000d3300000)
 Metaspace       used 66999K, committed 68352K, reserved 1114112K
  class space    used 6821K, committed 7424K, reserved 1048576K
}
Event: 39.892 GC heap after
{Heap after GC invocations=379 (full 3):
 PSYoungGen      total 6656K, used 1505K [0x00000000eab00000, 0x00000000eb300000, 0x0000000100000000)
  eden space 5120K, 0% used [0x00000000eab00000,0x00000000eab00000,0x00000000eb000000)
  from space 1536K, 98% used [0x00000000eb180000,0x00000000eb2f8698,0x00000000eb300000)
  to   space 1536K, 0% used [0x00000000eb000000,0x00000000eb000000,0x00000000eb180000)
 ParOldGen       total 315904K, used 315679K [0x00000000c0000000, 0x00000000d3480000, 0x00000000eab00000)
  object space 315904K, 99% used [0x00000000c0000000,0x00000000d3447ff0,0x00000000d3480000)
 Metaspace       used 66999K, committed 68352K, reserved 1114112K
  class space    used 6821K, committed 7424K, reserved 1048576K
}
Event: 39.910 GC heap before
{Heap before GC invocations=380 (full 3):
 PSYoungGen      total 6656K, used 6609K [0x00000000eab00000, 0x00000000eb300000, 0x0000000100000000)
  eden space 5120K, 99% used [0x00000000eab00000,0x00000000eaffc080,0x00000000eb000000)
  from space 1536K, 98% used [0x00000000eb180000,0x00000000eb2f8698,0x00000000eb300000)
  to   space 1536K, 0% used [0x00000000eb000000,0x00000000eb000000,0x00000000eb180000)
 ParOldGen       total 315904K, used 315679K [0x00000000c0000000, 0x00000000d3480000, 0x00000000eab00000)
  object space 315904K, 99% used [0x00000000c0000000,0x00000000d3447ff0,0x00000000d3480000)
 Metaspace       used 67007K, committed 68352K, reserved 1114112K
  class space    used 6822K, committed 7424K, reserved 1048576K
}
Event: 39.913 GC heap after
{Heap after GC invocations=380 (full 3):
 PSYoungGen      total 6656K, used 1528K [0x00000000eab00000, 0x00000000eb800000, 0x0000000100000000)
  eden space 5120K, 0% used [0x00000000eab00000,0x00000000eab00000,0x00000000eb000000)
  from space 1536K, 99% used [0x00000000eb000000,0x00000000eb17e010,0x00000000eb180000)
  to   space 3584K, 0% used [0x00000000eb480000,0x00000000eb480000,0x00000000eb800000)
 ParOldGen       total 317440K, used 317195K [0x00000000c0000000, 0x00000000d3600000, 0x00000000eab00000)
  object space 317440K, 99% used [0x00000000c0000000,0x00000000d35c2f80,0x00000000d3600000)
 Metaspace       used 67007K, committed 68352K, reserved 1114112K
  class space    used 6822K, committed 7424K, reserved 1048576K
}

