# JRE version: OpenJDK Runtime Environment Temurin-21.0.8+9 (21.0.8+9) (build 21.0.8+9-LTS)
# Java VM: OpenJDK 64-Bit Server VM Temurin-21.0.8+9 (21.0.8+9-LTS, mixed mode, sharing, tiered, compressed oops, compressed class ptrs, parallel gc, windows-amd64)
GC Precious Log:
 CardTable entry size: 512
 CPUs: 8 total, 8 available
 Memory: 7886M
 Large Page Support: Disabled
 NUMA Support: Disabled
 Compressed Oops: Enabled (32-bit)
 Alignments: Space 512K, Generation 512K, Heap 2M
 Heap Min Capacity: 100M
 Heap Initial Capacity: 100M
 Heap Max Capacity: 2G
 Pre-touch: Disabled
 Parallel Workers: 8
Heap:
 PSYoungGen      total 10752K, used 3983K [0x00000000d5580000, 0x00000000d6400000, 0x0000000100000000)
  eden space 7168K, 15% used [0x00000000d5580000,0x00000000d569ba28,0x00000000d5c80000)
  from space 3584K, 81% used [0x00000000d5c80000,0x00000000d5f58000,0x00000000d6000000)
  to   space 3072K, 0% used [0x00000000d6100000,0x00000000d6100000,0x00000000d6400000)
 ParOldGen       total 392192K, used 392048K [0x0000000080000000, 0x0000000097f00000, 0x00000000d5580000)
  object space 392192K, 99% used [0x0000000080000000,0x0000000097edc020,0x0000000097f00000)
 Metaspace       used 66109K, committed 67456K, reserved 1114112K
  class space    used 6778K, committed 7360K, reserved 1048576K
GC Heap History (20 events):
Event: 27.802 GC heap after
{Heap after GC invocations=368 (full 3):
 PSYoungGen      total 5120K, used 1440K [0x00000000d5580000, 0x00000000d5c80000, 0x0000000100000000)
  eden space 3584K, 0% used [0x00000000d5580000,0x00000000d5580000,0x00000000d5900000)
  from space 1536K, 93% used [0x00000000d5900000,0x00000000d5a68000,0x00000000d5a80000)
  to   space 1536K, 0% used [0x00000000d5b00000,0x00000000d5b00000,0x00000000d5c80000)
 ParOldGen       total 367616K, used 367121K [0x0000000080000000, 0x0000000096700000, 0x00000000d5580000)
  object space 367616K, 99% used [0x0000000080000000,0x0000000096684450,0x0000000096700000)
 Metaspace       used 65483K, committed 66880K, reserved 1114112K
  class space    used 6737K, committed 7296K, reserved 1048576K
}
Event: 27.811 GC heap before
{Heap before GC invocations=369 (full 3):
 PSYoungGen      total 5120K, used 5024K [0x00000000d5580000, 0x00000000d5c80000, 0x0000000100000000)
  eden space 3584K, 100% used [0x00000000d5580000,0x00000000d5900000,0x00000000d5900000)
  from space 1536K, 93% used [0x00000000d5900000,0x00000000d5a68000,0x00000000d5a80000)
  to   space 1536K, 0% used [0x00000000d5b00000,0x00000000d5b00000,0x00000000d5c80000)
 ParOldGen       total 367616K, used 367121K [0x0000000080000000, 0x0000000096700000, 0x00000000d5580000)
  object space 367616K, 99% used [0x0000000080000000,0x0000000096684450,0x0000000096700000)
 Metaspace       used 65484K, committed 66880K, reserved 1114112K
  class space    used 6737K, committed 7296K, reserved 1048576K
}
Event: 27.813 GC heap after
{Heap after GC invocations=369 (full 3):
 PSYoungGen      total 5632K, used 1232K [0x00000000d5580000, 0x00000000d5d00000, 0x0000000100000000)
  eden space 4096K, 0% used [0x00000000d5580000,0x00000000d5580000,0x00000000d5980000)
  from space 1536K, 80% used [0x00000000d5b00000,0x00000000d5c34010,0x00000000d5c80000)
  to   space 1536K, 0% used [0x00000000d5980000,0x00000000d5980000,0x00000000d5b00000)
 ParOldGen       total 368640K, used 368439K [0x0000000080000000, 0x0000000096800000, 0x00000000d5580000)
  object space 368640K, 99% used [0x0000000080000000,0x00000000967cdde8,0x0000000096800000)
 Metaspace       used 65484K, committed 66880K, reserved 1114112K
  class space    used 6737K, committed 7296K, reserved 1048576K
}
Event: 27.821 GC heap before
{Heap before GC invocations=370 (full 3):
 PSYoungGen      total 5632K, used 5328K [0x00000000d5580000, 0x00000000d5d00000, 0x0000000100000000)
  eden space 4096K, 99% used [0x00000000d5580000,0x00000000d597fff8,0x00000000d5980000)
  from space 1536K, 80% used [0x00000000d5b00000,0x00000000d5c34010,0x00000000d5c80000)
  to   space 1536K, 0% used [0x00000000d5980000,0x00000000d5980000,0x00000000d5b00000)
 ParOldGen       total 368640K, used 368439K [0x0000000080000000, 0x0000000096800000, 0x00000000d5580000)
  object space 368640K, 99% used [0x0000000080000000,0x00000000967cdde8,0x0000000096800000)
 Metaspace       used 65484K, committed 66880K, reserved 1114112K
  class space    used 6737K, committed 7296K, reserved 1048576K
}
Event: 27.823 GC heap after
{Heap after GC invocations=370 (full 3):
 PSYoungGen      total 5632K, used 1536K [0x00000000d5580000, 0x00000000d6080000, 0x0000000100000000)
  eden space 4096K, 0% used [0x00000000d5580000,0x00000000d5580000,0x00000000d5980000)
  from space 1536K, 100% used [0x00000000d5980000,0x00000000d5b00000,0x00000000d5b00000)
  to   space 3072K, 0% used [0x00000000d5d80000,0x00000000d5d80000,0x00000000d6080000)
 ParOldGen       total 369664K, used 369533K [0x0000000080000000, 0x0000000096900000, 0x00000000d5580000)
  object space 369664K, 99% used [0x0000000080000000,0x00000000968df698,0x0000000096900000)
 Metaspace       used 65484K, committed 66880K, reserved 1114112K
  class space    used 6737K, committed 7296K, reserved 1048576K
}
Event: 27.833 GC heap before
{Heap before GC invocations=371 (full 3):
 PSYoungGen      total 5632K, used 5632K [0x00000000d5580000, 0x00000000d6080000, 0x0000000100000000)
  eden space 4096K, 100% used [0x00000000d5580000,0x00000000d5980000,0x00000000d5980000)
  from space 1536K, 100% used [0x00000000d5980000,0x00000000d5b00000,0x00000000d5b00000)
  to   space 3072K, 0% used [0x00000000d5d80000,0x00000000d5d80000,0x00000000d6080000)
 ParOldGen       total 369664K, used 369533K [0x0000000080000000, 0x0000000096900000, 0x00000000d5580000)
  object space 369664K, 99% used [0x0000000080000000,0x00000000968df698,0x0000000096900000)
 Metaspace       used 65503K, committed 66880K, reserved 1114112K
  class space    used 6737K, committed 7296K, reserved 1048576K
}
Event: 27.835 GC heap after
{Heap after GC invocations=371 (full 3):
 PSYoungGen      total 7168K, used 1920K [0x00000000d5580000, 0x00000000d5f80000, 0x0000000100000000)
  eden space 5120K, 0% used [0x00000000d5580000,0x00000000d5580000,0x00000000d5a80000)
  from space 2048K, 93% used [0x00000000d5d80000,0x00000000d5f60000,0x00000000d5f80000)
  to   space 2560K, 0% used [0x00000000d5a80000,0x00000000d5a80000,0x00000000d5d00000)
 ParOldGen       total 371200K, used 371013K [0x0000000080000000, 0x0000000096a80000, 0x00000000d5580000)
  object space 371200K, 99% used [0x0000000080000000,0x0000000096a516a8,0x0000000096a80000)
 Metaspace       used 65503K, committed 66880K, reserved 1114112K
  class space    used 6737K, committed 7296K, reserved 1048576K
}
Event: 27.846 GC heap before
{Heap before GC invocations=372 (full 3):
 PSYoungGen      total 7168K, used 7040K [0x00000000d5580000, 0x00000000d5f80000, 0x0000000100000000)
  eden space 5120K, 100% used [0x00000000d5580000,0x00000000d5a80000,0x00000000d5a80000)
  from space 2048K, 93% used [0x00000000d5d80000,0x00000000d5f60000,0x00000000d5f80000)
  to   space 2560K, 0% used [0x00000000d5a80000,0x00000000d5a80000,0x00000000d5d00000)
 ParOldGen       total 371200K, used 371013K [0x0000000080000000, 0x0000000096a80000, 0x00000000d5580000)
  object space 371200K, 99% used [0x0000000080000000,0x0000000096a516a8,0x0000000096a80000)
 Metaspace       used 65536K, committed 66944K, reserved 1114112K
  class space    used 6738K, committed 7296K, reserved 1048576K
}
Event: 27.849 GC heap after
{Heap after GC invocations=372 (full 3):
 PSYoungGen      total 7680K, used 1802K [0x00000000d5580000, 0x00000000d5f80000, 0x0000000100000000)
  eden space 5120K, 0% used [0x00000000d5580000,0x00000000d5580000,0x00000000d5a80000)
  from space 2560K, 70% used [0x00000000d5a80000,0x00000000d5c428e0,0x00000000d5d00000)
  to   space 2048K, 0% used [0x00000000d5d80000,0x00000000d5d80000,0x00000000d5f80000)
 ParOldGen       total 373248K, used 372861K [0x0000000080000000, 0x0000000096c80000, 0x00000000d5580000)
  object space 373248K, 99% used [0x0000000080000000,0x0000000096c1f6a8,0x0000000096c80000)
 Metaspace       used 65536K, committed 66944K, reserved 1114112K
  class space    used 6738K, committed 7296K, reserved 1048576K
}
Event: 27.859 GC heap before
{Heap before GC invocations=373 (full 3):
 PSYoungGen      total 7680K, used 6922K [0x00000000d5580000, 0x00000000d5f80000, 0x0000000100000000)
  eden space 5120K, 100% used [0x00000000d5580000,0x00000000d5a80000,0x00000000d5a80000)
  from space 2560K, 70% used [0x00000000d5a80000,0x00000000d5c428e0,0x00000000d5d00000)
  to   space 2048K, 0% used [0x00000000d5d80000,0x00000000d5d80000,0x00000000d5f80000)
 ParOldGen       total 373248K, used 372861K [0x0000000080000000, 0x0000000096c80000, 0x00000000d5580000)
  object space 373248K, 99% used [0x0000000080000000,0x0000000096c1f6a8,0x0000000096c80000)
 Metaspace       used 65626K, committed 67072K, reserved 1114112K
  class space    used 6743K, committed 7360K, reserved 1048576K
}
Event: 27.862 GC heap after
{Heap after GC invocations=373 (full 3):
 PSYoungGen      total 8192K, used 1856K [0x00000000d5580000, 0x00000000d5f80000, 0x0000000100000000)
  eden space 6144K, 0% used [0x00000000d5580000,0x00000000d5580000,0x00000000d5b80000)
  from space 2048K, 90% used [0x00000000d5d80000,0x00000000d5f50000,0x00000000d5f80000)
  to   space 2048K, 0% used [0x00000000d5b80000,0x00000000d5b80000,0x00000000d5d80000)
 ParOldGen       total 374784K, used 374533K [0x0000000080000000, 0x0000000096e00000, 0x00000000d5580000)
  object space 374784K, 99% used [0x0000000080000000,0x0000000096dc16a8,0x0000000096e00000)
 Metaspace       used 65626K, committed 67072K, reserved 1114112K
  class space    used 6743K, committed 7360K, reserved 1048576K
}
Event: 27.871 GC heap before
{Heap before GC invocations=374 (full 3):
 PSYoungGen      total 8192K, used 8000K [0x00000000d5580000, 0x00000000d5f80000, 0x0000000100000000)
  eden space 6144K, 100% used [0x00000000d5580000,0x00000000d5b80000,0x00000000d5b80000)
  from space 2048K, 90% used [0x00000000d5d80000,0x00000000d5f50000,0x00000000d5f80000)
  to   space 2048K, 0% used [0x00000000d5b80000,0x00000000d5b80000,0x00000000d5d80000)
 ParOldGen       total 374784K, used 374533K [0x0000000080000000, 0x0000000096e00000, 0x00000000d5580000)
  object space 374784K, 99% used [0x0000000080000000,0x0000000096dc16a8,0x0000000096e00000)
 Metaspace       used 65673K, committed 67072K, reserved 1114112K
  class space    used 6746K, committed 7360K, reserved 1048576K
}
Event: 27.874 GC heap after
{Heap after GC invocations=374 (full 3):
 PSYoungGen      total 8192K, used 2032K [0x00000000d5580000, 0x00000000d6600000, 0x0000000100000000)
  eden space 6144K, 0% used [0x00000000d5580000,0x00000000d5580000,0x00000000d5b80000)
  from space 2048K, 99% used [0x00000000d5b80000,0x00000000d5d7c030,0x00000000d5d80000)
  to   space 4608K, 0% used [0x00000000d6180000,0x00000000d6180000,0x00000000d6600000)
 ParOldGen       total 376832K, used 376621K [0x0000000080000000, 0x0000000097000000, 0x00000000d5580000)
  object space 376832K, 99% used [0x0000000080000000,0x0000000096fcb6a8,0x0000000097000000)
 Metaspace       used 65673K, committed 67072K, reserved 1114112K
  class space    used 6746K, committed 7360K, reserved 1048576K
}
Event: 27.885 GC heap before
{Heap before GC invocations=375 (full 3):
 PSYoungGen      total 8192K, used 8176K [0x00000000d5580000, 0x00000000d6600000, 0x0000000100000000)
  eden space 6144K, 100% used [0x00000000d5580000,0x00000000d5b80000,0x00000000d5b80000)
  from space 2048K, 99% used [0x00000000d5b80000,0x00000000d5d7c030,0x00000000d5d80000)
  to   space 4608K, 0% used [0x00000000d6180000,0x00000000d6180000,0x00000000d6600000)
 ParOldGen       total 376832K, used 376621K [0x0000000080000000, 0x0000000097000000, 0x00000000d5580000)
  object space 376832K, 99% used [0x0000000080000000,0x0000000096fcb6a8,0x0000000097000000)
 Metaspace       used 65682K, committed 67072K, reserved 1114112K
  class space    used 6746K, committed 7360K, reserved 1048576K
}
Event: 27.888 GC heap after
{Heap after GC invocations=375 (full 3):
 PSYoungGen      total 10752K, used 2656K [0x00000000d5580000, 0x00000000d6480000, 0x0000000100000000)
  eden space 7680K, 0% used [0x00000000d5580000,0x00000000d5580000,0x00000000d5d00000)
  from space 3072K, 86% used [0x00000000d6180000,0x00000000d6418000,0x00000000d6480000)
  to   space 3584K, 0% used [0x00000000d5d80000,0x00000000d5d80000,0x00000000d6100000)
 ParOldGen       total 378880K, used 378658K [0x0000000080000000, 0x0000000097200000, 0x00000000d5580000)
  object space 378880K, 99% used [0x0000000080000000,0x00000000971c8b58,0x0000000097200000)
 Metaspace       used 65682K, committed 67072K, reserved 1114112K
  class space    used 6746K, committed 7360K, reserved 1048576K
}
Event: 27.901 GC heap before
{Heap before GC invocations=376 (full 3):
 PSYoungGen      total 10752K, used 10336K [0x00000000d5580000, 0x00000000d6480000, 0x0000000100000000)
  eden space 7680K, 100% used [0x00000000d5580000,0x00000000d5d00000,0x00000000d5d00000)
  from space 3072K, 86% used [0x00000000d6180000,0x00000000d6418000,0x00000000d6480000)
  to   space 3584K, 0% used [0x00000000d5d80000,0x00000000d5d80000,0x00000000d6100000)
 ParOldGen       total 378880K, used 378658K [0x0000000080000000, 0x0000000097200000, 0x00000000d5580000)
  object space 378880K, 99% used [0x0000000080000000,0x00000000971c8b58,0x0000000097200000)
 Metaspace       used 65749K, committed 67136K, reserved 1114112K
  class space    used 6753K, committed 7360K, reserved 1048576K
}
Event: 27.904 GC heap after
{Heap after GC invocations=376 (full 3):
 PSYoungGen      total 11776K, used 2912K [0x00000000d5580000, 0x00000000d6480000, 0x0000000100000000)
  eden space 8192K, 0% used [0x00000000d5580000,0x00000000d5580000,0x00000000d5d80000)
  from space 3584K, 81% used [0x00000000d5d80000,0x00000000d6058000,0x00000000d6100000)
  to   space 3072K, 0% used [0x00000000d6180000,0x00000000d6180000,0x00000000d6480000)
 ParOldGen       total 381440K, used 381213K [0x0000000080000000, 0x0000000097480000, 0x00000000d5580000)
  object space 381440K, 99% used [0x0000000080000000,0x0000000097447768,0x0000000097480000)
 Metaspace       used 65749K, committed 67136K, reserved 1114112K
  class space    used 6753K, committed 7360K, reserved 1048576K
}
Event: 27.918 GC heap before
{Heap before GC invocations=377 (full 3):
 PSYoungGen      total 11776K, used 11104K [0x00000000d5580000, 0x00000000d6480000, 0x0000000100000000)
  eden space 8192K, 100% used [0x00000000d5580000,0x00000000d5d80000,0x00000000d5d80000)
  from space 3584K, 81% used [0x00000000d5d80000,0x00000000d6058000,0x00000000d6100000)
  to   space 3072K, 0% used [0x00000000d6180000,0x00000000d6180000,0x00000000d6480000)
 ParOldGen       total 381440K, used 381213K [0x0000000080000000, 0x0000000097480000, 0x00000000d5580000)
  object space 381440K, 99% used [0x0000000080000000,0x0000000097447768,0x0000000097480000)
 Metaspace       used 65880K, committed 67264K, reserved 1114112K
  class space    used 6767K, committed 7360K, reserved 1048576K
}
Event: 28.923 GC heap after
{Heap after GC invocations=377 (full 3):
 PSYoungGen      total 8704K, used 3072K [0x00000000d5580000, 0x00000000d6c80000, 0x0000000100000000)
  eden space 5632K, 0% used [0x00000000d5580000,0x00000000d5580000,0x00000000d5b00000)
  from space 3072K, 100% used [0x00000000d6180000,0x00000000d6480000,0x00000000d6480000)
  to   space 6656K, 0% used [0x00000000d5b00000,0x00000000d5b00000,0x00000000d6180000)
 ParOldGen       total 384512K, used 384117K [0x0000000080000000, 0x0000000097780000, 0x00000000d5580000)
  object space 384512K, 99% used [0x0000000080000000,0x000000009771d768,0x0000000097780000)
 Metaspace       used 65880K, committed 67264K, reserved 1114112K
  class space    used 6767K, committed 7360K, reserved 1048576K
}
Event: 28.933 GC heap before
{Heap before GC invocations=378 (full 3):
 PSYoungGen      total 8704K, used 8704K [0x00000000d5580000, 0x00000000d6c80000, 0x0000000100000000)
  eden space 5632K, 100% used [0x00000000d5580000,0x00000000d5b00000,0x00000000d5b00000)
  from space 3072K, 100% used [0x00000000d6180000,0x00000000d6480000,0x00000000d6480000)
  to   space 6656K, 0% used [0x00000000d5b00000,0x00000000d5b00000,0x00000000d6180000)
 ParOldGen       total 384512K, used 384117K [0x0000000080000000, 0x0000000097780000, 0x00000000d5580000)
  object space 384512K, 99% used [0x0000000080000000,0x000000009771d768,0x0000000097780000)
 Metaspace       used 65922K, committed 67328K, reserved 1114112K
  class space    used 6771K, committed 7360K, reserved 1048576K
}

