# JRE version: OpenJDK Runtime Environment Temurin-17.0.11+9 (17.0.11+9) (build 17.0.11+9)
# Java VM: OpenJDK 64-Bit Server VM Temurin-17.0.11+9 (17.0.11+9, mixed mode, tiered, compressed oops, compressed class ptrs, parallel gc, windows-amd64)
GC Precious Log:
 CPUs: 8 total, 8 available
 Memory: 7886M
 Large Page Support: Disabled
 NUMA Support: Disabled
 Compressed Oops: Enabled (32-bit)
 Alignments: Space 512K, Generation 512K, Heap 2M
 Heap Min Capacity: 100M
 Heap Initial Capacity: 100M
 Heap Max Capacity: 1G
 Pre-touch: Disabled
 Parallel Workers: 8
Heap:
 PSYoungGen      total 18432K, used 6717K [0x00000000eab00000, 0x00000000ebf80000, 0x0000000100000000)
  eden space 16384K, 31% used [0x00000000eab00000,0x00000000eb012060,0x00000000ebb00000)
  from space 2048K, 74% used [0x00000000ebb80000,0x00000000ebcfd5e8,0x00000000ebd80000)
  to   space 2048K, 0% used [0x00000000ebd80000,0x00000000ebd80000,0x00000000ebf80000)
 ParOldGen       total 68608K, used 36748K [0x00000000c0000000, 0x00000000c4300000, 0x00000000eab00000)
  object space 68608K, 53% used [0x00000000c0000000,0x00000000c23e3050,0x00000000c4300000)
 Metaspace       used 64080K, committed 65216K, reserved 1114112K
  class space    used 6769K, committed 7232K, reserved 1048576K
GC Heap History (20 events):
Event: 28.382 GC heap before
{Heap before GC invocations=27 (full 2):
 PSYoungGen      total 19456K, used 19446K [0x00000000eab00000, 0x00000000ecd00000, 0x0000000100000000)
  eden space 16384K, 100% used [0x00000000eab00000,0x00000000ebb00000,0x00000000ebb00000)
  from space 3072K, 99% used [0x00000000ec200000,0x00000000ec4fda20,0x00000000ec500000)
  to   space 7168K, 0% used [0x00000000ebb00000,0x00000000ebb00000,0x00000000ec200000)
 ParOldGen       total 68608K, used 34150K [0x00000000c0000000, 0x00000000c4300000, 0x00000000eab00000)
  object space 68608K, 49% used [0x00000000c0000000,0x00000000c2159850,0x00000000c4300000)
 Metaspace       used 55231K, committed 56192K, reserved 1114112K
  class space    used 5967K, committed 6336K, reserved 1048576K
}
Event: 28.389 GC heap after
{Heap after GC invocations=27 (full 2):
 PSYoungGen      total 17408K, used 632K [0x00000000eab00000, 0x00000000ec280000, 0x0000000100000000)
  eden space 16384K, 0% used [0x00000000eab00000,0x00000000eab00000,0x00000000ebb00000)
  from space 1024K, 61% used [0x00000000ebb00000,0x00000000ebb9e1e8,0x00000000ebc00000)
  to   space 3072K, 0% used [0x00000000ebf80000,0x00000000ebf80000,0x00000000ec280000)
 ParOldGen       total 68608K, used 37042K [0x00000000c0000000, 0x00000000c4300000, 0x00000000eab00000)
  object space 68608K, 53% used [0x00000000c0000000,0x00000000c242c850,0x00000000c4300000)
 Metaspace       used 55231K, committed 56192K, reserved 1114112K
  class space    used 5967K, committed 6336K, reserved 1048576K
}
Event: 28.913 GC heap before
{Heap before GC invocations=28 (full 2):
 PSYoungGen      total 17408K, used 17016K [0x00000000eab00000, 0x00000000ec280000, 0x0000000100000000)
  eden space 16384K, 100% used [0x00000000eab00000,0x00000000ebb00000,0x00000000ebb00000)
  from space 1024K, 61% used [0x00000000ebb00000,0x00000000ebb9e1e8,0x00000000ebc00000)
  to   space 3072K, 0% used [0x00000000ebf80000,0x00000000ebf80000,0x00000000ec280000)
 ParOldGen       total 68608K, used 37042K [0x00000000c0000000, 0x00000000c4300000, 0x00000000eab00000)
  object space 68608K, 53% used [0x00000000c0000000,0x00000000c242c850,0x00000000c4300000)
 Metaspace       used 56065K, committed 57088K, reserved 1114112K
  class space    used 6051K, committed 6464K, reserved 1048576K
}
Event: 28.915 GC heap after
{Heap after GC invocations=28 (full 2):
 PSYoungGen      total 16896K, used 340K [0x00000000eab00000, 0x00000000ec000000, 0x0000000100000000)
  eden space 16384K, 0% used [0x00000000eab00000,0x00000000eab00000,0x00000000ebb00000)
  from space 512K, 66% used [0x00000000ebf80000,0x00000000ebfd5330,0x00000000ec000000)
  to   space 1024K, 0% used [0x00000000ebe00000,0x00000000ebe00000,0x00000000ebf00000)
 ParOldGen       total 68608K, used 37606K [0x00000000c0000000, 0x00000000c4300000, 0x00000000eab00000)
  object space 68608K, 54% used [0x00000000c0000000,0x00000000c24b99d8,0x00000000c4300000)
 Metaspace       used 56065K, committed 57088K, reserved 1114112K
  class space    used 6051K, committed 6464K, reserved 1048576K
}
Event: 29.261 GC heap before
{Heap before GC invocations=29 (full 2):
 PSYoungGen      total 16896K, used 16724K [0x00000000eab00000, 0x00000000ec000000, 0x0000000100000000)
  eden space 16384K, 100% used [0x00000000eab00000,0x00000000ebb00000,0x00000000ebb00000)
  from space 512K, 66% used [0x00000000ebf80000,0x00000000ebfd5330,0x00000000ec000000)
  to   space 1024K, 0% used [0x00000000ebe00000,0x00000000ebe00000,0x00000000ebf00000)
 ParOldGen       total 68608K, used 37606K [0x00000000c0000000, 0x00000000c4300000, 0x00000000eab00000)
  object space 68608K, 54% used [0x00000000c0000000,0x00000000c24b99d8,0x00000000c4300000)
 Metaspace       used 57228K, committed 58304K, reserved 1114112K
  class space    used 6126K, committed 6592K, reserved 1048576K
}
Event: 29.264 GC heap after
{Heap after GC invocations=29 (full 2):
 PSYoungGen      total 17408K, used 1011K [0x00000000eab00000, 0x00000000ec000000, 0x0000000100000000)
  eden space 16384K, 0% used [0x00000000eab00000,0x00000000eab00000,0x00000000ebb00000)
  from space 1024K, 98% used [0x00000000ebe00000,0x00000000ebefcfd0,0x00000000ebf00000)
  to   space 1024K, 0% used [0x00000000ebf00000,0x00000000ebf00000,0x00000000ec000000)
 ParOldGen       total 68608K, used 38419K [0x00000000c0000000, 0x00000000c4300000, 0x00000000eab00000)
  object space 68608K, 55% used [0x00000000c0000000,0x00000000c2584c68,0x00000000c4300000)
 Metaspace       used 57228K, committed 58304K, reserved 1114112K
  class space    used 6126K, committed 6592K, reserved 1048576K
}
Event: 29.385 GC heap before
{Heap before GC invocations=30 (full 2):
 PSYoungGen      total 17408K, used 17395K [0x00000000eab00000, 0x00000000ec000000, 0x0000000100000000)
  eden space 16384K, 100% used [0x00000000eab00000,0x00000000ebb00000,0x00000000ebb00000)
  from space 1024K, 98% used [0x00000000ebe00000,0x00000000ebefcfd0,0x00000000ebf00000)
  to   space 1024K, 0% used [0x00000000ebf00000,0x00000000ebf00000,0x00000000ec000000)
 ParOldGen       total 68608K, used 38419K [0x00000000c0000000, 0x00000000c4300000, 0x00000000eab00000)
  object space 68608K, 55% used [0x00000000c0000000,0x00000000c2584c68,0x00000000c4300000)
 Metaspace       used 57245K, committed 58304K, reserved 1114112K
  class space    used 6126K, committed 6592K, reserved 1048576K
}
Event: 29.386 GC heap after
{Heap after GC invocations=30 (full 2):
 PSYoungGen      total 17408K, used 602K [0x00000000eab00000, 0x00000000ec000000, 0x0000000100000000)
  eden space 16384K, 0% used [0x00000000eab00000,0x00000000eab00000,0x00000000ebb00000)
  from space 1024K, 58% used [0x00000000ebf00000,0x00000000ebf96a88,0x00000000ec000000)
  to   space 1536K, 0% used [0x00000000ebd00000,0x00000000ebd00000,0x00000000ebe80000)
 ParOldGen       total 68608K, used 39606K [0x00000000c0000000, 0x00000000c4300000, 0x00000000eab00000)
  object space 68608K, 57% used [0x00000000c0000000,0x00000000c26ada60,0x00000000c4300000)
 Metaspace       used 57245K, committed 58304K, reserved 1114112K
  class space    used 6126K, committed 6592K, reserved 1048576K
}
Event: 29.681 GC heap before
{Heap before GC invocations=31 (full 2):
 PSYoungGen      total 17408K, used 16986K [0x00000000eab00000, 0x00000000ec000000, 0x0000000100000000)
  eden space 16384K, 100% used [0x00000000eab00000,0x00000000ebb00000,0x00000000ebb00000)
  from space 1024K, 58% used [0x00000000ebf00000,0x00000000ebf96a88,0x00000000ec000000)
  to   space 1536K, 0% used [0x00000000ebd00000,0x00000000ebd00000,0x00000000ebe80000)
 ParOldGen       total 68608K, used 39606K [0x00000000c0000000, 0x00000000c4300000, 0x00000000eab00000)
  object space 68608K, 57% used [0x00000000c0000000,0x00000000c26ada60,0x00000000c4300000)
 Metaspace       used 58443K, committed 59520K, reserved 1114112K
  class space    used 6235K, committed 6720K, reserved 1048576K
}
Event: 29.683 GC heap after
{Heap after GC invocations=31 (full 2):
 PSYoungGen      total 17920K, used 256K [0x00000000eab00000, 0x00000000ebf80000, 0x0000000100000000)
  eden space 16384K, 0% used [0x00000000eab00000,0x00000000eab00000,0x00000000ebb00000)
  from space 1536K, 16% used [0x00000000ebd00000,0x00000000ebd40000,0x00000000ebe80000)
  to   space 512K, 0% used [0x00000000ebf00000,0x00000000ebf00000,0x00000000ebf80000)
 ParOldGen       total 68608K, used 39614K [0x00000000c0000000, 0x00000000c4300000, 0x00000000eab00000)
  object space 68608K, 57% used [0x00000000c0000000,0x00000000c26afa60,0x00000000c4300000)
 Metaspace       used 58443K, committed 59520K, reserved 1114112K
  class space    used 6235K, committed 6720K, reserved 1048576K
}
Event: 30.532 GC heap before
{Heap before GC invocations=32 (full 2):
 PSYoungGen      total 17920K, used 4160K [0x00000000eab00000, 0x00000000ebf80000, 0x0000000100000000)
  eden space 16384K, 23% used [0x00000000eab00000,0x00000000eaed03e8,0x00000000ebb00000)
  from space 1536K, 16% used [0x00000000ebd00000,0x00000000ebd40000,0x00000000ebe80000)
  to   space 512K, 0% used [0x00000000ebf00000,0x00000000ebf00000,0x00000000ebf80000)
 ParOldGen       total 68608K, used 39614K [0x00000000c0000000, 0x00000000c4300000, 0x00000000eab00000)
  object space 68608K, 57% used [0x00000000c0000000,0x00000000c26afa60,0x00000000c4300000)
 Metaspace       used 58711K, committed 59776K, reserved 1114112K
  class space    used 6256K, committed 6720K, reserved 1048576K
}
Event: 30.534 GC heap after
{Heap after GC invocations=32 (full 2):
 PSYoungGen      total 16896K, used 288K [0x00000000eab00000, 0x00000000ebf80000, 0x0000000100000000)
  eden space 16384K, 0% used [0x00000000eab00000,0x00000000eab00000,0x00000000ebb00000)
  from space 512K, 56% used [0x00000000ebf00000,0x00000000ebf48000,0x00000000ebf80000)
  to   space 512K, 0% used [0x00000000ebe80000,0x00000000ebe80000,0x00000000ebf00000)
 ParOldGen       total 68608K, used 39782K [0x00000000c0000000, 0x00000000c4300000, 0x00000000eab00000)
  object space 68608K, 57% used [0x00000000c0000000,0x00000000c26d9a60,0x00000000c4300000)
 Metaspace       used 58711K, committed 59776K, reserved 1114112K
  class space    used 6256K, committed 6720K, reserved 1048576K
}
Event: 30.534 GC heap before
{Heap before GC invocations=33 (full 3):
 PSYoungGen      total 16896K, used 288K [0x00000000eab00000, 0x00000000ebf80000, 0x0000000100000000)
  eden space 16384K, 0% used [0x00000000eab00000,0x00000000eab00000,0x00000000ebb00000)
  from space 512K, 56% used [0x00000000ebf00000,0x00000000ebf48000,0x00000000ebf80000)
  to   space 512K, 0% used [0x00000000ebe80000,0x00000000ebe80000,0x00000000ebf00000)
 ParOldGen       total 68608K, used 39782K [0x00000000c0000000, 0x00000000c4300000, 0x00000000eab00000)
  object space 68608K, 57% used [0x00000000c0000000,0x00000000c26d9a60,0x00000000c4300000)
 Metaspace       used 58711K, committed 59776K, reserved 1114112K
  class space    used 6256K, committed 6720K, reserved 1048576K
}
Event: 30.675 GC heap after
{Heap after GC invocations=33 (full 3):
 PSYoungGen      total 16896K, used 0K [0x00000000eab00000, 0x00000000ebf80000, 0x0000000100000000)
  eden space 16384K, 0% used [0x00000000eab00000,0x00000000eab00000,0x00000000ebb00000)
  from space 512K, 0% used [0x00000000ebf00000,0x00000000ebf00000,0x00000000ebf80000)
  to   space 512K, 0% used [0x00000000ebe80000,0x00000000ebe80000,0x00000000ebf00000)
 ParOldGen       total 68608K, used 35115K [0x00000000c0000000, 0x00000000c4300000, 0x00000000eab00000)
  object space 68608K, 51% used [0x00000000c0000000,0x00000000c224ae20,0x00000000c4300000)
 Metaspace       used 58711K, committed 59776K, reserved 1114112K
  class space    used 6256K, committed 6720K, reserved 1048576K
}
Event: 31.340 GC heap before
{Heap before GC invocations=34 (full 3):
 PSYoungGen      total 16896K, used 16383K [0x00000000eab00000, 0x00000000ebf80000, 0x0000000100000000)
  eden space 16384K, 99% used [0x00000000eab00000,0x00000000ebaffff0,0x00000000ebb00000)
  from space 512K, 0% used [0x00000000ebf00000,0x00000000ebf00000,0x00000000ebf80000)
  to   space 512K, 0% used [0x00000000ebe80000,0x00000000ebe80000,0x00000000ebf00000)
 ParOldGen       total 68608K, used 35115K [0x00000000c0000000, 0x00000000c4300000, 0x00000000eab00000)
  object space 68608K, 51% used [0x00000000c0000000,0x00000000c224ae20,0x00000000c4300000)
 Metaspace       used 60358K, committed 61504K, reserved 1114112K
  class space    used 6431K, committed 6912K, reserved 1048576K
}
Event: 31.342 GC heap after
{Heap after GC invocations=34 (full 3):
 PSYoungGen      total 16896K, used 471K [0x00000000eab00000, 0x00000000ebf80000, 0x0000000100000000)
  eden space 16384K, 0% used [0x00000000eab00000,0x00000000eab00000,0x00000000ebb00000)
  from space 512K, 92% used [0x00000000ebe80000,0x00000000ebef5fe8,0x00000000ebf00000)
  to   space 512K, 0% used [0x00000000ebf00000,0x00000000ebf00000,0x00000000ebf80000)
 ParOldGen       total 68608K, used 35123K [0x00000000c0000000, 0x00000000c4300000, 0x00000000eab00000)
  object space 68608K, 51% used [0x00000000c0000000,0x00000000c224ce20,0x00000000c4300000)
 Metaspace       used 60358K, committed 61504K, reserved 1114112K
  class space    used 6431K, committed 6912K, reserved 1048576K
}
Event: 31.934 GC heap before
{Heap before GC invocations=35 (full 3):
 PSYoungGen      total 16896K, used 16855K [0x00000000eab00000, 0x00000000ebf80000, 0x0000000100000000)
  eden space 16384K, 100% used [0x00000000eab00000,0x00000000ebb00000,0x00000000ebb00000)
  from space 512K, 92% used [0x00000000ebe80000,0x00000000ebef5fe8,0x00000000ebf00000)
  to   space 512K, 0% used [0x00000000ebf00000,0x00000000ebf00000,0x00000000ebf80000)
 ParOldGen       total 68608K, used 35123K [0x00000000c0000000, 0x00000000c4300000, 0x00000000eab00000)
  object space 68608K, 51% used [0x00000000c0000000,0x00000000c224ce20,0x00000000c4300000)
 Metaspace       used 62504K, committed 63616K, reserved 1114112K
  class space    used 6646K, committed 7104K, reserved 1048576K
}
Event: 31.937 GC heap after
{Heap after GC invocations=35 (full 3):
 PSYoungGen      total 16896K, used 480K [0x00000000eab00000, 0x00000000ebf80000, 0x0000000100000000)
  eden space 16384K, 0% used [0x00000000eab00000,0x00000000eab00000,0x00000000ebb00000)
  from space 512K, 93% used [0x00000000ebf00000,0x00000000ebf780f8,0x00000000ebf80000)
  to   space 2048K, 0% used [0x00000000ebb80000,0x00000000ebb80000,0x00000000ebd80000)
 ParOldGen       total 68608K, used 36269K [0x00000000c0000000, 0x00000000c4300000, 0x00000000eab00000)
  object space 68608K, 52% used [0x00000000c0000000,0x00000000c236b4a8,0x00000000c4300000)
 Metaspace       used 62504K, committed 63616K, reserved 1114112K
  class space    used 6646K, committed 7104K, reserved 1048576K
}
Event: 32.706 GC heap before
{Heap before GC invocations=36 (full 3):
 PSYoungGen      total 16896K, used 16864K [0x00000000eab00000, 0x00000000ebf80000, 0x0000000100000000)
  eden space 16384K, 100% used [0x00000000eab00000,0x00000000ebb00000,0x00000000ebb00000)
  from space 512K, 93% used [0x00000000ebf00000,0x00000000ebf780f8,0x00000000ebf80000)
  to   space 2048K, 0% used [0x00000000ebb80000,0x00000000ebb80000,0x00000000ebd80000)
 ParOldGen       total 68608K, used 36269K [0x00000000c0000000, 0x00000000c4300000, 0x00000000eab00000)
  object space 68608K, 52% used [0x00000000c0000000,0x00000000c236b4a8,0x00000000c4300000)
 Metaspace       used 63987K, committed 65152K, reserved 1114112K
  class space    used 6769K, committed 7232K, reserved 1048576K
}
Event: 32.709 GC heap after
{Heap after GC invocations=36 (full 3):
 PSYoungGen      total 18432K, used 1525K [0x00000000eab00000, 0x00000000ebf80000, 0x0000000100000000)
  eden space 16384K, 0% used [0x00000000eab00000,0x00000000eab00000,0x00000000ebb00000)
  from space 2048K, 74% used [0x00000000ebb80000,0x00000000ebcfd5e8,0x00000000ebd80000)
  to   space 2048K, 0% used [0x00000000ebd80000,0x00000000ebd80000,0x00000000ebf80000)
 ParOldGen       total 68608K, used 36748K [0x00000000c0000000, 0x00000000c4300000, 0x00000000eab00000)
  object space 68608K, 53% used [0x00000000c0000000,0x00000000c23e3050,0x00000000c4300000)
 Metaspace       used 63987K, committed 65152K, reserved 1114112K
  class space    used 6769K, committed 7232K, reserved 1048576K
}

